[2023-03-11T01:06:33.551+0000] {taskinstance.py:1165} INFO - Dependencies all met for <TaskInstance: user_processing.process_user scheduled__2023-03-10T00:00:00+00:00 [queued]>
[2023-03-11T01:06:33.559+0000] {taskinstance.py:1165} INFO - Dependencies all met for <TaskInstance: user_processing.process_user scheduled__2023-03-10T00:00:00+00:00 [queued]>
[2023-03-11T01:06:33.560+0000] {taskinstance.py:1362} INFO - 
--------------------------------------------------------------------------------
[2023-03-11T01:06:33.564+0000] {taskinstance.py:1363} INFO - Starting attempt 1 of 1
[2023-03-11T01:06:33.565+0000] {taskinstance.py:1364} INFO - 
--------------------------------------------------------------------------------
[2023-03-11T01:06:33.576+0000] {taskinstance.py:1383} INFO - Executing <Task(PythonOperator): process_user> on 2023-03-10 00:00:00+00:00
[2023-03-11T01:06:33.581+0000] {standard_task_runner.py:55} INFO - Started process 12871 to run task
[2023-03-11T01:06:33.584+0000] {standard_task_runner.py:82} INFO - Running: ['***', 'tasks', 'run', 'user_processing', 'process_user', 'scheduled__2023-03-10T00:00:00+00:00', '--job-id', '14', '--raw', '--subdir', 'DAGS_FOLDER/user_processing.py', '--cfg-path', '/tmp/tmp_2c0bza8']
[2023-03-11T01:06:33.586+0000] {standard_task_runner.py:83} INFO - Job 14: Subtask process_user
[2023-03-11T01:06:33.644+0000] {task_command.py:376} INFO - Running <TaskInstance: user_processing.process_user scheduled__2023-03-10T00:00:00+00:00 [running]> on host bdc591f9d370
[2023-03-11T01:06:33.698+0000] {taskinstance.py:1592} INFO - Exporting the following env vars:
AIRFLOW_CTX_DAG_OWNER=***
AIRFLOW_CTX_DAG_ID=user_processing
AIRFLOW_CTX_TASK_ID=process_user
AIRFLOW_CTX_EXECUTION_DATE=2023-03-10T00:00:00+00:00
AIRFLOW_CTX_TRY_NUMBER=1
AIRFLOW_CTX_DAG_RUN_ID=scheduled__2023-03-10T00:00:00+00:00
[2023-03-11T01:06:33.714+0000] {python.py:177} INFO - Done. Returned value was: None
[2023-03-11T01:06:33.722+0000] {taskinstance.py:1406} INFO - Marking task as SUCCESS. dag_id=user_processing, task_id=process_user, execution_date=20230310T000000, start_date=20230311T010633, end_date=20230311T010633
[2023-03-11T01:06:33.757+0000] {local_task_job.py:164} INFO - Task exited with return code 0
[2023-03-11T01:06:33.777+0000] {local_task_job.py:273} INFO - 1 downstream tasks scheduled from follow-on schedule check
