[2023-03-11T04:46:45.149+0000] {taskinstance.py:1165} INFO - Dependencies all met for <TaskInstance: parallel_dag.transform manual__2023-03-11T04:46:22.189256+00:00 [queued]>
[2023-03-11T04:46:45.158+0000] {taskinstance.py:1165} INFO - Dependencies all met for <TaskInstance: parallel_dag.transform manual__2023-03-11T04:46:22.189256+00:00 [queued]>
[2023-03-11T04:46:45.158+0000] {taskinstance.py:1362} INFO - 
--------------------------------------------------------------------------------
[2023-03-11T04:46:45.159+0000] {taskinstance.py:1363} INFO - Starting attempt 1 of 1
[2023-03-11T04:46:45.159+0000] {taskinstance.py:1364} INFO - 
--------------------------------------------------------------------------------
[2023-03-11T04:46:45.171+0000] {taskinstance.py:1383} INFO - Executing <Task(BashOperator): transform> on 2023-03-11 04:46:22.189256+00:00
[2023-03-11T04:46:45.176+0000] {standard_task_runner.py:55} INFO - Started process 165 to run task
[2023-03-11T04:46:45.179+0000] {standard_task_runner.py:82} INFO - Running: ['***', 'tasks', 'run', 'parallel_dag', 'transform', 'manual__2023-03-11T04:46:22.189256+00:00', '--job-id', '50', '--raw', '--subdir', 'DAGS_FOLDER/parallel_dag.py', '--cfg-path', '/tmp/tmp9mzb5pcy']
[2023-03-11T04:46:45.179+0000] {standard_task_runner.py:83} INFO - Job 50: Subtask transform
[2023-03-11T04:46:45.228+0000] {task_command.py:376} INFO - Running <TaskInstance: parallel_dag.transform manual__2023-03-11T04:46:22.189256+00:00 [running]> on host 6b1274994c71
[2023-03-11T04:46:45.281+0000] {taskinstance.py:1592} INFO - Exporting the following env vars:
AIRFLOW_CTX_DAG_OWNER=***
AIRFLOW_CTX_DAG_ID=parallel_dag
AIRFLOW_CTX_TASK_ID=transform
AIRFLOW_CTX_EXECUTION_DATE=2023-03-11T04:46:22.189256+00:00
AIRFLOW_CTX_TRY_NUMBER=1
AIRFLOW_CTX_DAG_RUN_ID=manual__2023-03-11T04:46:22.189256+00:00
[2023-03-11T04:46:45.282+0000] {subprocess.py:63} INFO - Tmp dir root location: 
 /tmp
[2023-03-11T04:46:45.282+0000] {subprocess.py:75} INFO - Running command: ['/bin/bash', '-c', 'sleep 10']
[2023-03-11T04:46:45.291+0000] {subprocess.py:86} INFO - Output:
[2023-03-11T04:46:55.293+0000] {subprocess.py:97} INFO - Command exited with return code 0
[2023-03-11T04:46:55.315+0000] {taskinstance.py:1406} INFO - Marking task as SUCCESS. dag_id=parallel_dag, task_id=transform, execution_date=20230311T044622, start_date=20230311T044645, end_date=20230311T044655
[2023-03-11T04:46:55.339+0000] {local_task_job.py:164} INFO - Task exited with return code 0
[2023-03-11T04:46:55.355+0000] {local_task_job.py:273} INFO - 0 downstream tasks scheduled from follow-on schedule check
