[2023-03-10T16:34:28.293+0000] {taskinstance.py:1165} INFO - Dependencies all met for <TaskInstance: example_bash_operator.runme_0 scheduled__2023-03-09T00:00:00+00:00 [queued]>
[2023-03-10T16:34:28.304+0000] {taskinstance.py:1165} INFO - Dependencies all met for <TaskInstance: example_bash_operator.runme_0 scheduled__2023-03-09T00:00:00+00:00 [queued]>
[2023-03-10T16:34:28.305+0000] {taskinstance.py:1362} INFO - 
--------------------------------------------------------------------------------
[2023-03-10T16:34:28.306+0000] {taskinstance.py:1363} INFO - Starting attempt 1 of 1
[2023-03-10T16:34:28.306+0000] {taskinstance.py:1364} INFO - 
--------------------------------------------------------------------------------
[2023-03-10T16:34:28.325+0000] {taskinstance.py:1383} INFO - Executing <Task(BashOperator): runme_0> on 2023-03-09 00:00:00+00:00
[2023-03-10T16:34:28.331+0000] {standard_task_runner.py:55} INFO - Started process 628 to run task
[2023-03-10T16:34:28.335+0000] {standard_task_runner.py:82} INFO - Running: ['***', 'tasks', 'run', 'example_bash_operator', 'runme_0', 'scheduled__2023-03-09T00:00:00+00:00', '--job-id', '7', '--raw', '--subdir', '/home/***/.local/lib/python3.7/site-packages/***/example_dags/example_bash_operator.py', '--cfg-path', '/tmp/tmpyiltdsj6']
[2023-03-10T16:34:28.336+0000] {standard_task_runner.py:83} INFO - Job 7: Subtask runme_0
[2023-03-10T16:34:28.408+0000] {task_command.py:376} INFO - Running <TaskInstance: example_bash_operator.runme_0 scheduled__2023-03-09T00:00:00+00:00 [running]> on host bdc591f9d370
[2023-03-10T16:34:28.481+0000] {taskinstance.py:1592} INFO - Exporting the following env vars:
AIRFLOW_CTX_DAG_OWNER=***
AIRFLOW_CTX_DAG_ID=example_bash_operator
AIRFLOW_CTX_TASK_ID=runme_0
AIRFLOW_CTX_EXECUTION_DATE=2023-03-09T00:00:00+00:00
AIRFLOW_CTX_TRY_NUMBER=1
AIRFLOW_CTX_DAG_RUN_ID=scheduled__2023-03-09T00:00:00+00:00
[2023-03-10T16:34:28.482+0000] {subprocess.py:63} INFO - Tmp dir root location: 
 /tmp
[2023-03-10T16:34:28.483+0000] {subprocess.py:75} INFO - Running command: ['/bin/bash', '-c', 'echo "example_bash_operator__runme_0__20230309" && sleep 1']
[2023-03-10T16:34:28.493+0000] {subprocess.py:86} INFO - Output:
[2023-03-10T16:34:28.494+0000] {subprocess.py:93} INFO - example_bash_operator__runme_0__20230309
[2023-03-10T16:34:29.496+0000] {subprocess.py:97} INFO - Command exited with return code 0
[2023-03-10T16:34:29.517+0000] {taskinstance.py:1406} INFO - Marking task as SUCCESS. dag_id=example_bash_operator, task_id=runme_0, execution_date=20230309T000000, start_date=20230310T163428, end_date=20230310T163429
[2023-03-10T16:34:29.551+0000] {local_task_job.py:164} INFO - Task exited with return code 0
[2023-03-10T16:34:29.571+0000] {local_task_job.py:273} INFO - 1 downstream tasks scheduled from follow-on schedule check
