[2023-03-11T01:06:28.567+0000] {taskinstance.py:1165} INFO - Dependencies all met for <TaskInstance: user_processing.create_table scheduled__2023-03-10T00:00:00+00:00 [queued]>
[2023-03-11T01:06:28.576+0000] {taskinstance.py:1165} INFO - Dependencies all met for <TaskInstance: user_processing.create_table scheduled__2023-03-10T00:00:00+00:00 [queued]>
[2023-03-11T01:06:28.576+0000] {taskinstance.py:1362} INFO - 
--------------------------------------------------------------------------------
[2023-03-11T01:06:28.581+0000] {taskinstance.py:1363} INFO - Starting attempt 1 of 1
[2023-03-11T01:06:28.581+0000] {taskinstance.py:1364} INFO - 
--------------------------------------------------------------------------------
[2023-03-11T01:06:28.594+0000] {taskinstance.py:1383} INFO - Executing <Task(PostgresOperator): create_table> on 2023-03-10 00:00:00+00:00
[2023-03-11T01:06:28.600+0000] {standard_task_runner.py:55} INFO - Started process 12852 to run task
[2023-03-11T01:06:28.603+0000] {standard_task_runner.py:82} INFO - Running: ['***', 'tasks', 'run', 'user_processing', 'create_table', 'scheduled__2023-03-10T00:00:00+00:00', '--job-id', '11', '--raw', '--subdir', 'DAGS_FOLDER/user_processing.py', '--cfg-path', '/tmp/tmp21ko0uwj']
[2023-03-11T01:06:28.605+0000] {standard_task_runner.py:83} INFO - Job 11: Subtask create_table
[2023-03-11T01:06:28.656+0000] {task_command.py:376} INFO - Running <TaskInstance: user_processing.create_table scheduled__2023-03-10T00:00:00+00:00 [running]> on host bdc591f9d370
[2023-03-11T01:06:28.713+0000] {taskinstance.py:1592} INFO - Exporting the following env vars:
AIRFLOW_CTX_DAG_OWNER=***
AIRFLOW_CTX_DAG_ID=user_processing
AIRFLOW_CTX_TASK_ID=create_table
AIRFLOW_CTX_EXECUTION_DATE=2023-03-10T00:00:00+00:00
AIRFLOW_CTX_TRY_NUMBER=1
AIRFLOW_CTX_DAG_RUN_ID=scheduled__2023-03-10T00:00:00+00:00
[2023-03-11T01:06:28.722+0000] {base.py:71} INFO - Using connection ID 'postgres' for task execution.
[2023-03-11T01:06:28.726+0000] {sql.py:315} INFO - Running statement: 
            CREATE TABLE IF NOT EXISTS users (
                firstname TEXT NOT NULL,
                lastname TEXT NOT NULL,
                country TEXT NOT NULL,
                username TEXT NOT NULL,
                password TEXT NOT NULL,
                email TEXT NOT NULL
            );
        , parameters: None
[2023-03-11T01:06:28.727+0000] {postgres.py:96} INFO - NOTICE:  relation "users" already exists, skipping

[2023-03-11T01:06:28.734+0000] {taskinstance.py:1406} INFO - Marking task as SUCCESS. dag_id=user_processing, task_id=create_table, execution_date=20230310T000000, start_date=20230311T010628, end_date=20230311T010628
[2023-03-11T01:06:28.776+0000] {local_task_job.py:164} INFO - Task exited with return code 0
[2023-03-11T01:06:28.800+0000] {local_task_job.py:273} INFO - 1 downstream tasks scheduled from follow-on schedule check
