[2023-03-12T01:06:15.116+0000] {processor.py:154} INFO - Started process (PID=7114) to work on /opt/airflow/dags/consumer.py
[2023-03-12T01:06:15.117+0000] {processor.py:756} INFO - Processing file /opt/airflow/dags/consumer.py for tasks to queue
[2023-03-12T01:06:15.119+0000] {logging_mixin.py:120} INFO - [2023-03-12T01:06:15.118+0000] {dagbag.py:537} INFO - Filling up the DagBag from /opt/airflow/dags/consumer.py
[2023-03-12T01:06:15.151+0000] {processor.py:766} INFO - DAG(s) dict_keys(['consumer']) retrieved from /opt/airflow/dags/consumer.py
[2023-03-12T01:06:15.194+0000] {logging_mixin.py:120} INFO - [2023-03-12T01:06:15.193+0000] {dag.py:2585} INFO - Sync 1 DAGs
[2023-03-12T01:06:15.224+0000] {logging_mixin.py:120} INFO - [2023-03-12T01:06:15.224+0000] {dag.py:3340} INFO - Setting next_dagrun for consumer to None, run_after=None
[2023-03-12T01:06:15.250+0000] {processor.py:176} INFO - Processing /opt/airflow/dags/consumer.py took 0.137 seconds
[2023-03-12T01:06:45.392+0000] {processor.py:154} INFO - Started process (PID=7142) to work on /opt/airflow/dags/consumer.py
[2023-03-12T01:06:45.393+0000] {processor.py:756} INFO - Processing file /opt/airflow/dags/consumer.py for tasks to queue
[2023-03-12T01:06:45.394+0000] {logging_mixin.py:120} INFO - [2023-03-12T01:06:45.394+0000] {dagbag.py:537} INFO - Filling up the DagBag from /opt/airflow/dags/consumer.py
[2023-03-12T01:06:45.417+0000] {processor.py:766} INFO - DAG(s) dict_keys(['consumer']) retrieved from /opt/airflow/dags/consumer.py
[2023-03-12T01:06:45.451+0000] {logging_mixin.py:120} INFO - [2023-03-12T01:06:45.451+0000] {dag.py:2585} INFO - Sync 1 DAGs
[2023-03-12T01:06:45.470+0000] {logging_mixin.py:120} INFO - [2023-03-12T01:06:45.469+0000] {dag.py:3340} INFO - Setting next_dagrun for consumer to None, run_after=None
[2023-03-12T01:06:45.491+0000] {processor.py:176} INFO - Processing /opt/airflow/dags/consumer.py took 0.102 seconds
[2023-03-12T01:07:16.235+0000] {processor.py:154} INFO - Started process (PID=7180) to work on /opt/airflow/dags/consumer.py
[2023-03-12T01:07:16.236+0000] {processor.py:756} INFO - Processing file /opt/airflow/dags/consumer.py for tasks to queue
[2023-03-12T01:07:16.237+0000] {logging_mixin.py:120} INFO - [2023-03-12T01:07:16.237+0000] {dagbag.py:537} INFO - Filling up the DagBag from /opt/airflow/dags/consumer.py
[2023-03-12T01:07:16.264+0000] {processor.py:766} INFO - DAG(s) dict_keys(['consumer']) retrieved from /opt/airflow/dags/consumer.py
[2023-03-12T01:07:16.300+0000] {logging_mixin.py:120} INFO - [2023-03-12T01:07:16.300+0000] {dag.py:2585} INFO - Sync 1 DAGs
[2023-03-12T01:07:16.323+0000] {logging_mixin.py:120} INFO - [2023-03-12T01:07:16.322+0000] {dag.py:3340} INFO - Setting next_dagrun for consumer to None, run_after=None
[2023-03-12T01:07:16.342+0000] {processor.py:176} INFO - Processing /opt/airflow/dags/consumer.py took 0.111 seconds
[2023-03-12T01:07:46.418+0000] {processor.py:154} INFO - Started process (PID=7216) to work on /opt/airflow/dags/consumer.py
[2023-03-12T01:07:46.418+0000] {processor.py:756} INFO - Processing file /opt/airflow/dags/consumer.py for tasks to queue
[2023-03-12T01:07:46.419+0000] {logging_mixin.py:120} INFO - [2023-03-12T01:07:46.419+0000] {dagbag.py:537} INFO - Filling up the DagBag from /opt/airflow/dags/consumer.py
[2023-03-12T01:07:46.445+0000] {processor.py:766} INFO - DAG(s) dict_keys(['consumer']) retrieved from /opt/airflow/dags/consumer.py
[2023-03-12T01:07:46.479+0000] {logging_mixin.py:120} INFO - [2023-03-12T01:07:46.479+0000] {dag.py:2585} INFO - Sync 1 DAGs
[2023-03-12T01:07:46.500+0000] {logging_mixin.py:120} INFO - [2023-03-12T01:07:46.499+0000] {dag.py:3340} INFO - Setting next_dagrun for consumer to None, run_after=None
[2023-03-12T01:07:46.520+0000] {processor.py:176} INFO - Processing /opt/airflow/dags/consumer.py took 0.105 seconds
[2023-03-12T01:08:16.639+0000] {processor.py:154} INFO - Started process (PID=7255) to work on /opt/airflow/dags/consumer.py
[2023-03-12T01:08:16.640+0000] {processor.py:756} INFO - Processing file /opt/airflow/dags/consumer.py for tasks to queue
[2023-03-12T01:08:16.641+0000] {logging_mixin.py:120} INFO - [2023-03-12T01:08:16.641+0000] {dagbag.py:537} INFO - Filling up the DagBag from /opt/airflow/dags/consumer.py
[2023-03-12T01:08:16.664+0000] {processor.py:766} INFO - DAG(s) dict_keys(['consumer']) retrieved from /opt/airflow/dags/consumer.py
[2023-03-12T01:08:16.699+0000] {logging_mixin.py:120} INFO - [2023-03-12T01:08:16.699+0000] {dag.py:2585} INFO - Sync 1 DAGs
[2023-03-12T01:08:16.717+0000] {logging_mixin.py:120} INFO - [2023-03-12T01:08:16.717+0000] {dag.py:3340} INFO - Setting next_dagrun for consumer to None, run_after=None
[2023-03-12T01:08:16.742+0000] {processor.py:176} INFO - Processing /opt/airflow/dags/consumer.py took 0.105 seconds
[2023-03-12T01:08:47.003+0000] {processor.py:154} INFO - Started process (PID=7284) to work on /opt/airflow/dags/consumer.py
[2023-03-12T01:08:47.004+0000] {processor.py:756} INFO - Processing file /opt/airflow/dags/consumer.py for tasks to queue
[2023-03-12T01:08:47.005+0000] {logging_mixin.py:120} INFO - [2023-03-12T01:08:47.005+0000] {dagbag.py:537} INFO - Filling up the DagBag from /opt/airflow/dags/consumer.py
[2023-03-12T01:08:47.029+0000] {processor.py:766} INFO - DAG(s) dict_keys(['consumer']) retrieved from /opt/airflow/dags/consumer.py
[2023-03-12T01:08:47.061+0000] {logging_mixin.py:120} INFO - [2023-03-12T01:08:47.061+0000] {dag.py:2585} INFO - Sync 1 DAGs
[2023-03-12T01:08:47.080+0000] {logging_mixin.py:120} INFO - [2023-03-12T01:08:47.080+0000] {dag.py:3340} INFO - Setting next_dagrun for consumer to None, run_after=None
[2023-03-12T01:08:47.102+0000] {processor.py:176} INFO - Processing /opt/airflow/dags/consumer.py took 0.101 seconds
[2023-03-12T01:09:17.201+0000] {processor.py:154} INFO - Started process (PID=7322) to work on /opt/airflow/dags/consumer.py
[2023-03-12T01:09:17.202+0000] {processor.py:756} INFO - Processing file /opt/airflow/dags/consumer.py for tasks to queue
[2023-03-12T01:09:17.203+0000] {logging_mixin.py:120} INFO - [2023-03-12T01:09:17.203+0000] {dagbag.py:537} INFO - Filling up the DagBag from /opt/airflow/dags/consumer.py
[2023-03-12T01:09:17.227+0000] {processor.py:766} INFO - DAG(s) dict_keys(['consumer']) retrieved from /opt/airflow/dags/consumer.py
[2023-03-12T01:09:17.260+0000] {logging_mixin.py:120} INFO - [2023-03-12T01:09:17.260+0000] {dag.py:2585} INFO - Sync 1 DAGs
[2023-03-12T01:09:17.279+0000] {logging_mixin.py:120} INFO - [2023-03-12T01:09:17.279+0000] {dag.py:3340} INFO - Setting next_dagrun for consumer to None, run_after=None
[2023-03-12T01:09:17.305+0000] {processor.py:176} INFO - Processing /opt/airflow/dags/consumer.py took 0.107 seconds
[2023-03-12T01:09:47.894+0000] {processor.py:154} INFO - Started process (PID=7360) to work on /opt/airflow/dags/consumer.py
[2023-03-12T01:09:47.895+0000] {processor.py:756} INFO - Processing file /opt/airflow/dags/consumer.py for tasks to queue
[2023-03-12T01:09:47.895+0000] {logging_mixin.py:120} INFO - [2023-03-12T01:09:47.895+0000] {dagbag.py:537} INFO - Filling up the DagBag from /opt/airflow/dags/consumer.py
[2023-03-12T01:09:47.922+0000] {processor.py:766} INFO - DAG(s) dict_keys(['consumer']) retrieved from /opt/airflow/dags/consumer.py
[2023-03-12T01:09:47.957+0000] {logging_mixin.py:120} INFO - [2023-03-12T01:09:47.957+0000] {dag.py:2585} INFO - Sync 1 DAGs
[2023-03-12T01:09:47.975+0000] {logging_mixin.py:120} INFO - [2023-03-12T01:09:47.975+0000] {dag.py:3340} INFO - Setting next_dagrun for consumer to None, run_after=None
[2023-03-12T01:09:47.994+0000] {processor.py:176} INFO - Processing /opt/airflow/dags/consumer.py took 0.103 seconds
[2023-03-12T01:10:18.121+0000] {processor.py:154} INFO - Started process (PID=7399) to work on /opt/airflow/dags/consumer.py
[2023-03-12T01:10:18.122+0000] {processor.py:756} INFO - Processing file /opt/airflow/dags/consumer.py for tasks to queue
[2023-03-12T01:10:18.122+0000] {logging_mixin.py:120} INFO - [2023-03-12T01:10:18.122+0000] {dagbag.py:537} INFO - Filling up the DagBag from /opt/airflow/dags/consumer.py
[2023-03-12T01:10:18.146+0000] {processor.py:766} INFO - DAG(s) dict_keys(['consumer']) retrieved from /opt/airflow/dags/consumer.py
[2023-03-12T01:10:18.179+0000] {logging_mixin.py:120} INFO - [2023-03-12T01:10:18.179+0000] {dag.py:2585} INFO - Sync 1 DAGs
[2023-03-12T01:10:18.197+0000] {logging_mixin.py:120} INFO - [2023-03-12T01:10:18.197+0000] {dag.py:3340} INFO - Setting next_dagrun for consumer to None, run_after=None
[2023-03-12T01:10:18.224+0000] {processor.py:176} INFO - Processing /opt/airflow/dags/consumer.py took 0.106 seconds
[2023-03-12T01:10:48.462+0000] {processor.py:154} INFO - Started process (PID=7428) to work on /opt/airflow/dags/consumer.py
[2023-03-12T01:10:48.463+0000] {processor.py:756} INFO - Processing file /opt/airflow/dags/consumer.py for tasks to queue
[2023-03-12T01:10:48.464+0000] {logging_mixin.py:120} INFO - [2023-03-12T01:10:48.464+0000] {dagbag.py:537} INFO - Filling up the DagBag from /opt/airflow/dags/consumer.py
[2023-03-12T01:10:48.489+0000] {processor.py:766} INFO - DAG(s) dict_keys(['consumer']) retrieved from /opt/airflow/dags/consumer.py
[2023-03-12T01:10:48.521+0000] {logging_mixin.py:120} INFO - [2023-03-12T01:10:48.521+0000] {dag.py:2585} INFO - Sync 1 DAGs
[2023-03-12T01:10:48.539+0000] {logging_mixin.py:120} INFO - [2023-03-12T01:10:48.539+0000] {dag.py:3340} INFO - Setting next_dagrun for consumer to None, run_after=None
[2023-03-12T01:10:48.565+0000] {processor.py:176} INFO - Processing /opt/airflow/dags/consumer.py took 0.105 seconds
[2023-03-12T01:11:18.629+0000] {processor.py:154} INFO - Started process (PID=7467) to work on /opt/airflow/dags/consumer.py
[2023-03-12T01:11:18.631+0000] {processor.py:756} INFO - Processing file /opt/airflow/dags/consumer.py for tasks to queue
[2023-03-12T01:11:18.632+0000] {logging_mixin.py:120} INFO - [2023-03-12T01:11:18.632+0000] {dagbag.py:537} INFO - Filling up the DagBag from /opt/airflow/dags/consumer.py
[2023-03-12T01:11:18.653+0000] {processor.py:766} INFO - DAG(s) dict_keys(['consumer']) retrieved from /opt/airflow/dags/consumer.py
[2023-03-12T01:11:18.686+0000] {logging_mixin.py:120} INFO - [2023-03-12T01:11:18.686+0000] {dag.py:2585} INFO - Sync 1 DAGs
[2023-03-12T01:11:18.704+0000] {logging_mixin.py:120} INFO - [2023-03-12T01:11:18.704+0000] {dag.py:3340} INFO - Setting next_dagrun for consumer to None, run_after=None
[2023-03-12T01:11:18.726+0000] {processor.py:176} INFO - Processing /opt/airflow/dags/consumer.py took 0.101 seconds
[2023-03-12T01:11:48.960+0000] {processor.py:154} INFO - Started process (PID=7506) to work on /opt/airflow/dags/consumer.py
[2023-03-12T01:11:48.961+0000] {processor.py:756} INFO - Processing file /opt/airflow/dags/consumer.py for tasks to queue
[2023-03-12T01:11:48.962+0000] {logging_mixin.py:120} INFO - [2023-03-12T01:11:48.962+0000] {dagbag.py:537} INFO - Filling up the DagBag from /opt/airflow/dags/consumer.py
[2023-03-12T01:11:48.985+0000] {processor.py:766} INFO - DAG(s) dict_keys(['consumer']) retrieved from /opt/airflow/dags/consumer.py
[2023-03-12T01:11:49.019+0000] {logging_mixin.py:120} INFO - [2023-03-12T01:11:49.019+0000] {dag.py:2585} INFO - Sync 1 DAGs
[2023-03-12T01:11:49.039+0000] {logging_mixin.py:120} INFO - [2023-03-12T01:11:49.039+0000] {dag.py:3340} INFO - Setting next_dagrun for consumer to None, run_after=None
[2023-03-12T01:11:49.060+0000] {processor.py:176} INFO - Processing /opt/airflow/dags/consumer.py took 0.103 seconds
[2023-03-12T01:12:19.662+0000] {processor.py:154} INFO - Started process (PID=7544) to work on /opt/airflow/dags/consumer.py
[2023-03-12T01:12:19.663+0000] {processor.py:756} INFO - Processing file /opt/airflow/dags/consumer.py for tasks to queue
[2023-03-12T01:12:19.664+0000] {logging_mixin.py:120} INFO - [2023-03-12T01:12:19.664+0000] {dagbag.py:537} INFO - Filling up the DagBag from /opt/airflow/dags/consumer.py
[2023-03-12T01:12:19.694+0000] {processor.py:766} INFO - DAG(s) dict_keys(['consumer']) retrieved from /opt/airflow/dags/consumer.py
[2023-03-12T01:12:19.731+0000] {logging_mixin.py:120} INFO - [2023-03-12T01:12:19.731+0000] {dag.py:2585} INFO - Sync 1 DAGs
[2023-03-12T01:12:19.754+0000] {logging_mixin.py:120} INFO - [2023-03-12T01:12:19.754+0000] {dag.py:3340} INFO - Setting next_dagrun for consumer to None, run_after=None
[2023-03-12T01:12:19.774+0000] {processor.py:176} INFO - Processing /opt/airflow/dags/consumer.py took 0.115 seconds
[2023-03-12T01:12:50.286+0000] {processor.py:154} INFO - Started process (PID=7582) to work on /opt/airflow/dags/consumer.py
[2023-03-12T01:12:50.287+0000] {processor.py:756} INFO - Processing file /opt/airflow/dags/consumer.py for tasks to queue
[2023-03-12T01:12:50.288+0000] {logging_mixin.py:120} INFO - [2023-03-12T01:12:50.288+0000] {dagbag.py:537} INFO - Filling up the DagBag from /opt/airflow/dags/consumer.py
[2023-03-12T01:12:50.312+0000] {processor.py:766} INFO - DAG(s) dict_keys(['consumer']) retrieved from /opt/airflow/dags/consumer.py
[2023-03-12T01:12:50.351+0000] {logging_mixin.py:120} INFO - [2023-03-12T01:12:50.351+0000] {dag.py:2585} INFO - Sync 1 DAGs
[2023-03-12T01:12:50.373+0000] {logging_mixin.py:120} INFO - [2023-03-12T01:12:50.373+0000] {dag.py:3340} INFO - Setting next_dagrun for consumer to None, run_after=None
[2023-03-12T01:12:50.399+0000] {processor.py:176} INFO - Processing /opt/airflow/dags/consumer.py took 0.116 seconds
[2023-03-12T01:13:20.934+0000] {processor.py:154} INFO - Started process (PID=7611) to work on /opt/airflow/dags/consumer.py
[2023-03-12T01:13:20.935+0000] {processor.py:756} INFO - Processing file /opt/airflow/dags/consumer.py for tasks to queue
[2023-03-12T01:13:20.935+0000] {logging_mixin.py:120} INFO - [2023-03-12T01:13:20.935+0000] {dagbag.py:537} INFO - Filling up the DagBag from /opt/airflow/dags/consumer.py
[2023-03-12T01:13:20.960+0000] {processor.py:766} INFO - DAG(s) dict_keys(['consumer']) retrieved from /opt/airflow/dags/consumer.py
[2023-03-12T01:13:20.994+0000] {logging_mixin.py:120} INFO - [2023-03-12T01:13:20.994+0000] {dag.py:2585} INFO - Sync 1 DAGs
[2023-03-12T01:13:21.012+0000] {logging_mixin.py:120} INFO - [2023-03-12T01:13:21.012+0000] {dag.py:3340} INFO - Setting next_dagrun for consumer to None, run_after=None
[2023-03-12T01:13:21.032+0000] {processor.py:176} INFO - Processing /opt/airflow/dags/consumer.py took 0.101 seconds
[2023-03-12T01:13:51.569+0000] {processor.py:154} INFO - Started process (PID=7649) to work on /opt/airflow/dags/consumer.py
[2023-03-12T01:13:51.570+0000] {processor.py:756} INFO - Processing file /opt/airflow/dags/consumer.py for tasks to queue
[2023-03-12T01:13:51.570+0000] {logging_mixin.py:120} INFO - [2023-03-12T01:13:51.570+0000] {dagbag.py:537} INFO - Filling up the DagBag from /opt/airflow/dags/consumer.py
[2023-03-12T01:13:51.596+0000] {processor.py:766} INFO - DAG(s) dict_keys(['consumer']) retrieved from /opt/airflow/dags/consumer.py
[2023-03-12T01:13:51.630+0000] {logging_mixin.py:120} INFO - [2023-03-12T01:13:51.629+0000] {dag.py:2585} INFO - Sync 1 DAGs
[2023-03-12T01:13:51.647+0000] {logging_mixin.py:120} INFO - [2023-03-12T01:13:51.647+0000] {dag.py:3340} INFO - Setting next_dagrun for consumer to None, run_after=None
[2023-03-12T01:13:51.669+0000] {processor.py:176} INFO - Processing /opt/airflow/dags/consumer.py took 0.103 seconds
[2023-03-12T01:14:22.053+0000] {processor.py:154} INFO - Started process (PID=7686) to work on /opt/airflow/dags/consumer.py
[2023-03-12T01:14:22.054+0000] {processor.py:756} INFO - Processing file /opt/airflow/dags/consumer.py for tasks to queue
[2023-03-12T01:14:22.055+0000] {logging_mixin.py:120} INFO - [2023-03-12T01:14:22.055+0000] {dagbag.py:537} INFO - Filling up the DagBag from /opt/airflow/dags/consumer.py
[2023-03-12T01:14:22.081+0000] {processor.py:766} INFO - DAG(s) dict_keys(['consumer']) retrieved from /opt/airflow/dags/consumer.py
[2023-03-12T01:14:22.116+0000] {logging_mixin.py:120} INFO - [2023-03-12T01:14:22.116+0000] {dag.py:2585} INFO - Sync 1 DAGs
[2023-03-12T01:14:22.136+0000] {logging_mixin.py:120} INFO - [2023-03-12T01:14:22.135+0000] {dag.py:3340} INFO - Setting next_dagrun for consumer to None, run_after=None
[2023-03-12T01:14:22.159+0000] {processor.py:176} INFO - Processing /opt/airflow/dags/consumer.py took 0.110 seconds
[2023-03-12T01:14:52.240+0000] {processor.py:154} INFO - Started process (PID=7724) to work on /opt/airflow/dags/consumer.py
[2023-03-12T01:14:52.241+0000] {processor.py:756} INFO - Processing file /opt/airflow/dags/consumer.py for tasks to queue
[2023-03-12T01:14:52.242+0000] {logging_mixin.py:120} INFO - [2023-03-12T01:14:52.241+0000] {dagbag.py:537} INFO - Filling up the DagBag from /opt/airflow/dags/consumer.py
[2023-03-12T01:14:52.267+0000] {processor.py:766} INFO - DAG(s) dict_keys(['consumer']) retrieved from /opt/airflow/dags/consumer.py
[2023-03-12T01:14:52.301+0000] {logging_mixin.py:120} INFO - [2023-03-12T01:14:52.301+0000] {dag.py:2585} INFO - Sync 1 DAGs
[2023-03-12T01:14:52.320+0000] {logging_mixin.py:120} INFO - [2023-03-12T01:14:52.320+0000] {dag.py:3340} INFO - Setting next_dagrun for consumer to None, run_after=None
[2023-03-12T01:14:52.345+0000] {processor.py:176} INFO - Processing /opt/airflow/dags/consumer.py took 0.108 seconds
[2023-03-12T01:15:22.601+0000] {processor.py:154} INFO - Started process (PID=7753) to work on /opt/airflow/dags/consumer.py
[2023-03-12T01:15:22.602+0000] {processor.py:756} INFO - Processing file /opt/airflow/dags/consumer.py for tasks to queue
[2023-03-12T01:15:22.602+0000] {logging_mixin.py:120} INFO - [2023-03-12T01:15:22.602+0000] {dagbag.py:537} INFO - Filling up the DagBag from /opt/airflow/dags/consumer.py
[2023-03-12T01:15:22.625+0000] {processor.py:766} INFO - DAG(s) dict_keys(['consumer']) retrieved from /opt/airflow/dags/consumer.py
[2023-03-12T01:15:22.659+0000] {logging_mixin.py:120} INFO - [2023-03-12T01:15:22.659+0000] {dag.py:2585} INFO - Sync 1 DAGs
[2023-03-12T01:15:22.678+0000] {logging_mixin.py:120} INFO - [2023-03-12T01:15:22.678+0000] {dag.py:3340} INFO - Setting next_dagrun for consumer to None, run_after=None
[2023-03-12T01:15:22.704+0000] {processor.py:176} INFO - Processing /opt/airflow/dags/consumer.py took 0.106 seconds
[2023-03-12T01:15:52.764+0000] {processor.py:154} INFO - Started process (PID=7791) to work on /opt/airflow/dags/consumer.py
[2023-03-12T01:15:52.766+0000] {processor.py:756} INFO - Processing file /opt/airflow/dags/consumer.py for tasks to queue
[2023-03-12T01:15:52.767+0000] {logging_mixin.py:120} INFO - [2023-03-12T01:15:52.767+0000] {dagbag.py:537} INFO - Filling up the DagBag from /opt/airflow/dags/consumer.py
[2023-03-12T01:15:52.793+0000] {processor.py:766} INFO - DAG(s) dict_keys(['consumer']) retrieved from /opt/airflow/dags/consumer.py
[2023-03-12T01:15:52.826+0000] {logging_mixin.py:120} INFO - [2023-03-12T01:15:52.825+0000] {dag.py:2585} INFO - Sync 1 DAGs
[2023-03-12T01:15:52.843+0000] {logging_mixin.py:120} INFO - [2023-03-12T01:15:52.843+0000] {dag.py:3340} INFO - Setting next_dagrun for consumer to None, run_after=None
[2023-03-12T01:15:52.864+0000] {processor.py:176} INFO - Processing /opt/airflow/dags/consumer.py took 0.106 seconds
[2023-03-12T01:16:22.988+0000] {processor.py:154} INFO - Started process (PID=7830) to work on /opt/airflow/dags/consumer.py
[2023-03-12T01:16:22.989+0000] {processor.py:756} INFO - Processing file /opt/airflow/dags/consumer.py for tasks to queue
[2023-03-12T01:16:22.990+0000] {logging_mixin.py:120} INFO - [2023-03-12T01:16:22.990+0000] {dagbag.py:537} INFO - Filling up the DagBag from /opt/airflow/dags/consumer.py
[2023-03-12T01:16:23.015+0000] {processor.py:766} INFO - DAG(s) dict_keys(['consumer']) retrieved from /opt/airflow/dags/consumer.py
[2023-03-12T01:16:23.049+0000] {logging_mixin.py:120} INFO - [2023-03-12T01:16:23.049+0000] {dag.py:2585} INFO - Sync 1 DAGs
[2023-03-12T01:16:23.067+0000] {logging_mixin.py:120} INFO - [2023-03-12T01:16:23.067+0000] {dag.py:3340} INFO - Setting next_dagrun for consumer to None, run_after=None
[2023-03-12T01:16:23.088+0000] {processor.py:176} INFO - Processing /opt/airflow/dags/consumer.py took 0.103 seconds
[2023-03-12T01:16:53.314+0000] {processor.py:154} INFO - Started process (PID=7868) to work on /opt/airflow/dags/consumer.py
[2023-03-12T01:16:53.315+0000] {processor.py:756} INFO - Processing file /opt/airflow/dags/consumer.py for tasks to queue
[2023-03-12T01:16:53.315+0000] {logging_mixin.py:120} INFO - [2023-03-12T01:16:53.315+0000] {dagbag.py:537} INFO - Filling up the DagBag from /opt/airflow/dags/consumer.py
[2023-03-12T01:16:53.339+0000] {processor.py:766} INFO - DAG(s) dict_keys(['consumer']) retrieved from /opt/airflow/dags/consumer.py
[2023-03-12T01:16:53.371+0000] {logging_mixin.py:120} INFO - [2023-03-12T01:16:53.371+0000] {dag.py:2585} INFO - Sync 1 DAGs
[2023-03-12T01:16:53.390+0000] {logging_mixin.py:120} INFO - [2023-03-12T01:16:53.389+0000] {dag.py:3340} INFO - Setting next_dagrun for consumer to None, run_after=None
[2023-03-12T01:16:53.414+0000] {processor.py:176} INFO - Processing /opt/airflow/dags/consumer.py took 0.104 seconds
[2023-03-12T01:17:23.633+0000] {processor.py:154} INFO - Started process (PID=7897) to work on /opt/airflow/dags/consumer.py
[2023-03-12T01:17:23.635+0000] {processor.py:756} INFO - Processing file /opt/airflow/dags/consumer.py for tasks to queue
[2023-03-12T01:17:23.635+0000] {logging_mixin.py:120} INFO - [2023-03-12T01:17:23.635+0000] {dagbag.py:537} INFO - Filling up the DagBag from /opt/airflow/dags/consumer.py
[2023-03-12T01:17:23.659+0000] {processor.py:766} INFO - DAG(s) dict_keys(['consumer']) retrieved from /opt/airflow/dags/consumer.py
[2023-03-12T01:17:23.693+0000] {logging_mixin.py:120} INFO - [2023-03-12T01:17:23.692+0000] {dag.py:2585} INFO - Sync 1 DAGs
[2023-03-12T01:17:23.712+0000] {logging_mixin.py:120} INFO - [2023-03-12T01:17:23.711+0000] {dag.py:3340} INFO - Setting next_dagrun for consumer to None, run_after=None
[2023-03-12T01:17:23.736+0000] {processor.py:176} INFO - Processing /opt/airflow/dags/consumer.py took 0.106 seconds
[2023-03-12T01:17:54.290+0000] {processor.py:154} INFO - Started process (PID=7935) to work on /opt/airflow/dags/consumer.py
[2023-03-12T01:17:54.291+0000] {processor.py:756} INFO - Processing file /opt/airflow/dags/consumer.py for tasks to queue
[2023-03-12T01:17:54.292+0000] {logging_mixin.py:120} INFO - [2023-03-12T01:17:54.292+0000] {dagbag.py:537} INFO - Filling up the DagBag from /opt/airflow/dags/consumer.py
[2023-03-12T01:17:54.317+0000] {processor.py:766} INFO - DAG(s) dict_keys(['consumer']) retrieved from /opt/airflow/dags/consumer.py
[2023-03-12T01:17:54.351+0000] {logging_mixin.py:120} INFO - [2023-03-12T01:17:54.351+0000] {dag.py:2585} INFO - Sync 1 DAGs
[2023-03-12T01:17:54.370+0000] {logging_mixin.py:120} INFO - [2023-03-12T01:17:54.370+0000] {dag.py:3340} INFO - Setting next_dagrun for consumer to None, run_after=None
[2023-03-12T01:17:54.393+0000] {processor.py:176} INFO - Processing /opt/airflow/dags/consumer.py took 0.105 seconds
[2023-03-12T01:18:24.538+0000] {processor.py:154} INFO - Started process (PID=7974) to work on /opt/airflow/dags/consumer.py
[2023-03-12T01:18:24.539+0000] {processor.py:756} INFO - Processing file /opt/airflow/dags/consumer.py for tasks to queue
[2023-03-12T01:18:24.540+0000] {logging_mixin.py:120} INFO - [2023-03-12T01:18:24.540+0000] {dagbag.py:537} INFO - Filling up the DagBag from /opt/airflow/dags/consumer.py
[2023-03-12T01:18:24.566+0000] {processor.py:766} INFO - DAG(s) dict_keys(['consumer']) retrieved from /opt/airflow/dags/consumer.py
[2023-03-12T01:18:24.597+0000] {logging_mixin.py:120} INFO - [2023-03-12T01:18:24.597+0000] {dag.py:2585} INFO - Sync 1 DAGs
[2023-03-12T01:18:24.616+0000] {logging_mixin.py:120} INFO - [2023-03-12T01:18:24.616+0000] {dag.py:3340} INFO - Setting next_dagrun for consumer to None, run_after=None
[2023-03-12T01:18:24.643+0000] {processor.py:176} INFO - Processing /opt/airflow/dags/consumer.py took 0.107 seconds
[2023-03-12T01:18:55.297+0000] {processor.py:154} INFO - Started process (PID=8012) to work on /opt/airflow/dags/consumer.py
[2023-03-12T01:18:55.298+0000] {processor.py:756} INFO - Processing file /opt/airflow/dags/consumer.py for tasks to queue
[2023-03-12T01:18:55.299+0000] {logging_mixin.py:120} INFO - [2023-03-12T01:18:55.299+0000] {dagbag.py:537} INFO - Filling up the DagBag from /opt/airflow/dags/consumer.py
[2023-03-12T01:18:55.325+0000] {processor.py:766} INFO - DAG(s) dict_keys(['consumer']) retrieved from /opt/airflow/dags/consumer.py
[2023-03-12T01:18:55.360+0000] {logging_mixin.py:120} INFO - [2023-03-12T01:18:55.360+0000] {dag.py:2585} INFO - Sync 1 DAGs
[2023-03-12T01:18:55.378+0000] {logging_mixin.py:120} INFO - [2023-03-12T01:18:55.378+0000] {dag.py:3340} INFO - Setting next_dagrun for consumer to None, run_after=None
[2023-03-12T01:18:55.403+0000] {processor.py:176} INFO - Processing /opt/airflow/dags/consumer.py took 0.109 seconds
[2023-03-12T01:19:25.950+0000] {processor.py:154} INFO - Started process (PID=8050) to work on /opt/airflow/dags/consumer.py
[2023-03-12T01:19:25.951+0000] {processor.py:756} INFO - Processing file /opt/airflow/dags/consumer.py for tasks to queue
[2023-03-12T01:19:25.952+0000] {logging_mixin.py:120} INFO - [2023-03-12T01:19:25.952+0000] {dagbag.py:537} INFO - Filling up the DagBag from /opt/airflow/dags/consumer.py
[2023-03-12T01:19:25.974+0000] {processor.py:766} INFO - DAG(s) dict_keys(['consumer']) retrieved from /opt/airflow/dags/consumer.py
[2023-03-12T01:19:26.008+0000] {logging_mixin.py:120} INFO - [2023-03-12T01:19:26.008+0000] {dag.py:2585} INFO - Sync 1 DAGs
[2023-03-12T01:19:26.028+0000] {logging_mixin.py:120} INFO - [2023-03-12T01:19:26.028+0000] {dag.py:3340} INFO - Setting next_dagrun for consumer to None, run_after=None
[2023-03-12T01:19:26.053+0000] {processor.py:176} INFO - Processing /opt/airflow/dags/consumer.py took 0.106 seconds
[2023-03-12T01:19:56.451+0000] {processor.py:154} INFO - Started process (PID=8079) to work on /opt/airflow/dags/consumer.py
[2023-03-12T01:19:56.452+0000] {processor.py:756} INFO - Processing file /opt/airflow/dags/consumer.py for tasks to queue
[2023-03-12T01:19:56.453+0000] {logging_mixin.py:120} INFO - [2023-03-12T01:19:56.453+0000] {dagbag.py:537} INFO - Filling up the DagBag from /opt/airflow/dags/consumer.py
[2023-03-12T01:19:56.476+0000] {processor.py:766} INFO - DAG(s) dict_keys(['consumer']) retrieved from /opt/airflow/dags/consumer.py
[2023-03-12T01:19:56.511+0000] {logging_mixin.py:120} INFO - [2023-03-12T01:19:56.511+0000] {dag.py:2585} INFO - Sync 1 DAGs
[2023-03-12T01:19:56.530+0000] {logging_mixin.py:120} INFO - [2023-03-12T01:19:56.530+0000] {dag.py:3340} INFO - Setting next_dagrun for consumer to None, run_after=None
[2023-03-12T01:19:56.551+0000] {processor.py:176} INFO - Processing /opt/airflow/dags/consumer.py took 0.103 seconds
[2023-03-12T01:20:26.804+0000] {processor.py:154} INFO - Started process (PID=8119) to work on /opt/airflow/dags/consumer.py
[2023-03-12T01:20:26.805+0000] {processor.py:756} INFO - Processing file /opt/airflow/dags/consumer.py for tasks to queue
[2023-03-12T01:20:26.805+0000] {logging_mixin.py:120} INFO - [2023-03-12T01:20:26.805+0000] {dagbag.py:537} INFO - Filling up the DagBag from /opt/airflow/dags/consumer.py
[2023-03-12T01:20:26.829+0000] {processor.py:766} INFO - DAG(s) dict_keys(['consumer']) retrieved from /opt/airflow/dags/consumer.py
[2023-03-12T01:20:26.865+0000] {logging_mixin.py:120} INFO - [2023-03-12T01:20:26.865+0000] {dag.py:2585} INFO - Sync 1 DAGs
[2023-03-12T01:20:26.887+0000] {logging_mixin.py:120} INFO - [2023-03-12T01:20:26.887+0000] {dag.py:3340} INFO - Setting next_dagrun for consumer to None, run_after=None
[2023-03-12T01:20:26.911+0000] {processor.py:176} INFO - Processing /opt/airflow/dags/consumer.py took 0.110 seconds
[2023-03-12T01:20:57.401+0000] {processor.py:154} INFO - Started process (PID=8157) to work on /opt/airflow/dags/consumer.py
[2023-03-12T01:20:57.402+0000] {processor.py:756} INFO - Processing file /opt/airflow/dags/consumer.py for tasks to queue
[2023-03-12T01:20:57.402+0000] {logging_mixin.py:120} INFO - [2023-03-12T01:20:57.402+0000] {dagbag.py:537} INFO - Filling up the DagBag from /opt/airflow/dags/consumer.py
[2023-03-12T01:20:57.426+0000] {processor.py:766} INFO - DAG(s) dict_keys(['consumer']) retrieved from /opt/airflow/dags/consumer.py
[2023-03-12T01:20:57.459+0000] {logging_mixin.py:120} INFO - [2023-03-12T01:20:57.458+0000] {dag.py:2585} INFO - Sync 1 DAGs
[2023-03-12T01:20:57.477+0000] {logging_mixin.py:120} INFO - [2023-03-12T01:20:57.477+0000] {dag.py:3340} INFO - Setting next_dagrun for consumer to None, run_after=None
[2023-03-12T01:20:57.503+0000] {processor.py:176} INFO - Processing /opt/airflow/dags/consumer.py took 0.104 seconds
[2023-03-12T01:21:27.651+0000] {processor.py:154} INFO - Started process (PID=8195) to work on /opt/airflow/dags/consumer.py
[2023-03-12T01:21:27.652+0000] {processor.py:756} INFO - Processing file /opt/airflow/dags/consumer.py for tasks to queue
[2023-03-12T01:21:27.653+0000] {logging_mixin.py:120} INFO - [2023-03-12T01:21:27.652+0000] {dagbag.py:537} INFO - Filling up the DagBag from /opt/airflow/dags/consumer.py
[2023-03-12T01:21:27.676+0000] {processor.py:766} INFO - DAG(s) dict_keys(['consumer']) retrieved from /opt/airflow/dags/consumer.py
[2023-03-12T01:21:27.711+0000] {logging_mixin.py:120} INFO - [2023-03-12T01:21:27.711+0000] {dag.py:2585} INFO - Sync 1 DAGs
[2023-03-12T01:21:27.729+0000] {logging_mixin.py:120} INFO - [2023-03-12T01:21:27.729+0000] {dag.py:3340} INFO - Setting next_dagrun for consumer to None, run_after=None
[2023-03-12T01:21:27.753+0000] {processor.py:176} INFO - Processing /opt/airflow/dags/consumer.py took 0.106 seconds
[2023-03-12T01:21:58.452+0000] {processor.py:154} INFO - Started process (PID=8230) to work on /opt/airflow/dags/consumer.py
[2023-03-12T01:21:58.453+0000] {processor.py:756} INFO - Processing file /opt/airflow/dags/consumer.py for tasks to queue
[2023-03-12T01:21:58.454+0000] {logging_mixin.py:120} INFO - [2023-03-12T01:21:58.453+0000] {dagbag.py:537} INFO - Filling up the DagBag from /opt/airflow/dags/consumer.py
[2023-03-12T01:21:58.477+0000] {processor.py:766} INFO - DAG(s) dict_keys(['consumer']) retrieved from /opt/airflow/dags/consumer.py
[2023-03-12T01:21:58.513+0000] {logging_mixin.py:120} INFO - [2023-03-12T01:21:58.513+0000] {dag.py:2585} INFO - Sync 1 DAGs
[2023-03-12T01:21:58.534+0000] {logging_mixin.py:120} INFO - [2023-03-12T01:21:58.534+0000] {dag.py:3340} INFO - Setting next_dagrun for consumer to None, run_after=None
[2023-03-12T01:21:58.562+0000] {processor.py:176} INFO - Processing /opt/airflow/dags/consumer.py took 0.113 seconds
[2023-03-12T01:22:28.664+0000] {processor.py:154} INFO - Started process (PID=8262) to work on /opt/airflow/dags/consumer.py
[2023-03-12T01:22:28.665+0000] {processor.py:756} INFO - Processing file /opt/airflow/dags/consumer.py for tasks to queue
[2023-03-12T01:22:28.666+0000] {logging_mixin.py:120} INFO - [2023-03-12T01:22:28.665+0000] {dagbag.py:537} INFO - Filling up the DagBag from /opt/airflow/dags/consumer.py
[2023-03-12T01:22:28.687+0000] {processor.py:766} INFO - DAG(s) dict_keys(['consumer']) retrieved from /opt/airflow/dags/consumer.py
[2023-03-12T01:22:28.721+0000] {logging_mixin.py:120} INFO - [2023-03-12T01:22:28.721+0000] {dag.py:2585} INFO - Sync 1 DAGs
[2023-03-12T01:22:28.739+0000] {logging_mixin.py:120} INFO - [2023-03-12T01:22:28.739+0000] {dag.py:3340} INFO - Setting next_dagrun for consumer to None, run_after=None
[2023-03-12T01:22:28.766+0000] {processor.py:176} INFO - Processing /opt/airflow/dags/consumer.py took 0.105 seconds
[2023-03-12T01:22:58.961+0000] {processor.py:154} INFO - Started process (PID=8300) to work on /opt/airflow/dags/consumer.py
[2023-03-12T01:22:58.962+0000] {processor.py:756} INFO - Processing file /opt/airflow/dags/consumer.py for tasks to queue
[2023-03-12T01:22:58.962+0000] {logging_mixin.py:120} INFO - [2023-03-12T01:22:58.962+0000] {dagbag.py:537} INFO - Filling up the DagBag from /opt/airflow/dags/consumer.py
[2023-03-12T01:22:58.985+0000] {processor.py:766} INFO - DAG(s) dict_keys(['consumer']) retrieved from /opt/airflow/dags/consumer.py
[2023-03-12T01:22:59.019+0000] {logging_mixin.py:120} INFO - [2023-03-12T01:22:59.019+0000] {dag.py:2585} INFO - Sync 1 DAGs
[2023-03-12T01:22:59.037+0000] {logging_mixin.py:120} INFO - [2023-03-12T01:22:59.037+0000] {dag.py:3340} INFO - Setting next_dagrun for consumer to None, run_after=None
[2023-03-12T01:22:59.071+0000] {processor.py:176} INFO - Processing /opt/airflow/dags/consumer.py took 0.113 seconds
[2023-03-12T01:23:29.634+0000] {processor.py:154} INFO - Started process (PID=8338) to work on /opt/airflow/dags/consumer.py
[2023-03-12T01:23:29.635+0000] {processor.py:756} INFO - Processing file /opt/airflow/dags/consumer.py for tasks to queue
[2023-03-12T01:23:29.636+0000] {logging_mixin.py:120} INFO - [2023-03-12T01:23:29.636+0000] {dagbag.py:537} INFO - Filling up the DagBag from /opt/airflow/dags/consumer.py
[2023-03-12T01:23:29.659+0000] {processor.py:766} INFO - DAG(s) dict_keys(['consumer']) retrieved from /opt/airflow/dags/consumer.py
[2023-03-12T01:23:29.693+0000] {logging_mixin.py:120} INFO - [2023-03-12T01:23:29.693+0000] {dag.py:2585} INFO - Sync 1 DAGs
[2023-03-12T01:23:29.713+0000] {logging_mixin.py:120} INFO - [2023-03-12T01:23:29.713+0000] {dag.py:3340} INFO - Setting next_dagrun for consumer to None, run_after=None
[2023-03-12T01:23:29.735+0000] {processor.py:176} INFO - Processing /opt/airflow/dags/consumer.py took 0.104 seconds
[2023-03-12T01:24:00.301+0000] {processor.py:154} INFO - Started process (PID=8376) to work on /opt/airflow/dags/consumer.py
[2023-03-12T01:24:00.302+0000] {processor.py:756} INFO - Processing file /opt/airflow/dags/consumer.py for tasks to queue
[2023-03-12T01:24:00.303+0000] {logging_mixin.py:120} INFO - [2023-03-12T01:24:00.303+0000] {dagbag.py:537} INFO - Filling up the DagBag from /opt/airflow/dags/consumer.py
[2023-03-12T01:24:00.329+0000] {processor.py:766} INFO - DAG(s) dict_keys(['consumer']) retrieved from /opt/airflow/dags/consumer.py
[2023-03-12T01:24:00.363+0000] {logging_mixin.py:120} INFO - [2023-03-12T01:24:00.362+0000] {dag.py:2585} INFO - Sync 1 DAGs
[2023-03-12T01:24:00.382+0000] {logging_mixin.py:120} INFO - [2023-03-12T01:24:00.382+0000] {dag.py:3340} INFO - Setting next_dagrun for consumer to None, run_after=None
[2023-03-12T01:24:00.408+0000] {processor.py:176} INFO - Processing /opt/airflow/dags/consumer.py took 0.110 seconds
[2023-03-12T01:24:30.871+0000] {processor.py:154} INFO - Started process (PID=8405) to work on /opt/airflow/dags/consumer.py
[2023-03-12T01:24:30.872+0000] {processor.py:756} INFO - Processing file /opt/airflow/dags/consumer.py for tasks to queue
[2023-03-12T01:24:30.873+0000] {logging_mixin.py:120} INFO - [2023-03-12T01:24:30.873+0000] {dagbag.py:537} INFO - Filling up the DagBag from /opt/airflow/dags/consumer.py
[2023-03-12T01:24:30.896+0000] {processor.py:766} INFO - DAG(s) dict_keys(['consumer']) retrieved from /opt/airflow/dags/consumer.py
[2023-03-12T01:24:30.930+0000] {logging_mixin.py:120} INFO - [2023-03-12T01:24:30.930+0000] {dag.py:2585} INFO - Sync 1 DAGs
[2023-03-12T01:24:30.948+0000] {logging_mixin.py:120} INFO - [2023-03-12T01:24:30.948+0000] {dag.py:3340} INFO - Setting next_dagrun for consumer to None, run_after=None
[2023-03-12T01:24:30.969+0000] {processor.py:176} INFO - Processing /opt/airflow/dags/consumer.py took 0.101 seconds
[2023-03-12T01:25:01.412+0000] {processor.py:154} INFO - Started process (PID=8443) to work on /opt/airflow/dags/consumer.py
[2023-03-12T01:25:01.413+0000] {processor.py:756} INFO - Processing file /opt/airflow/dags/consumer.py for tasks to queue
[2023-03-12T01:25:01.413+0000] {logging_mixin.py:120} INFO - [2023-03-12T01:25:01.413+0000] {dagbag.py:537} INFO - Filling up the DagBag from /opt/airflow/dags/consumer.py
[2023-03-12T01:25:01.438+0000] {processor.py:766} INFO - DAG(s) dict_keys(['consumer']) retrieved from /opt/airflow/dags/consumer.py
[2023-03-12T01:25:01.471+0000] {logging_mixin.py:120} INFO - [2023-03-12T01:25:01.471+0000] {dag.py:2585} INFO - Sync 1 DAGs
[2023-03-12T01:25:01.489+0000] {logging_mixin.py:120} INFO - [2023-03-12T01:25:01.489+0000] {dag.py:3340} INFO - Setting next_dagrun for consumer to None, run_after=None
[2023-03-12T01:25:01.511+0000] {processor.py:176} INFO - Processing /opt/airflow/dags/consumer.py took 0.103 seconds
[2023-03-12T01:25:31.714+0000] {processor.py:154} INFO - Started process (PID=8481) to work on /opt/airflow/dags/consumer.py
[2023-03-12T01:25:31.715+0000] {processor.py:756} INFO - Processing file /opt/airflow/dags/consumer.py for tasks to queue
[2023-03-12T01:25:31.716+0000] {logging_mixin.py:120} INFO - [2023-03-12T01:25:31.716+0000] {dagbag.py:537} INFO - Filling up the DagBag from /opt/airflow/dags/consumer.py
[2023-03-12T01:25:31.739+0000] {processor.py:766} INFO - DAG(s) dict_keys(['consumer']) retrieved from /opt/airflow/dags/consumer.py
[2023-03-12T01:25:31.773+0000] {logging_mixin.py:120} INFO - [2023-03-12T01:25:31.772+0000] {dag.py:2585} INFO - Sync 1 DAGs
[2023-03-12T01:25:31.790+0000] {logging_mixin.py:120} INFO - [2023-03-12T01:25:31.790+0000] {dag.py:3340} INFO - Setting next_dagrun for consumer to None, run_after=None
[2023-03-12T01:25:31.819+0000] {processor.py:176} INFO - Processing /opt/airflow/dags/consumer.py took 0.107 seconds
[2023-03-12T01:26:02.394+0000] {processor.py:154} INFO - Started process (PID=8518) to work on /opt/airflow/dags/consumer.py
[2023-03-12T01:26:02.394+0000] {processor.py:756} INFO - Processing file /opt/airflow/dags/consumer.py for tasks to queue
[2023-03-12T01:26:02.395+0000] {logging_mixin.py:120} INFO - [2023-03-12T01:26:02.395+0000] {dagbag.py:537} INFO - Filling up the DagBag from /opt/airflow/dags/consumer.py
[2023-03-12T01:26:02.419+0000] {processor.py:766} INFO - DAG(s) dict_keys(['consumer']) retrieved from /opt/airflow/dags/consumer.py
[2023-03-12T01:26:02.452+0000] {logging_mixin.py:120} INFO - [2023-03-12T01:26:02.452+0000] {dag.py:2585} INFO - Sync 1 DAGs
[2023-03-12T01:26:02.470+0000] {logging_mixin.py:120} INFO - [2023-03-12T01:26:02.470+0000] {dag.py:3340} INFO - Setting next_dagrun for consumer to None, run_after=None
[2023-03-12T01:26:02.492+0000] {processor.py:176} INFO - Processing /opt/airflow/dags/consumer.py took 0.102 seconds
[2023-03-12T01:26:32.757+0000] {processor.py:154} INFO - Started process (PID=8547) to work on /opt/airflow/dags/consumer.py
[2023-03-12T01:26:32.758+0000] {processor.py:756} INFO - Processing file /opt/airflow/dags/consumer.py for tasks to queue
[2023-03-12T01:26:32.758+0000] {logging_mixin.py:120} INFO - [2023-03-12T01:26:32.758+0000] {dagbag.py:537} INFO - Filling up the DagBag from /opt/airflow/dags/consumer.py
[2023-03-12T01:26:32.784+0000] {processor.py:766} INFO - DAG(s) dict_keys(['consumer']) retrieved from /opt/airflow/dags/consumer.py
[2023-03-12T01:26:32.818+0000] {logging_mixin.py:120} INFO - [2023-03-12T01:26:32.818+0000] {dag.py:2585} INFO - Sync 1 DAGs
[2023-03-12T01:26:32.841+0000] {logging_mixin.py:120} INFO - [2023-03-12T01:26:32.841+0000] {dag.py:3340} INFO - Setting next_dagrun for consumer to None, run_after=None
[2023-03-12T01:26:32.861+0000] {processor.py:176} INFO - Processing /opt/airflow/dags/consumer.py took 0.107 seconds
[2023-03-12T01:27:03.351+0000] {processor.py:154} INFO - Started process (PID=8585) to work on /opt/airflow/dags/consumer.py
[2023-03-12T01:27:03.352+0000] {processor.py:756} INFO - Processing file /opt/airflow/dags/consumer.py for tasks to queue
[2023-03-12T01:27:03.353+0000] {logging_mixin.py:120} INFO - [2023-03-12T01:27:03.353+0000] {dagbag.py:537} INFO - Filling up the DagBag from /opt/airflow/dags/consumer.py
[2023-03-12T01:27:03.377+0000] {processor.py:766} INFO - DAG(s) dict_keys(['consumer']) retrieved from /opt/airflow/dags/consumer.py
[2023-03-12T01:27:03.409+0000] {logging_mixin.py:120} INFO - [2023-03-12T01:27:03.409+0000] {dag.py:2585} INFO - Sync 1 DAGs
[2023-03-12T01:27:03.429+0000] {logging_mixin.py:120} INFO - [2023-03-12T01:27:03.429+0000] {dag.py:3340} INFO - Setting next_dagrun for consumer to None, run_after=None
[2023-03-12T01:27:03.455+0000] {processor.py:176} INFO - Processing /opt/airflow/dags/consumer.py took 0.106 seconds
[2023-03-12T01:27:33.701+0000] {processor.py:154} INFO - Started process (PID=8624) to work on /opt/airflow/dags/consumer.py
[2023-03-12T01:27:33.702+0000] {processor.py:756} INFO - Processing file /opt/airflow/dags/consumer.py for tasks to queue
[2023-03-12T01:27:33.703+0000] {logging_mixin.py:120} INFO - [2023-03-12T01:27:33.702+0000] {dagbag.py:537} INFO - Filling up the DagBag from /opt/airflow/dags/consumer.py
[2023-03-12T01:27:33.728+0000] {processor.py:766} INFO - DAG(s) dict_keys(['consumer']) retrieved from /opt/airflow/dags/consumer.py
[2023-03-12T01:27:33.762+0000] {logging_mixin.py:120} INFO - [2023-03-12T01:27:33.761+0000] {dag.py:2585} INFO - Sync 1 DAGs
[2023-03-12T01:27:33.782+0000] {logging_mixin.py:120} INFO - [2023-03-12T01:27:33.782+0000] {dag.py:3340} INFO - Setting next_dagrun for consumer to None, run_after=None
[2023-03-12T01:27:33.810+0000] {processor.py:176} INFO - Processing /opt/airflow/dags/consumer.py took 0.112 seconds
[2023-03-12T01:28:03.848+0000] {processor.py:154} INFO - Started process (PID=8662) to work on /opt/airflow/dags/consumer.py
[2023-03-12T01:28:03.849+0000] {processor.py:756} INFO - Processing file /opt/airflow/dags/consumer.py for tasks to queue
[2023-03-12T01:28:03.850+0000] {logging_mixin.py:120} INFO - [2023-03-12T01:28:03.850+0000] {dagbag.py:537} INFO - Filling up the DagBag from /opt/airflow/dags/consumer.py
[2023-03-12T01:28:03.873+0000] {processor.py:766} INFO - DAG(s) dict_keys(['consumer']) retrieved from /opt/airflow/dags/consumer.py
[2023-03-12T01:28:03.906+0000] {logging_mixin.py:120} INFO - [2023-03-12T01:28:03.906+0000] {dag.py:2585} INFO - Sync 1 DAGs
[2023-03-12T01:28:03.925+0000] {logging_mixin.py:120} INFO - [2023-03-12T01:28:03.925+0000] {dag.py:3340} INFO - Setting next_dagrun for consumer to None, run_after=None
[2023-03-12T01:28:03.949+0000] {processor.py:176} INFO - Processing /opt/airflow/dags/consumer.py took 0.104 seconds
[2023-03-12T01:28:34.310+0000] {processor.py:154} INFO - Started process (PID=8692) to work on /opt/airflow/dags/consumer.py
[2023-03-12T01:28:34.311+0000] {processor.py:756} INFO - Processing file /opt/airflow/dags/consumer.py for tasks to queue
[2023-03-12T01:28:34.311+0000] {logging_mixin.py:120} INFO - [2023-03-12T01:28:34.311+0000] {dagbag.py:537} INFO - Filling up the DagBag from /opt/airflow/dags/consumer.py
[2023-03-12T01:28:34.338+0000] {processor.py:766} INFO - DAG(s) dict_keys(['consumer']) retrieved from /opt/airflow/dags/consumer.py
[2023-03-12T01:28:34.371+0000] {logging_mixin.py:120} INFO - [2023-03-12T01:28:34.371+0000] {dag.py:2585} INFO - Sync 1 DAGs
[2023-03-12T01:28:34.390+0000] {logging_mixin.py:120} INFO - [2023-03-12T01:28:34.390+0000] {dag.py:3340} INFO - Setting next_dagrun for consumer to None, run_after=None
[2023-03-12T01:28:34.418+0000] {processor.py:176} INFO - Processing /opt/airflow/dags/consumer.py took 0.111 seconds
[2023-03-12T01:29:04.961+0000] {processor.py:154} INFO - Started process (PID=8730) to work on /opt/airflow/dags/consumer.py
[2023-03-12T01:29:04.962+0000] {processor.py:756} INFO - Processing file /opt/airflow/dags/consumer.py for tasks to queue
[2023-03-12T01:29:04.962+0000] {logging_mixin.py:120} INFO - [2023-03-12T01:29:04.962+0000] {dagbag.py:537} INFO - Filling up the DagBag from /opt/airflow/dags/consumer.py
[2023-03-12T01:29:04.988+0000] {processor.py:766} INFO - DAG(s) dict_keys(['consumer']) retrieved from /opt/airflow/dags/consumer.py
[2023-03-12T01:29:05.022+0000] {logging_mixin.py:120} INFO - [2023-03-12T01:29:05.022+0000] {dag.py:2585} INFO - Sync 1 DAGs
[2023-03-12T01:29:05.040+0000] {logging_mixin.py:120} INFO - [2023-03-12T01:29:05.040+0000] {dag.py:3340} INFO - Setting next_dagrun for consumer to None, run_after=None
[2023-03-12T01:29:05.062+0000] {processor.py:176} INFO - Processing /opt/airflow/dags/consumer.py took 0.104 seconds
[2023-03-12T01:29:35.368+0000] {processor.py:154} INFO - Started process (PID=8768) to work on /opt/airflow/dags/consumer.py
[2023-03-12T01:29:35.369+0000] {processor.py:756} INFO - Processing file /opt/airflow/dags/consumer.py for tasks to queue
[2023-03-12T01:29:35.370+0000] {logging_mixin.py:120} INFO - [2023-03-12T01:29:35.370+0000] {dagbag.py:537} INFO - Filling up the DagBag from /opt/airflow/dags/consumer.py
[2023-03-12T01:29:35.393+0000] {processor.py:766} INFO - DAG(s) dict_keys(['consumer']) retrieved from /opt/airflow/dags/consumer.py
[2023-03-12T01:29:35.428+0000] {logging_mixin.py:120} INFO - [2023-03-12T01:29:35.428+0000] {dag.py:2585} INFO - Sync 1 DAGs
[2023-03-12T01:29:35.448+0000] {logging_mixin.py:120} INFO - [2023-03-12T01:29:35.448+0000] {dag.py:3340} INFO - Setting next_dagrun for consumer to None, run_after=None
[2023-03-12T01:29:35.470+0000] {processor.py:176} INFO - Processing /opt/airflow/dags/consumer.py took 0.106 seconds
[2023-03-12T01:30:05.863+0000] {processor.py:154} INFO - Started process (PID=8806) to work on /opt/airflow/dags/consumer.py
[2023-03-12T01:30:05.864+0000] {processor.py:756} INFO - Processing file /opt/airflow/dags/consumer.py for tasks to queue
[2023-03-12T01:30:05.865+0000] {logging_mixin.py:120} INFO - [2023-03-12T01:30:05.865+0000] {dagbag.py:537} INFO - Filling up the DagBag from /opt/airflow/dags/consumer.py
[2023-03-12T01:30:05.889+0000] {processor.py:766} INFO - DAG(s) dict_keys(['consumer']) retrieved from /opt/airflow/dags/consumer.py
[2023-03-12T01:30:05.923+0000] {logging_mixin.py:120} INFO - [2023-03-12T01:30:05.923+0000] {dag.py:2585} INFO - Sync 1 DAGs
[2023-03-12T01:30:05.943+0000] {logging_mixin.py:120} INFO - [2023-03-12T01:30:05.943+0000] {dag.py:3340} INFO - Setting next_dagrun for consumer to None, run_after=None
[2023-03-12T01:30:05.969+0000] {processor.py:176} INFO - Processing /opt/airflow/dags/consumer.py took 0.108 seconds
[2023-03-12T01:30:36.042+0000] {processor.py:154} INFO - Started process (PID=8844) to work on /opt/airflow/dags/consumer.py
[2023-03-12T01:30:36.043+0000] {processor.py:756} INFO - Processing file /opt/airflow/dags/consumer.py for tasks to queue
[2023-03-12T01:30:36.043+0000] {logging_mixin.py:120} INFO - [2023-03-12T01:30:36.043+0000] {dagbag.py:537} INFO - Filling up the DagBag from /opt/airflow/dags/consumer.py
[2023-03-12T01:30:36.068+0000] {processor.py:766} INFO - DAG(s) dict_keys(['consumer']) retrieved from /opt/airflow/dags/consumer.py
[2023-03-12T01:30:36.102+0000] {logging_mixin.py:120} INFO - [2023-03-12T01:30:36.101+0000] {dag.py:2585} INFO - Sync 1 DAGs
[2023-03-12T01:30:36.121+0000] {logging_mixin.py:120} INFO - [2023-03-12T01:30:36.121+0000] {dag.py:3340} INFO - Setting next_dagrun for consumer to None, run_after=None
[2023-03-12T01:30:36.147+0000] {processor.py:176} INFO - Processing /opt/airflow/dags/consumer.py took 0.107 seconds
[2023-03-12T01:31:06.443+0000] {processor.py:154} INFO - Started process (PID=8873) to work on /opt/airflow/dags/consumer.py
[2023-03-12T01:31:06.444+0000] {processor.py:756} INFO - Processing file /opt/airflow/dags/consumer.py for tasks to queue
[2023-03-12T01:31:06.445+0000] {logging_mixin.py:120} INFO - [2023-03-12T01:31:06.445+0000] {dagbag.py:537} INFO - Filling up the DagBag from /opt/airflow/dags/consumer.py
[2023-03-12T01:31:06.473+0000] {processor.py:766} INFO - DAG(s) dict_keys(['consumer']) retrieved from /opt/airflow/dags/consumer.py
[2023-03-12T01:31:06.513+0000] {logging_mixin.py:120} INFO - [2023-03-12T01:31:06.512+0000] {dag.py:2585} INFO - Sync 1 DAGs
[2023-03-12T01:31:06.535+0000] {logging_mixin.py:120} INFO - [2023-03-12T01:31:06.535+0000] {dag.py:3340} INFO - Setting next_dagrun for consumer to None, run_after=None
[2023-03-12T01:31:06.558+0000] {processor.py:176} INFO - Processing /opt/airflow/dags/consumer.py took 0.118 seconds
[2023-03-12T01:31:37.208+0000] {processor.py:154} INFO - Started process (PID=8912) to work on /opt/airflow/dags/consumer.py
[2023-03-12T01:31:37.209+0000] {processor.py:756} INFO - Processing file /opt/airflow/dags/consumer.py for tasks to queue
[2023-03-12T01:31:37.210+0000] {logging_mixin.py:120} INFO - [2023-03-12T01:31:37.210+0000] {dagbag.py:537} INFO - Filling up the DagBag from /opt/airflow/dags/consumer.py
[2023-03-12T01:31:37.234+0000] {processor.py:766} INFO - DAG(s) dict_keys(['consumer']) retrieved from /opt/airflow/dags/consumer.py
[2023-03-12T01:31:37.267+0000] {logging_mixin.py:120} INFO - [2023-03-12T01:31:37.267+0000] {dag.py:2585} INFO - Sync 1 DAGs
[2023-03-12T01:31:37.286+0000] {logging_mixin.py:120} INFO - [2023-03-12T01:31:37.286+0000] {dag.py:3340} INFO - Setting next_dagrun for consumer to None, run_after=None
[2023-03-12T01:31:37.311+0000] {processor.py:176} INFO - Processing /opt/airflow/dags/consumer.py took 0.105 seconds
[2023-03-12T01:32:07.519+0000] {processor.py:154} INFO - Started process (PID=8951) to work on /opt/airflow/dags/consumer.py
[2023-03-12T01:32:07.520+0000] {processor.py:756} INFO - Processing file /opt/airflow/dags/consumer.py for tasks to queue
[2023-03-12T01:32:07.521+0000] {logging_mixin.py:120} INFO - [2023-03-12T01:32:07.520+0000] {dagbag.py:537} INFO - Filling up the DagBag from /opt/airflow/dags/consumer.py
[2023-03-12T01:32:07.544+0000] {processor.py:766} INFO - DAG(s) dict_keys(['consumer']) retrieved from /opt/airflow/dags/consumer.py
[2023-03-12T01:32:07.578+0000] {logging_mixin.py:120} INFO - [2023-03-12T01:32:07.578+0000] {dag.py:2585} INFO - Sync 1 DAGs
[2023-03-12T01:32:07.596+0000] {logging_mixin.py:120} INFO - [2023-03-12T01:32:07.596+0000] {dag.py:3340} INFO - Setting next_dagrun for consumer to None, run_after=None
[2023-03-12T01:32:07.617+0000] {processor.py:176} INFO - Processing /opt/airflow/dags/consumer.py took 0.101 seconds
[2023-03-12T01:32:38.031+0000] {processor.py:154} INFO - Started process (PID=8989) to work on /opt/airflow/dags/consumer.py
[2023-03-12T01:32:38.032+0000] {processor.py:756} INFO - Processing file /opt/airflow/dags/consumer.py for tasks to queue
[2023-03-12T01:32:38.033+0000] {logging_mixin.py:120} INFO - [2023-03-12T01:32:38.033+0000] {dagbag.py:537} INFO - Filling up the DagBag from /opt/airflow/dags/consumer.py
[2023-03-12T01:32:38.057+0000] {processor.py:766} INFO - DAG(s) dict_keys(['consumer']) retrieved from /opt/airflow/dags/consumer.py
[2023-03-12T01:32:38.089+0000] {logging_mixin.py:120} INFO - [2023-03-12T01:32:38.089+0000] {dag.py:2585} INFO - Sync 1 DAGs
[2023-03-12T01:32:38.112+0000] {logging_mixin.py:120} INFO - [2023-03-12T01:32:38.112+0000] {dag.py:3340} INFO - Setting next_dagrun for consumer to None, run_after=None
[2023-03-12T01:32:38.138+0000] {processor.py:176} INFO - Processing /opt/airflow/dags/consumer.py took 0.109 seconds
[2023-03-12T01:33:08.357+0000] {processor.py:154} INFO - Started process (PID=9018) to work on /opt/airflow/dags/consumer.py
[2023-03-12T01:33:08.358+0000] {processor.py:756} INFO - Processing file /opt/airflow/dags/consumer.py for tasks to queue
[2023-03-12T01:33:08.358+0000] {logging_mixin.py:120} INFO - [2023-03-12T01:33:08.358+0000] {dagbag.py:537} INFO - Filling up the DagBag from /opt/airflow/dags/consumer.py
[2023-03-12T01:33:08.381+0000] {processor.py:766} INFO - DAG(s) dict_keys(['consumer']) retrieved from /opt/airflow/dags/consumer.py
[2023-03-12T01:33:08.417+0000] {logging_mixin.py:120} INFO - [2023-03-12T01:33:08.417+0000] {dag.py:2585} INFO - Sync 1 DAGs
[2023-03-12T01:33:08.437+0000] {logging_mixin.py:120} INFO - [2023-03-12T01:33:08.437+0000] {dag.py:3340} INFO - Setting next_dagrun for consumer to None, run_after=None
[2023-03-12T01:33:08.458+0000] {processor.py:176} INFO - Processing /opt/airflow/dags/consumer.py took 0.104 seconds
[2023-03-12T01:33:39.069+0000] {processor.py:154} INFO - Started process (PID=9057) to work on /opt/airflow/dags/consumer.py
[2023-03-12T01:33:39.070+0000] {processor.py:756} INFO - Processing file /opt/airflow/dags/consumer.py for tasks to queue
[2023-03-12T01:33:39.071+0000] {logging_mixin.py:120} INFO - [2023-03-12T01:33:39.071+0000] {dagbag.py:537} INFO - Filling up the DagBag from /opt/airflow/dags/consumer.py
[2023-03-12T01:33:39.096+0000] {processor.py:766} INFO - DAG(s) dict_keys(['consumer']) retrieved from /opt/airflow/dags/consumer.py
[2023-03-12T01:33:39.130+0000] {logging_mixin.py:120} INFO - [2023-03-12T01:33:39.130+0000] {dag.py:2585} INFO - Sync 1 DAGs
[2023-03-12T01:33:39.148+0000] {logging_mixin.py:120} INFO - [2023-03-12T01:33:39.148+0000] {dag.py:3340} INFO - Setting next_dagrun for consumer to None, run_after=None
[2023-03-12T01:33:39.172+0000] {processor.py:176} INFO - Processing /opt/airflow/dags/consumer.py took 0.106 seconds
[2023-03-12T01:34:09.379+0000] {processor.py:154} INFO - Started process (PID=9095) to work on /opt/airflow/dags/consumer.py
[2023-03-12T01:34:09.380+0000] {processor.py:756} INFO - Processing file /opt/airflow/dags/consumer.py for tasks to queue
[2023-03-12T01:34:09.381+0000] {logging_mixin.py:120} INFO - [2023-03-12T01:34:09.381+0000] {dagbag.py:537} INFO - Filling up the DagBag from /opt/airflow/dags/consumer.py
[2023-03-12T01:34:09.404+0000] {processor.py:766} INFO - DAG(s) dict_keys(['consumer']) retrieved from /opt/airflow/dags/consumer.py
[2023-03-12T01:34:09.439+0000] {logging_mixin.py:120} INFO - [2023-03-12T01:34:09.439+0000] {dag.py:2585} INFO - Sync 1 DAGs
[2023-03-12T01:34:09.459+0000] {logging_mixin.py:120} INFO - [2023-03-12T01:34:09.459+0000] {dag.py:3340} INFO - Setting next_dagrun for consumer to None, run_after=None
[2023-03-12T01:34:09.485+0000] {processor.py:176} INFO - Processing /opt/airflow/dags/consumer.py took 0.108 seconds
[2023-03-12T01:34:40.122+0000] {processor.py:154} INFO - Started process (PID=9134) to work on /opt/airflow/dags/consumer.py
[2023-03-12T01:34:40.123+0000] {processor.py:756} INFO - Processing file /opt/airflow/dags/consumer.py for tasks to queue
[2023-03-12T01:34:40.124+0000] {logging_mixin.py:120} INFO - [2023-03-12T01:34:40.124+0000] {dagbag.py:537} INFO - Filling up the DagBag from /opt/airflow/dags/consumer.py
[2023-03-12T01:34:40.148+0000] {processor.py:766} INFO - DAG(s) dict_keys(['consumer']) retrieved from /opt/airflow/dags/consumer.py
[2023-03-12T01:34:40.183+0000] {logging_mixin.py:120} INFO - [2023-03-12T01:34:40.182+0000] {dag.py:2585} INFO - Sync 1 DAGs
[2023-03-12T01:34:40.203+0000] {logging_mixin.py:120} INFO - [2023-03-12T01:34:40.203+0000] {dag.py:3340} INFO - Setting next_dagrun for consumer to None, run_after=None
[2023-03-12T01:34:40.227+0000] {processor.py:176} INFO - Processing /opt/airflow/dags/consumer.py took 0.108 seconds
[2023-03-12T01:35:10.786+0000] {processor.py:154} INFO - Started process (PID=9163) to work on /opt/airflow/dags/consumer.py
[2023-03-12T01:35:10.788+0000] {processor.py:756} INFO - Processing file /opt/airflow/dags/consumer.py for tasks to queue
[2023-03-12T01:35:10.788+0000] {logging_mixin.py:120} INFO - [2023-03-12T01:35:10.788+0000] {dagbag.py:537} INFO - Filling up the DagBag from /opt/airflow/dags/consumer.py
[2023-03-12T01:35:10.813+0000] {processor.py:766} INFO - DAG(s) dict_keys(['consumer']) retrieved from /opt/airflow/dags/consumer.py
[2023-03-12T01:35:10.847+0000] {logging_mixin.py:120} INFO - [2023-03-12T01:35:10.847+0000] {dag.py:2585} INFO - Sync 1 DAGs
[2023-03-12T01:35:10.866+0000] {logging_mixin.py:120} INFO - [2023-03-12T01:35:10.866+0000] {dag.py:3340} INFO - Setting next_dagrun for consumer to None, run_after=None
[2023-03-12T01:35:10.895+0000] {processor.py:176} INFO - Processing /opt/airflow/dags/consumer.py took 0.111 seconds
[2023-03-12T01:35:41.329+0000] {processor.py:154} INFO - Started process (PID=9201) to work on /opt/airflow/dags/consumer.py
[2023-03-12T01:35:41.330+0000] {processor.py:756} INFO - Processing file /opt/airflow/dags/consumer.py for tasks to queue
[2023-03-12T01:35:41.331+0000] {logging_mixin.py:120} INFO - [2023-03-12T01:35:41.331+0000] {dagbag.py:537} INFO - Filling up the DagBag from /opt/airflow/dags/consumer.py
[2023-03-12T01:35:41.356+0000] {processor.py:766} INFO - DAG(s) dict_keys(['consumer']) retrieved from /opt/airflow/dags/consumer.py
[2023-03-12T01:35:41.390+0000] {logging_mixin.py:120} INFO - [2023-03-12T01:35:41.390+0000] {dag.py:2585} INFO - Sync 1 DAGs
[2023-03-12T01:35:41.409+0000] {logging_mixin.py:120} INFO - [2023-03-12T01:35:41.409+0000] {dag.py:3340} INFO - Setting next_dagrun for consumer to None, run_after=None
[2023-03-12T01:35:41.434+0000] {processor.py:176} INFO - Processing /opt/airflow/dags/consumer.py took 0.108 seconds
[2023-03-12T01:36:11.683+0000] {processor.py:154} INFO - Started process (PID=9239) to work on /opt/airflow/dags/consumer.py
[2023-03-12T01:36:11.684+0000] {processor.py:756} INFO - Processing file /opt/airflow/dags/consumer.py for tasks to queue
[2023-03-12T01:36:11.685+0000] {logging_mixin.py:120} INFO - [2023-03-12T01:36:11.684+0000] {dagbag.py:537} INFO - Filling up the DagBag from /opt/airflow/dags/consumer.py
[2023-03-12T01:36:11.712+0000] {processor.py:766} INFO - DAG(s) dict_keys(['consumer']) retrieved from /opt/airflow/dags/consumer.py
[2023-03-12T01:36:11.747+0000] {logging_mixin.py:120} INFO - [2023-03-12T01:36:11.747+0000] {dag.py:2585} INFO - Sync 1 DAGs
[2023-03-12T01:36:11.771+0000] {logging_mixin.py:120} INFO - [2023-03-12T01:36:11.771+0000] {dag.py:3340} INFO - Setting next_dagrun for consumer to None, run_after=None
[2023-03-12T01:36:11.798+0000] {processor.py:176} INFO - Processing /opt/airflow/dags/consumer.py took 0.118 seconds
