[2023-03-11T14:00:00.347+0000] {taskinstance.py:1165} INFO - Dependencies all met for <TaskInstance: xcom_dag.t1 manual__2023-03-11T13:58:24.233518+00:00 [queued]>
[2023-03-11T14:00:00.354+0000] {taskinstance.py:1165} INFO - Dependencies all met for <TaskInstance: xcom_dag.t1 manual__2023-03-11T13:58:24.233518+00:00 [queued]>
[2023-03-11T14:00:00.355+0000] {taskinstance.py:1362} INFO - 
--------------------------------------------------------------------------------
[2023-03-11T14:00:00.355+0000] {taskinstance.py:1363} INFO - Starting attempt 2 of 2
[2023-03-11T14:00:00.357+0000] {taskinstance.py:1364} INFO - 
--------------------------------------------------------------------------------
[2023-03-11T14:00:00.368+0000] {taskinstance.py:1383} INFO - Executing <Task(PythonOperator): t1> on 2023-03-11 13:58:24.233518+00:00
[2023-03-11T14:00:00.372+0000] {standard_task_runner.py:55} INFO - Started process 7622 to run task
[2023-03-11T14:00:00.375+0000] {standard_task_runner.py:82} INFO - Running: ['***', 'tasks', 'run', 'xcom_dag', 't1', 'manual__2023-03-11T13:58:24.233518+00:00', '--job-id', '95', '--raw', '--subdir', 'DAGS_FOLDER/xcom_dag.py', '--cfg-path', '/tmp/tmp79fh0j89']
[2023-03-11T14:00:00.376+0000] {standard_task_runner.py:83} INFO - Job 95: Subtask t1
[2023-03-11T14:00:00.428+0000] {task_command.py:376} INFO - Running <TaskInstance: xcom_dag.t1 manual__2023-03-11T13:58:24.233518+00:00 [running]> on host 4778231f673d
[2023-03-11T14:00:00.488+0000] {taskinstance.py:1592} INFO - Exporting the following env vars:
AIRFLOW_CTX_DAG_OWNER=***
AIRFLOW_CTX_DAG_ID=xcom_dag
AIRFLOW_CTX_TASK_ID=t1
AIRFLOW_CTX_EXECUTION_DATE=2023-03-11T13:58:24.233518+00:00
AIRFLOW_CTX_TRY_NUMBER=2
AIRFLOW_CTX_DAG_RUN_ID=manual__2023-03-11T13:58:24.233518+00:00
[2023-03-11T14:00:00.501+0000] {python.py:177} INFO - Done. Returned value was: None
[2023-03-11T14:00:00.509+0000] {taskinstance.py:1406} INFO - Marking task as SUCCESS. dag_id=xcom_dag, task_id=t1, execution_date=20230311T135824, start_date=20230311T140000, end_date=20230311T140000
[2023-03-11T14:00:00.547+0000] {local_task_job.py:164} INFO - Task exited with return code 0
[2023-03-11T14:00:00.572+0000] {local_task_job.py:273} INFO - 1 downstream tasks scheduled from follow-on schedule check
