[2023-03-11T04:50:42.868+0000] {taskinstance.py:1165} INFO - Dependencies all met for <TaskInstance: parallel_dag.extract_a manual__2023-03-11T04:50:42.080950+00:00 [queued]>
[2023-03-11T04:50:42.877+0000] {taskinstance.py:1165} INFO - Dependencies all met for <TaskInstance: parallel_dag.extract_a manual__2023-03-11T04:50:42.080950+00:00 [queued]>
[2023-03-11T04:50:42.877+0000] {taskinstance.py:1362} INFO - 
--------------------------------------------------------------------------------
[2023-03-11T04:50:42.878+0000] {taskinstance.py:1363} INFO - Starting attempt 1 of 1
[2023-03-11T04:50:42.878+0000] {taskinstance.py:1364} INFO - 
--------------------------------------------------------------------------------
[2023-03-11T04:50:42.891+0000] {taskinstance.py:1383} INFO - Executing <Task(BashOperator): extract_a> on 2023-03-11 04:50:42.080950+00:00
[2023-03-11T04:50:42.896+0000] {standard_task_runner.py:55} INFO - Started process 201 to run task
[2023-03-11T04:50:42.899+0000] {standard_task_runner.py:82} INFO - Running: ['***', 'tasks', 'run', 'parallel_dag', 'extract_a', 'manual__2023-03-11T04:50:42.080950+00:00', '--job-id', '53', '--raw', '--subdir', 'DAGS_FOLDER/parallel_dag.py', '--cfg-path', '/tmp/tmpqyxrq9sr']
[2023-03-11T04:50:42.900+0000] {standard_task_runner.py:83} INFO - Job 53: Subtask extract_a
[2023-03-11T04:50:42.956+0000] {task_command.py:376} INFO - Running <TaskInstance: parallel_dag.extract_a manual__2023-03-11T04:50:42.080950+00:00 [running]> on host d74120bba81a
[2023-03-11T04:50:43.019+0000] {taskinstance.py:1592} INFO - Exporting the following env vars:
AIRFLOW_CTX_DAG_OWNER=***
AIRFLOW_CTX_DAG_ID=parallel_dag
AIRFLOW_CTX_TASK_ID=extract_a
AIRFLOW_CTX_EXECUTION_DATE=2023-03-11T04:50:42.080950+00:00
AIRFLOW_CTX_TRY_NUMBER=1
AIRFLOW_CTX_DAG_RUN_ID=manual__2023-03-11T04:50:42.080950+00:00
[2023-03-11T04:50:43.021+0000] {subprocess.py:63} INFO - Tmp dir root location: 
 /tmp
[2023-03-11T04:50:43.021+0000] {subprocess.py:75} INFO - Running command: ['/bin/bash', '-c', 'sleep 10']
[2023-03-11T04:50:43.033+0000] {subprocess.py:86} INFO - Output:
[2023-03-11T04:50:53.035+0000] {subprocess.py:97} INFO - Command exited with return code 0
[2023-03-11T04:50:53.059+0000] {taskinstance.py:1406} INFO - Marking task as SUCCESS. dag_id=parallel_dag, task_id=extract_a, execution_date=20230311T045042, start_date=20230311T045042, end_date=20230311T045053
[2023-03-11T04:50:53.105+0000] {local_task_job.py:164} INFO - Task exited with return code 0
[2023-03-11T04:50:53.133+0000] {local_task_job.py:273} INFO - 1 downstream tasks scheduled from follow-on schedule check
