[2023-03-11T14:10:20.882+0000] {taskinstance.py:1165} INFO - Dependencies all met for <TaskInstance: xcom_dag.t2 manual__2023-03-11T14:10:18.123871+00:00 [queued]>
[2023-03-11T14:10:20.892+0000] {taskinstance.py:1165} INFO - Dependencies all met for <TaskInstance: xcom_dag.t2 manual__2023-03-11T14:10:18.123871+00:00 [queued]>
[2023-03-11T14:10:20.893+0000] {taskinstance.py:1362} INFO - 
--------------------------------------------------------------------------------
[2023-03-11T14:10:20.893+0000] {taskinstance.py:1363} INFO - Starting attempt 1 of 1
[2023-03-11T14:10:20.894+0000] {taskinstance.py:1364} INFO - 
--------------------------------------------------------------------------------
[2023-03-11T14:10:20.906+0000] {taskinstance.py:1383} INFO - Executing <Task(PythonOperator): t2> on 2023-03-11 14:10:18.123871+00:00
[2023-03-11T14:10:20.911+0000] {standard_task_runner.py:55} INFO - Started process 8143 to run task
[2023-03-11T14:10:20.914+0000] {standard_task_runner.py:82} INFO - Running: ['***', 'tasks', 'run', 'xcom_dag', 't2', 'manual__2023-03-11T14:10:18.123871+00:00', '--job-id', '106', '--raw', '--subdir', 'DAGS_FOLDER/xcom_dag.py', '--cfg-path', '/tmp/tmpg9wwun5d']
[2023-03-11T14:10:20.915+0000] {standard_task_runner.py:83} INFO - Job 106: Subtask t2
[2023-03-11T14:10:20.970+0000] {task_command.py:376} INFO - Running <TaskInstance: xcom_dag.t2 manual__2023-03-11T14:10:18.123871+00:00 [running]> on host 4778231f673d
[2023-03-11T14:10:21.025+0000] {taskinstance.py:1592} INFO - Exporting the following env vars:
AIRFLOW_CTX_DAG_OWNER=***
AIRFLOW_CTX_DAG_ID=xcom_dag
AIRFLOW_CTX_TASK_ID=t2
AIRFLOW_CTX_EXECUTION_DATE=2023-03-11T14:10:18.123871+00:00
AIRFLOW_CTX_TRY_NUMBER=1
AIRFLOW_CTX_DAG_RUN_ID=manual__2023-03-11T14:10:18.123871+00:00
[2023-03-11T14:10:21.034+0000] {python.py:177} INFO - Done. Returned value was: None
[2023-03-11T14:10:21.041+0000] {taskinstance.py:1406} INFO - Marking task as SUCCESS. dag_id=xcom_dag, task_id=t2, execution_date=20230311T141018, start_date=20230311T141020, end_date=20230311T141021
[2023-03-11T14:10:21.086+0000] {local_task_job.py:164} INFO - Task exited with return code 0
[2023-03-11T14:10:21.105+0000] {local_task_job.py:273} INFO - 0 downstream tasks scheduled from follow-on schedule check
