[2023-03-11T05:03:09.218+0000] {taskinstance.py:1165} INFO - Dependencies all met for <TaskInstance: parallel_dag.load_a manual__2023-03-11T05:02:57.806656+00:00 [queued]>
[2023-03-11T05:03:09.226+0000] {taskinstance.py:1165} INFO - Dependencies all met for <TaskInstance: parallel_dag.load_a manual__2023-03-11T05:02:57.806656+00:00 [queued]>
[2023-03-11T05:03:09.227+0000] {taskinstance.py:1362} INFO - 
--------------------------------------------------------------------------------
[2023-03-11T05:03:09.228+0000] {taskinstance.py:1363} INFO - Starting attempt 1 of 1
[2023-03-11T05:03:09.228+0000] {taskinstance.py:1364} INFO - 
--------------------------------------------------------------------------------
[2023-03-11T05:03:09.243+0000] {taskinstance.py:1383} INFO - Executing <Task(BashOperator): load_a> on 2023-03-11 05:02:57.806656+00:00
[2023-03-11T05:03:09.248+0000] {standard_task_runner.py:55} INFO - Started process 272 to run task
[2023-03-11T05:03:09.251+0000] {standard_task_runner.py:82} INFO - Running: ['***', 'tasks', 'run', 'parallel_dag', 'load_a', 'manual__2023-03-11T05:02:57.806656+00:00', '--job-id', '65', '--raw', '--subdir', 'DAGS_FOLDER/parallel_dag.py', '--cfg-path', '/tmp/tmpwkked_uz']
[2023-03-11T05:03:09.252+0000] {standard_task_runner.py:83} INFO - Job 65: Subtask load_a
[2023-03-11T05:03:09.298+0000] {task_command.py:376} INFO - Running <TaskInstance: parallel_dag.load_a manual__2023-03-11T05:02:57.806656+00:00 [running]> on host 4778231f673d
[2023-03-11T05:03:09.353+0000] {taskinstance.py:1592} INFO - Exporting the following env vars:
AIRFLOW_CTX_DAG_OWNER=***
AIRFLOW_CTX_DAG_ID=parallel_dag
AIRFLOW_CTX_TASK_ID=load_a
AIRFLOW_CTX_EXECUTION_DATE=2023-03-11T05:02:57.806656+00:00
AIRFLOW_CTX_TRY_NUMBER=1
AIRFLOW_CTX_DAG_RUN_ID=manual__2023-03-11T05:02:57.806656+00:00
[2023-03-11T05:03:09.354+0000] {subprocess.py:63} INFO - Tmp dir root location: 
 /tmp
[2023-03-11T05:03:09.355+0000] {subprocess.py:75} INFO - Running command: ['/bin/bash', '-c', 'sleep 10']
[2023-03-11T05:03:09.363+0000] {subprocess.py:86} INFO - Output:
[2023-03-11T05:03:19.366+0000] {subprocess.py:97} INFO - Command exited with return code 0
[2023-03-11T05:03:19.387+0000] {taskinstance.py:1406} INFO - Marking task as SUCCESS. dag_id=parallel_dag, task_id=load_a, execution_date=20230311T050257, start_date=20230311T050309, end_date=20230311T050319
[2023-03-11T05:03:19.408+0000] {local_task_job.py:164} INFO - Task exited with return code 0
[2023-03-11T05:03:19.434+0000] {local_task_job.py:273} INFO - 0 downstream tasks scheduled from follow-on schedule check
