[2023-03-12T01:41:15.776+0000] {processor.py:154} INFO - Started process (PID=9577) to work on /opt/airflow/dags/subdags/group_downloads.py
[2023-03-12T01:41:15.777+0000] {processor.py:756} INFO - Processing file /opt/airflow/dags/subdags/group_downloads.py for tasks to queue
[2023-03-12T01:41:15.778+0000] {logging_mixin.py:120} INFO - [2023-03-12T01:41:15.778+0000] {dagbag.py:537} INFO - Filling up the DagBag from /opt/airflow/dags/subdags/group_downloads.py
[2023-03-12T01:41:15.792+0000] {processor.py:768} WARNING - No viable dags retrieved from /opt/airflow/dags/subdags/group_downloads.py
[2023-03-12T01:41:15.804+0000] {processor.py:176} INFO - Processing /opt/airflow/dags/subdags/group_downloads.py took 0.031 seconds
[2023-03-12T01:41:46.805+0000] {processor.py:154} INFO - Started process (PID=9604) to work on /opt/airflow/dags/subdags/group_downloads.py
[2023-03-12T01:41:46.806+0000] {processor.py:756} INFO - Processing file /opt/airflow/dags/subdags/group_downloads.py for tasks to queue
[2023-03-12T01:41:46.807+0000] {logging_mixin.py:120} INFO - [2023-03-12T01:41:46.807+0000] {dagbag.py:537} INFO - Filling up the DagBag from /opt/airflow/dags/subdags/group_downloads.py
[2023-03-12T01:41:46.821+0000] {processor.py:768} WARNING - No viable dags retrieved from /opt/airflow/dags/subdags/group_downloads.py
[2023-03-12T01:41:46.834+0000] {processor.py:176} INFO - Processing /opt/airflow/dags/subdags/group_downloads.py took 0.032 seconds
[2023-03-12T01:42:17.527+0000] {processor.py:154} INFO - Started process (PID=9641) to work on /opt/airflow/dags/subdags/group_downloads.py
[2023-03-12T01:42:17.528+0000] {processor.py:756} INFO - Processing file /opt/airflow/dags/subdags/group_downloads.py for tasks to queue
[2023-03-12T01:42:17.529+0000] {logging_mixin.py:120} INFO - [2023-03-12T01:42:17.529+0000] {dagbag.py:537} INFO - Filling up the DagBag from /opt/airflow/dags/subdags/group_downloads.py
[2023-03-12T01:42:17.542+0000] {processor.py:768} WARNING - No viable dags retrieved from /opt/airflow/dags/subdags/group_downloads.py
[2023-03-12T01:42:17.553+0000] {processor.py:176} INFO - Processing /opt/airflow/dags/subdags/group_downloads.py took 0.029 seconds
[2023-03-12T01:42:48.222+0000] {processor.py:154} INFO - Started process (PID=9677) to work on /opt/airflow/dags/subdags/group_downloads.py
[2023-03-12T01:42:48.223+0000] {processor.py:756} INFO - Processing file /opt/airflow/dags/subdags/group_downloads.py for tasks to queue
[2023-03-12T01:42:48.224+0000] {logging_mixin.py:120} INFO - [2023-03-12T01:42:48.223+0000] {dagbag.py:537} INFO - Filling up the DagBag from /opt/airflow/dags/subdags/group_downloads.py
[2023-03-12T01:42:48.238+0000] {processor.py:768} WARNING - No viable dags retrieved from /opt/airflow/dags/subdags/group_downloads.py
[2023-03-12T01:42:48.250+0000] {processor.py:176} INFO - Processing /opt/airflow/dags/subdags/group_downloads.py took 0.031 seconds
[2023-03-12T01:43:19.007+0000] {processor.py:154} INFO - Started process (PID=9713) to work on /opt/airflow/dags/subdags/group_downloads.py
[2023-03-12T01:43:19.008+0000] {processor.py:756} INFO - Processing file /opt/airflow/dags/subdags/group_downloads.py for tasks to queue
[2023-03-12T01:43:19.008+0000] {logging_mixin.py:120} INFO - [2023-03-12T01:43:19.008+0000] {dagbag.py:537} INFO - Filling up the DagBag from /opt/airflow/dags/subdags/group_downloads.py
[2023-03-12T01:43:19.023+0000] {processor.py:768} WARNING - No viable dags retrieved from /opt/airflow/dags/subdags/group_downloads.py
[2023-03-12T01:43:19.037+0000] {processor.py:176} INFO - Processing /opt/airflow/dags/subdags/group_downloads.py took 0.033 seconds
[2023-03-12T01:43:49.694+0000] {processor.py:154} INFO - Started process (PID=9749) to work on /opt/airflow/dags/subdags/group_downloads.py
[2023-03-12T01:43:49.695+0000] {processor.py:756} INFO - Processing file /opt/airflow/dags/subdags/group_downloads.py for tasks to queue
[2023-03-12T01:43:49.696+0000] {logging_mixin.py:120} INFO - [2023-03-12T01:43:49.695+0000] {dagbag.py:537} INFO - Filling up the DagBag from /opt/airflow/dags/subdags/group_downloads.py
[2023-03-12T01:43:49.710+0000] {processor.py:768} WARNING - No viable dags retrieved from /opt/airflow/dags/subdags/group_downloads.py
[2023-03-12T01:43:49.722+0000] {processor.py:176} INFO - Processing /opt/airflow/dags/subdags/group_downloads.py took 0.030 seconds
[2023-03-12T01:44:20.486+0000] {processor.py:154} INFO - Started process (PID=9776) to work on /opt/airflow/dags/subdags/group_downloads.py
[2023-03-12T01:44:20.487+0000] {processor.py:756} INFO - Processing file /opt/airflow/dags/subdags/group_downloads.py for tasks to queue
[2023-03-12T01:44:20.489+0000] {logging_mixin.py:120} INFO - [2023-03-12T01:44:20.489+0000] {dagbag.py:537} INFO - Filling up the DagBag from /opt/airflow/dags/subdags/group_downloads.py
[2023-03-12T01:44:20.503+0000] {processor.py:768} WARNING - No viable dags retrieved from /opt/airflow/dags/subdags/group_downloads.py
[2023-03-12T01:44:20.515+0000] {processor.py:176} INFO - Processing /opt/airflow/dags/subdags/group_downloads.py took 0.032 seconds
[2023-03-12T01:44:50.575+0000] {processor.py:154} INFO - Started process (PID=9813) to work on /opt/airflow/dags/subdags/group_downloads.py
[2023-03-12T01:44:50.576+0000] {processor.py:756} INFO - Processing file /opt/airflow/dags/subdags/group_downloads.py for tasks to queue
[2023-03-12T01:44:50.577+0000] {logging_mixin.py:120} INFO - [2023-03-12T01:44:50.577+0000] {dagbag.py:537} INFO - Filling up the DagBag from /opt/airflow/dags/subdags/group_downloads.py
[2023-03-12T01:44:50.591+0000] {processor.py:768} WARNING - No viable dags retrieved from /opt/airflow/dags/subdags/group_downloads.py
[2023-03-12T01:44:50.603+0000] {processor.py:176} INFO - Processing /opt/airflow/dags/subdags/group_downloads.py took 0.031 seconds
[2023-03-12T01:45:21.309+0000] {processor.py:154} INFO - Started process (PID=9848) to work on /opt/airflow/dags/subdags/group_downloads.py
[2023-03-12T01:45:21.310+0000] {processor.py:756} INFO - Processing file /opt/airflow/dags/subdags/group_downloads.py for tasks to queue
[2023-03-12T01:45:21.311+0000] {logging_mixin.py:120} INFO - [2023-03-12T01:45:21.311+0000] {dagbag.py:537} INFO - Filling up the DagBag from /opt/airflow/dags/subdags/group_downloads.py
[2023-03-12T01:45:21.324+0000] {processor.py:768} WARNING - No viable dags retrieved from /opt/airflow/dags/subdags/group_downloads.py
[2023-03-12T01:45:21.335+0000] {processor.py:176} INFO - Processing /opt/airflow/dags/subdags/group_downloads.py took 0.030 seconds
[2023-03-12T01:45:52.020+0000] {processor.py:154} INFO - Started process (PID=9885) to work on /opt/airflow/dags/subdags/group_downloads.py
[2023-03-12T01:45:52.021+0000] {processor.py:756} INFO - Processing file /opt/airflow/dags/subdags/group_downloads.py for tasks to queue
[2023-03-12T01:45:52.021+0000] {logging_mixin.py:120} INFO - [2023-03-12T01:45:52.021+0000] {dagbag.py:537} INFO - Filling up the DagBag from /opt/airflow/dags/subdags/group_downloads.py
[2023-03-12T01:45:52.034+0000] {processor.py:768} WARNING - No viable dags retrieved from /opt/airflow/dags/subdags/group_downloads.py
[2023-03-12T01:45:52.045+0000] {processor.py:176} INFO - Processing /opt/airflow/dags/subdags/group_downloads.py took 0.028 seconds
[2023-03-12T01:46:22.724+0000] {processor.py:154} INFO - Started process (PID=9912) to work on /opt/airflow/dags/subdags/group_downloads.py
[2023-03-12T01:46:22.725+0000] {processor.py:756} INFO - Processing file /opt/airflow/dags/subdags/group_downloads.py for tasks to queue
[2023-03-12T01:46:22.726+0000] {logging_mixin.py:120} INFO - [2023-03-12T01:46:22.726+0000] {dagbag.py:537} INFO - Filling up the DagBag from /opt/airflow/dags/subdags/group_downloads.py
[2023-03-12T01:46:22.741+0000] {processor.py:768} WARNING - No viable dags retrieved from /opt/airflow/dags/subdags/group_downloads.py
[2023-03-12T01:46:22.753+0000] {processor.py:176} INFO - Processing /opt/airflow/dags/subdags/group_downloads.py took 0.032 seconds
[2023-03-12T01:46:53.465+0000] {processor.py:154} INFO - Started process (PID=9948) to work on /opt/airflow/dags/subdags/group_downloads.py
[2023-03-12T01:46:53.466+0000] {processor.py:756} INFO - Processing file /opt/airflow/dags/subdags/group_downloads.py for tasks to queue
[2023-03-12T01:46:53.467+0000] {logging_mixin.py:120} INFO - [2023-03-12T01:46:53.467+0000] {dagbag.py:537} INFO - Filling up the DagBag from /opt/airflow/dags/subdags/group_downloads.py
[2023-03-12T01:46:53.482+0000] {processor.py:768} WARNING - No viable dags retrieved from /opt/airflow/dags/subdags/group_downloads.py
[2023-03-12T01:46:53.493+0000] {processor.py:176} INFO - Processing /opt/airflow/dags/subdags/group_downloads.py took 0.031 seconds
[2023-03-12T01:47:23.535+0000] {processor.py:154} INFO - Started process (PID=9983) to work on /opt/airflow/dags/subdags/group_downloads.py
[2023-03-12T01:47:23.536+0000] {processor.py:756} INFO - Processing file /opt/airflow/dags/subdags/group_downloads.py for tasks to queue
[2023-03-12T01:47:23.537+0000] {logging_mixin.py:120} INFO - [2023-03-12T01:47:23.537+0000] {dagbag.py:537} INFO - Filling up the DagBag from /opt/airflow/dags/subdags/group_downloads.py
[2023-03-12T01:47:23.551+0000] {processor.py:768} WARNING - No viable dags retrieved from /opt/airflow/dags/subdags/group_downloads.py
[2023-03-12T01:47:23.563+0000] {processor.py:176} INFO - Processing /opt/airflow/dags/subdags/group_downloads.py took 0.030 seconds
[2023-03-12T01:47:53.645+0000] {processor.py:154} INFO - Started process (PID=10019) to work on /opt/airflow/dags/subdags/group_downloads.py
[2023-03-12T01:47:53.646+0000] {processor.py:756} INFO - Processing file /opt/airflow/dags/subdags/group_downloads.py for tasks to queue
[2023-03-12T01:47:53.647+0000] {logging_mixin.py:120} INFO - [2023-03-12T01:47:53.646+0000] {dagbag.py:537} INFO - Filling up the DagBag from /opt/airflow/dags/subdags/group_downloads.py
[2023-03-12T01:47:53.662+0000] {processor.py:768} WARNING - No viable dags retrieved from /opt/airflow/dags/subdags/group_downloads.py
[2023-03-12T01:47:53.673+0000] {processor.py:176} INFO - Processing /opt/airflow/dags/subdags/group_downloads.py took 0.030 seconds
[2023-03-12T01:48:24.195+0000] {processor.py:154} INFO - Started process (PID=10046) to work on /opt/airflow/dags/subdags/group_downloads.py
[2023-03-12T01:48:24.196+0000] {processor.py:756} INFO - Processing file /opt/airflow/dags/subdags/group_downloads.py for tasks to queue
[2023-03-12T01:48:24.197+0000] {logging_mixin.py:120} INFO - [2023-03-12T01:48:24.196+0000] {dagbag.py:537} INFO - Filling up the DagBag from /opt/airflow/dags/subdags/group_downloads.py
[2023-03-12T01:48:24.212+0000] {processor.py:768} WARNING - No viable dags retrieved from /opt/airflow/dags/subdags/group_downloads.py
[2023-03-12T01:48:24.222+0000] {processor.py:176} INFO - Processing /opt/airflow/dags/subdags/group_downloads.py took 0.030 seconds
[2023-03-12T01:48:54.805+0000] {processor.py:154} INFO - Started process (PID=10082) to work on /opt/airflow/dags/subdags/group_downloads.py
[2023-03-12T01:48:54.806+0000] {processor.py:756} INFO - Processing file /opt/airflow/dags/subdags/group_downloads.py for tasks to queue
[2023-03-12T01:48:54.806+0000] {logging_mixin.py:120} INFO - [2023-03-12T01:48:54.806+0000] {dagbag.py:537} INFO - Filling up the DagBag from /opt/airflow/dags/subdags/group_downloads.py
[2023-03-12T01:48:54.822+0000] {processor.py:768} WARNING - No viable dags retrieved from /opt/airflow/dags/subdags/group_downloads.py
[2023-03-12T01:48:54.833+0000] {processor.py:176} INFO - Processing /opt/airflow/dags/subdags/group_downloads.py took 0.031 seconds
[2023-03-12T01:49:25.467+0000] {processor.py:154} INFO - Started process (PID=10118) to work on /opt/airflow/dags/subdags/group_downloads.py
[2023-03-12T01:49:25.468+0000] {processor.py:756} INFO - Processing file /opt/airflow/dags/subdags/group_downloads.py for tasks to queue
[2023-03-12T01:49:25.469+0000] {logging_mixin.py:120} INFO - [2023-03-12T01:49:25.469+0000] {dagbag.py:537} INFO - Filling up the DagBag from /opt/airflow/dags/subdags/group_downloads.py
[2023-03-12T01:49:25.485+0000] {processor.py:768} WARNING - No viable dags retrieved from /opt/airflow/dags/subdags/group_downloads.py
[2023-03-12T01:49:25.497+0000] {processor.py:176} INFO - Processing /opt/airflow/dags/subdags/group_downloads.py took 0.032 seconds
[2023-03-12T01:49:55.619+0000] {processor.py:154} INFO - Started process (PID=10154) to work on /opt/airflow/dags/subdags/group_downloads.py
[2023-03-12T01:49:55.620+0000] {processor.py:756} INFO - Processing file /opt/airflow/dags/subdags/group_downloads.py for tasks to queue
[2023-03-12T01:49:55.621+0000] {logging_mixin.py:120} INFO - [2023-03-12T01:49:55.621+0000] {dagbag.py:537} INFO - Filling up the DagBag from /opt/airflow/dags/subdags/group_downloads.py
[2023-03-12T01:49:55.637+0000] {processor.py:768} WARNING - No viable dags retrieved from /opt/airflow/dags/subdags/group_downloads.py
[2023-03-12T01:49:55.649+0000] {processor.py:176} INFO - Processing /opt/airflow/dags/subdags/group_downloads.py took 0.033 seconds
[2023-03-12T01:50:26.202+0000] {processor.py:154} INFO - Started process (PID=10190) to work on /opt/airflow/dags/subdags/group_downloads.py
[2023-03-12T01:50:26.203+0000] {processor.py:756} INFO - Processing file /opt/airflow/dags/subdags/group_downloads.py for tasks to queue
[2023-03-12T01:50:26.204+0000] {logging_mixin.py:120} INFO - [2023-03-12T01:50:26.204+0000] {dagbag.py:537} INFO - Filling up the DagBag from /opt/airflow/dags/subdags/group_downloads.py
[2023-03-12T01:50:26.219+0000] {processor.py:768} WARNING - No viable dags retrieved from /opt/airflow/dags/subdags/group_downloads.py
[2023-03-12T01:50:26.230+0000] {processor.py:176} INFO - Processing /opt/airflow/dags/subdags/group_downloads.py took 0.031 seconds
[2023-03-12T01:50:56.788+0000] {processor.py:154} INFO - Started process (PID=10217) to work on /opt/airflow/dags/subdags/group_downloads.py
[2023-03-12T01:50:56.789+0000] {processor.py:756} INFO - Processing file /opt/airflow/dags/subdags/group_downloads.py for tasks to queue
[2023-03-12T01:50:56.789+0000] {logging_mixin.py:120} INFO - [2023-03-12T01:50:56.789+0000] {dagbag.py:537} INFO - Filling up the DagBag from /opt/airflow/dags/subdags/group_downloads.py
[2023-03-12T01:50:56.805+0000] {processor.py:768} WARNING - No viable dags retrieved from /opt/airflow/dags/subdags/group_downloads.py
[2023-03-12T01:50:56.815+0000] {processor.py:176} INFO - Processing /opt/airflow/dags/subdags/group_downloads.py took 0.030 seconds
[2023-03-12T01:51:27.452+0000] {processor.py:154} INFO - Started process (PID=10253) to work on /opt/airflow/dags/subdags/group_downloads.py
[2023-03-12T01:51:27.453+0000] {processor.py:756} INFO - Processing file /opt/airflow/dags/subdags/group_downloads.py for tasks to queue
[2023-03-12T01:51:27.453+0000] {logging_mixin.py:120} INFO - [2023-03-12T01:51:27.453+0000] {dagbag.py:537} INFO - Filling up the DagBag from /opt/airflow/dags/subdags/group_downloads.py
[2023-03-12T01:51:27.468+0000] {processor.py:768} WARNING - No viable dags retrieved from /opt/airflow/dags/subdags/group_downloads.py
[2023-03-12T01:51:27.479+0000] {processor.py:176} INFO - Processing /opt/airflow/dags/subdags/group_downloads.py took 0.030 seconds
[2023-03-12T01:51:58.457+0000] {processor.py:154} INFO - Started process (PID=10289) to work on /opt/airflow/dags/subdags/group_downloads.py
[2023-03-12T01:51:58.458+0000] {processor.py:756} INFO - Processing file /opt/airflow/dags/subdags/group_downloads.py for tasks to queue
[2023-03-12T01:51:58.459+0000] {logging_mixin.py:120} INFO - [2023-03-12T01:51:58.459+0000] {dagbag.py:537} INFO - Filling up the DagBag from /opt/airflow/dags/subdags/group_downloads.py
[2023-03-12T01:51:58.473+0000] {processor.py:768} WARNING - No viable dags retrieved from /opt/airflow/dags/subdags/group_downloads.py
[2023-03-12T01:51:58.485+0000] {processor.py:176} INFO - Processing /opt/airflow/dags/subdags/group_downloads.py took 0.030 seconds
[2023-03-12T01:52:29.117+0000] {processor.py:154} INFO - Started process (PID=10325) to work on /opt/airflow/dags/subdags/group_downloads.py
[2023-03-12T01:52:29.118+0000] {processor.py:756} INFO - Processing file /opt/airflow/dags/subdags/group_downloads.py for tasks to queue
[2023-03-12T01:52:29.119+0000] {logging_mixin.py:120} INFO - [2023-03-12T01:52:29.118+0000] {dagbag.py:537} INFO - Filling up the DagBag from /opt/airflow/dags/subdags/group_downloads.py
[2023-03-12T01:52:29.135+0000] {processor.py:768} WARNING - No viable dags retrieved from /opt/airflow/dags/subdags/group_downloads.py
[2023-03-12T01:52:29.146+0000] {processor.py:176} INFO - Processing /opt/airflow/dags/subdags/group_downloads.py took 0.032 seconds
[2023-03-12T01:52:59.715+0000] {processor.py:154} INFO - Started process (PID=10353) to work on /opt/airflow/dags/subdags/group_downloads.py
[2023-03-12T01:52:59.716+0000] {processor.py:756} INFO - Processing file /opt/airflow/dags/subdags/group_downloads.py for tasks to queue
[2023-03-12T01:52:59.717+0000] {logging_mixin.py:120} INFO - [2023-03-12T01:52:59.717+0000] {dagbag.py:537} INFO - Filling up the DagBag from /opt/airflow/dags/subdags/group_downloads.py
[2023-03-12T01:52:59.731+0000] {processor.py:768} WARNING - No viable dags retrieved from /opt/airflow/dags/subdags/group_downloads.py
[2023-03-12T01:52:59.742+0000] {processor.py:176} INFO - Processing /opt/airflow/dags/subdags/group_downloads.py took 0.030 seconds
[2023-03-12T01:53:30.289+0000] {processor.py:154} INFO - Started process (PID=10389) to work on /opt/airflow/dags/subdags/group_downloads.py
[2023-03-12T01:53:30.290+0000] {processor.py:756} INFO - Processing file /opt/airflow/dags/subdags/group_downloads.py for tasks to queue
[2023-03-12T01:53:30.291+0000] {logging_mixin.py:120} INFO - [2023-03-12T01:53:30.291+0000] {dagbag.py:537} INFO - Filling up the DagBag from /opt/airflow/dags/subdags/group_downloads.py
[2023-03-12T01:53:30.305+0000] {processor.py:768} WARNING - No viable dags retrieved from /opt/airflow/dags/subdags/group_downloads.py
[2023-03-12T01:53:30.317+0000] {processor.py:176} INFO - Processing /opt/airflow/dags/subdags/group_downloads.py took 0.030 seconds
[2023-03-12T01:54:00.825+0000] {processor.py:154} INFO - Started process (PID=10425) to work on /opt/airflow/dags/subdags/group_downloads.py
[2023-03-12T01:54:00.826+0000] {processor.py:756} INFO - Processing file /opt/airflow/dags/subdags/group_downloads.py for tasks to queue
[2023-03-12T01:54:00.827+0000] {logging_mixin.py:120} INFO - [2023-03-12T01:54:00.827+0000] {dagbag.py:537} INFO - Filling up the DagBag from /opt/airflow/dags/subdags/group_downloads.py
[2023-03-12T01:54:00.842+0000] {processor.py:768} WARNING - No viable dags retrieved from /opt/airflow/dags/subdags/group_downloads.py
[2023-03-12T01:54:00.854+0000] {processor.py:176} INFO - Processing /opt/airflow/dags/subdags/group_downloads.py took 0.031 seconds
[2023-03-12T01:54:31.406+0000] {processor.py:154} INFO - Started process (PID=10462) to work on /opt/airflow/dags/subdags/group_downloads.py
[2023-03-12T01:54:31.407+0000] {processor.py:756} INFO - Processing file /opt/airflow/dags/subdags/group_downloads.py for tasks to queue
[2023-03-12T01:54:31.407+0000] {logging_mixin.py:120} INFO - [2023-03-12T01:54:31.407+0000] {dagbag.py:537} INFO - Filling up the DagBag from /opt/airflow/dags/subdags/group_downloads.py
[2023-03-12T01:54:31.427+0000] {processor.py:768} WARNING - No viable dags retrieved from /opt/airflow/dags/subdags/group_downloads.py
[2023-03-12T01:54:31.438+0000] {processor.py:176} INFO - Processing /opt/airflow/dags/subdags/group_downloads.py took 0.035 seconds
[2023-03-12T01:55:01.969+0000] {processor.py:154} INFO - Started process (PID=10497) to work on /opt/airflow/dags/subdags/group_downloads.py
[2023-03-12T01:55:01.970+0000] {processor.py:756} INFO - Processing file /opt/airflow/dags/subdags/group_downloads.py for tasks to queue
[2023-03-12T01:55:01.971+0000] {logging_mixin.py:120} INFO - [2023-03-12T01:55:01.971+0000] {dagbag.py:537} INFO - Filling up the DagBag from /opt/airflow/dags/subdags/group_downloads.py
[2023-03-12T01:55:01.988+0000] {processor.py:768} WARNING - No viable dags retrieved from /opt/airflow/dags/subdags/group_downloads.py
[2023-03-12T01:55:02.001+0000] {processor.py:176} INFO - Processing /opt/airflow/dags/subdags/group_downloads.py took 0.034 seconds
[2023-03-12T01:55:32.590+0000] {processor.py:154} INFO - Started process (PID=10527) to work on /opt/airflow/dags/subdags/group_downloads.py
[2023-03-12T01:55:32.591+0000] {processor.py:756} INFO - Processing file /opt/airflow/dags/subdags/group_downloads.py for tasks to queue
[2023-03-12T01:55:32.592+0000] {logging_mixin.py:120} INFO - [2023-03-12T01:55:32.592+0000] {dagbag.py:537} INFO - Filling up the DagBag from /opt/airflow/dags/subdags/group_downloads.py
[2023-03-12T01:55:32.607+0000] {processor.py:768} WARNING - No viable dags retrieved from /opt/airflow/dags/subdags/group_downloads.py
[2023-03-12T01:55:32.619+0000] {processor.py:176} INFO - Processing /opt/airflow/dags/subdags/group_downloads.py took 0.031 seconds
[2023-03-12T01:56:02.668+0000] {processor.py:154} INFO - Started process (PID=10563) to work on /opt/airflow/dags/subdags/group_downloads.py
[2023-03-12T01:56:02.669+0000] {processor.py:756} INFO - Processing file /opt/airflow/dags/subdags/group_downloads.py for tasks to queue
[2023-03-12T01:56:02.670+0000] {logging_mixin.py:120} INFO - [2023-03-12T01:56:02.670+0000] {dagbag.py:537} INFO - Filling up the DagBag from /opt/airflow/dags/subdags/group_downloads.py
[2023-03-12T01:56:02.689+0000] {processor.py:768} WARNING - No viable dags retrieved from /opt/airflow/dags/subdags/group_downloads.py
[2023-03-12T01:56:02.701+0000] {processor.py:176} INFO - Processing /opt/airflow/dags/subdags/group_downloads.py took 0.035 seconds
[2023-03-12T01:56:32.834+0000] {processor.py:154} INFO - Started process (PID=10599) to work on /opt/airflow/dags/subdags/group_downloads.py
[2023-03-12T01:56:32.835+0000] {processor.py:756} INFO - Processing file /opt/airflow/dags/subdags/group_downloads.py for tasks to queue
[2023-03-12T01:56:32.835+0000] {logging_mixin.py:120} INFO - [2023-03-12T01:56:32.835+0000] {dagbag.py:537} INFO - Filling up the DagBag from /opt/airflow/dags/subdags/group_downloads.py
[2023-03-12T01:56:32.850+0000] {processor.py:768} WARNING - No viable dags retrieved from /opt/airflow/dags/subdags/group_downloads.py
[2023-03-12T01:56:32.862+0000] {processor.py:176} INFO - Processing /opt/airflow/dags/subdags/group_downloads.py took 0.031 seconds
[2023-03-12T01:57:03.844+0000] {processor.py:154} INFO - Started process (PID=10635) to work on /opt/airflow/dags/subdags/group_downloads.py
[2023-03-12T01:57:03.845+0000] {processor.py:756} INFO - Processing file /opt/airflow/dags/subdags/group_downloads.py for tasks to queue
[2023-03-12T01:57:03.846+0000] {logging_mixin.py:120} INFO - [2023-03-12T01:57:03.846+0000] {dagbag.py:537} INFO - Filling up the DagBag from /opt/airflow/dags/subdags/group_downloads.py
[2023-03-12T01:57:03.861+0000] {processor.py:768} WARNING - No viable dags retrieved from /opt/airflow/dags/subdags/group_downloads.py
[2023-03-12T01:57:03.873+0000] {processor.py:176} INFO - Processing /opt/airflow/dags/subdags/group_downloads.py took 0.031 seconds
[2023-03-12T01:57:34.471+0000] {processor.py:154} INFO - Started process (PID=10662) to work on /opt/airflow/dags/subdags/group_downloads.py
[2023-03-12T01:57:34.472+0000] {processor.py:756} INFO - Processing file /opt/airflow/dags/subdags/group_downloads.py for tasks to queue
[2023-03-12T01:57:34.473+0000] {logging_mixin.py:120} INFO - [2023-03-12T01:57:34.472+0000] {dagbag.py:537} INFO - Filling up the DagBag from /opt/airflow/dags/subdags/group_downloads.py
[2023-03-12T01:57:34.489+0000] {processor.py:768} WARNING - No viable dags retrieved from /opt/airflow/dags/subdags/group_downloads.py
[2023-03-12T01:57:34.500+0000] {processor.py:176} INFO - Processing /opt/airflow/dags/subdags/group_downloads.py took 0.031 seconds
[2023-03-12T01:58:05.033+0000] {processor.py:154} INFO - Started process (PID=10698) to work on /opt/airflow/dags/subdags/group_downloads.py
[2023-03-12T01:58:05.034+0000] {processor.py:756} INFO - Processing file /opt/airflow/dags/subdags/group_downloads.py for tasks to queue
[2023-03-12T01:58:05.035+0000] {logging_mixin.py:120} INFO - [2023-03-12T01:58:05.034+0000] {dagbag.py:537} INFO - Filling up the DagBag from /opt/airflow/dags/subdags/group_downloads.py
[2023-03-12T01:58:05.052+0000] {processor.py:768} WARNING - No viable dags retrieved from /opt/airflow/dags/subdags/group_downloads.py
[2023-03-12T01:58:05.063+0000] {processor.py:176} INFO - Processing /opt/airflow/dags/subdags/group_downloads.py took 0.033 seconds
[2023-03-12T01:58:35.126+0000] {processor.py:154} INFO - Started process (PID=10734) to work on /opt/airflow/dags/subdags/group_downloads.py
[2023-03-12T01:58:35.127+0000] {processor.py:756} INFO - Processing file /opt/airflow/dags/subdags/group_downloads.py for tasks to queue
[2023-03-12T01:58:35.128+0000] {logging_mixin.py:120} INFO - [2023-03-12T01:58:35.128+0000] {dagbag.py:537} INFO - Filling up the DagBag from /opt/airflow/dags/subdags/group_downloads.py
[2023-03-12T01:58:35.145+0000] {processor.py:768} WARNING - No viable dags retrieved from /opt/airflow/dags/subdags/group_downloads.py
[2023-03-12T01:58:35.158+0000] {processor.py:176} INFO - Processing /opt/airflow/dags/subdags/group_downloads.py took 0.035 seconds
[2023-03-12T01:59:05.308+0000] {processor.py:154} INFO - Started process (PID=10771) to work on /opt/airflow/dags/subdags/group_downloads.py
[2023-03-12T01:59:05.309+0000] {processor.py:756} INFO - Processing file /opt/airflow/dags/subdags/group_downloads.py for tasks to queue
[2023-03-12T01:59:05.310+0000] {logging_mixin.py:120} INFO - [2023-03-12T01:59:05.310+0000] {dagbag.py:537} INFO - Filling up the DagBag from /opt/airflow/dags/subdags/group_downloads.py
[2023-03-12T01:59:05.325+0000] {processor.py:768} WARNING - No viable dags retrieved from /opt/airflow/dags/subdags/group_downloads.py
[2023-03-12T01:59:05.337+0000] {processor.py:176} INFO - Processing /opt/airflow/dags/subdags/group_downloads.py took 0.031 seconds
[2023-03-12T01:59:35.403+0000] {processor.py:154} INFO - Started process (PID=10798) to work on /opt/airflow/dags/subdags/group_downloads.py
[2023-03-12T01:59:35.404+0000] {processor.py:756} INFO - Processing file /opt/airflow/dags/subdags/group_downloads.py for tasks to queue
[2023-03-12T01:59:35.405+0000] {logging_mixin.py:120} INFO - [2023-03-12T01:59:35.405+0000] {dagbag.py:537} INFO - Filling up the DagBag from /opt/airflow/dags/subdags/group_downloads.py
[2023-03-12T01:59:35.419+0000] {processor.py:768} WARNING - No viable dags retrieved from /opt/airflow/dags/subdags/group_downloads.py
[2023-03-12T01:59:35.431+0000] {processor.py:176} INFO - Processing /opt/airflow/dags/subdags/group_downloads.py took 0.031 seconds
[2023-03-12T02:00:05.522+0000] {processor.py:154} INFO - Started process (PID=10834) to work on /opt/airflow/dags/subdags/group_downloads.py
[2023-03-12T02:00:05.523+0000] {processor.py:756} INFO - Processing file /opt/airflow/dags/subdags/group_downloads.py for tasks to queue
[2023-03-12T02:00:05.524+0000] {logging_mixin.py:120} INFO - [2023-03-12T02:00:05.524+0000] {dagbag.py:537} INFO - Filling up the DagBag from /opt/airflow/dags/subdags/group_downloads.py
[2023-03-12T02:00:05.540+0000] {processor.py:768} WARNING - No viable dags retrieved from /opt/airflow/dags/subdags/group_downloads.py
[2023-03-12T02:00:05.551+0000] {processor.py:176} INFO - Processing /opt/airflow/dags/subdags/group_downloads.py took 0.032 seconds
[2023-03-12T02:00:36.101+0000] {processor.py:154} INFO - Started process (PID=10871) to work on /opt/airflow/dags/subdags/group_downloads.py
[2023-03-12T02:00:36.102+0000] {processor.py:756} INFO - Processing file /opt/airflow/dags/subdags/group_downloads.py for tasks to queue
[2023-03-12T02:00:36.103+0000] {logging_mixin.py:120} INFO - [2023-03-12T02:00:36.102+0000] {dagbag.py:537} INFO - Filling up the DagBag from /opt/airflow/dags/subdags/group_downloads.py
[2023-03-12T02:00:36.118+0000] {processor.py:768} WARNING - No viable dags retrieved from /opt/airflow/dags/subdags/group_downloads.py
[2023-03-12T02:00:36.129+0000] {processor.py:176} INFO - Processing /opt/airflow/dags/subdags/group_downloads.py took 0.031 seconds
[2023-03-12T02:01:06.721+0000] {processor.py:154} INFO - Started process (PID=10908) to work on /opt/airflow/dags/subdags/group_downloads.py
[2023-03-12T02:01:06.722+0000] {processor.py:756} INFO - Processing file /opt/airflow/dags/subdags/group_downloads.py for tasks to queue
[2023-03-12T02:01:06.723+0000] {logging_mixin.py:120} INFO - [2023-03-12T02:01:06.723+0000] {dagbag.py:537} INFO - Filling up the DagBag from /opt/airflow/dags/subdags/group_downloads.py
[2023-03-12T02:01:06.739+0000] {processor.py:768} WARNING - No viable dags retrieved from /opt/airflow/dags/subdags/group_downloads.py
[2023-03-12T02:01:06.750+0000] {processor.py:176} INFO - Processing /opt/airflow/dags/subdags/group_downloads.py took 0.032 seconds
[2023-03-12T02:01:36.950+0000] {processor.py:154} INFO - Started process (PID=10935) to work on /opt/airflow/dags/subdags/group_downloads.py
[2023-03-12T02:01:36.951+0000] {processor.py:756} INFO - Processing file /opt/airflow/dags/subdags/group_downloads.py for tasks to queue
[2023-03-12T02:01:36.952+0000] {logging_mixin.py:120} INFO - [2023-03-12T02:01:36.951+0000] {dagbag.py:537} INFO - Filling up the DagBag from /opt/airflow/dags/subdags/group_downloads.py
[2023-03-12T02:01:36.966+0000] {processor.py:768} WARNING - No viable dags retrieved from /opt/airflow/dags/subdags/group_downloads.py
[2023-03-12T02:01:36.977+0000] {processor.py:176} INFO - Processing /opt/airflow/dags/subdags/group_downloads.py took 0.029 seconds
[2023-03-12T02:02:07.101+0000] {processor.py:154} INFO - Started process (PID=10971) to work on /opt/airflow/dags/subdags/group_downloads.py
[2023-03-12T02:02:07.102+0000] {processor.py:756} INFO - Processing file /opt/airflow/dags/subdags/group_downloads.py for tasks to queue
[2023-03-12T02:02:07.103+0000] {logging_mixin.py:120} INFO - [2023-03-12T02:02:07.103+0000] {dagbag.py:537} INFO - Filling up the DagBag from /opt/airflow/dags/subdags/group_downloads.py
[2023-03-12T02:02:07.118+0000] {processor.py:768} WARNING - No viable dags retrieved from /opt/airflow/dags/subdags/group_downloads.py
[2023-03-12T02:02:07.130+0000] {processor.py:176} INFO - Processing /opt/airflow/dags/subdags/group_downloads.py took 0.032 seconds
[2023-03-12T02:02:37.335+0000] {processor.py:154} INFO - Started process (PID=11007) to work on /opt/airflow/dags/subdags/group_downloads.py
[2023-03-12T02:02:37.336+0000] {processor.py:756} INFO - Processing file /opt/airflow/dags/subdags/group_downloads.py for tasks to queue
[2023-03-12T02:02:37.336+0000] {logging_mixin.py:120} INFO - [2023-03-12T02:02:37.336+0000] {dagbag.py:537} INFO - Filling up the DagBag from /opt/airflow/dags/subdags/group_downloads.py
[2023-03-12T02:02:37.352+0000] {processor.py:768} WARNING - No viable dags retrieved from /opt/airflow/dags/subdags/group_downloads.py
[2023-03-12T02:02:37.363+0000] {processor.py:176} INFO - Processing /opt/airflow/dags/subdags/group_downloads.py took 0.031 seconds
[2023-03-12T02:03:07.956+0000] {processor.py:154} INFO - Started process (PID=11043) to work on /opt/airflow/dags/subdags/group_downloads.py
[2023-03-12T02:03:07.957+0000] {processor.py:756} INFO - Processing file /opt/airflow/dags/subdags/group_downloads.py for tasks to queue
[2023-03-12T02:03:07.958+0000] {logging_mixin.py:120} INFO - [2023-03-12T02:03:07.958+0000] {dagbag.py:537} INFO - Filling up the DagBag from /opt/airflow/dags/subdags/group_downloads.py
[2023-03-12T02:03:07.976+0000] {processor.py:768} WARNING - No viable dags retrieved from /opt/airflow/dags/subdags/group_downloads.py
[2023-03-12T02:03:07.990+0000] {processor.py:176} INFO - Processing /opt/airflow/dags/subdags/group_downloads.py took 0.037 seconds
[2023-03-12T02:03:38.540+0000] {processor.py:154} INFO - Started process (PID=11070) to work on /opt/airflow/dags/subdags/group_downloads.py
[2023-03-12T02:03:38.541+0000] {processor.py:756} INFO - Processing file /opt/airflow/dags/subdags/group_downloads.py for tasks to queue
[2023-03-12T02:03:38.542+0000] {logging_mixin.py:120} INFO - [2023-03-12T02:03:38.542+0000] {dagbag.py:537} INFO - Filling up the DagBag from /opt/airflow/dags/subdags/group_downloads.py
[2023-03-12T02:03:38.556+0000] {processor.py:768} WARNING - No viable dags retrieved from /opt/airflow/dags/subdags/group_downloads.py
[2023-03-12T02:03:38.569+0000] {processor.py:176} INFO - Processing /opt/airflow/dags/subdags/group_downloads.py took 0.031 seconds
[2023-03-12T02:04:08.746+0000] {processor.py:154} INFO - Started process (PID=11107) to work on /opt/airflow/dags/subdags/group_downloads.py
[2023-03-12T02:04:08.747+0000] {processor.py:756} INFO - Processing file /opt/airflow/dags/subdags/group_downloads.py for tasks to queue
[2023-03-12T02:04:08.748+0000] {logging_mixin.py:120} INFO - [2023-03-12T02:04:08.748+0000] {dagbag.py:537} INFO - Filling up the DagBag from /opt/airflow/dags/subdags/group_downloads.py
[2023-03-12T02:04:08.763+0000] {processor.py:768} WARNING - No viable dags retrieved from /opt/airflow/dags/subdags/group_downloads.py
[2023-03-12T02:04:08.775+0000] {processor.py:176} INFO - Processing /opt/airflow/dags/subdags/group_downloads.py took 0.032 seconds
[2023-03-12T02:04:38.855+0000] {processor.py:154} INFO - Started process (PID=11144) to work on /opt/airflow/dags/subdags/group_downloads.py
[2023-03-12T02:04:38.856+0000] {processor.py:756} INFO - Processing file /opt/airflow/dags/subdags/group_downloads.py for tasks to queue
[2023-03-12T02:04:38.857+0000] {logging_mixin.py:120} INFO - [2023-03-12T02:04:38.857+0000] {dagbag.py:537} INFO - Filling up the DagBag from /opt/airflow/dags/subdags/group_downloads.py
[2023-03-12T02:04:38.872+0000] {processor.py:768} WARNING - No viable dags retrieved from /opt/airflow/dags/subdags/group_downloads.py
[2023-03-12T02:04:38.883+0000] {processor.py:176} INFO - Processing /opt/airflow/dags/subdags/group_downloads.py took 0.031 seconds
[2023-03-12T02:05:09.070+0000] {processor.py:154} INFO - Started process (PID=11179) to work on /opt/airflow/dags/subdags/group_downloads.py
[2023-03-12T02:05:09.071+0000] {processor.py:756} INFO - Processing file /opt/airflow/dags/subdags/group_downloads.py for tasks to queue
[2023-03-12T02:05:09.072+0000] {logging_mixin.py:120} INFO - [2023-03-12T02:05:09.072+0000] {dagbag.py:537} INFO - Filling up the DagBag from /opt/airflow/dags/subdags/group_downloads.py
[2023-03-12T02:05:09.089+0000] {processor.py:768} WARNING - No viable dags retrieved from /opt/airflow/dags/subdags/group_downloads.py
[2023-03-12T02:05:09.100+0000] {processor.py:176} INFO - Processing /opt/airflow/dags/subdags/group_downloads.py took 0.033 seconds
[2023-03-12T02:05:39.361+0000] {processor.py:154} INFO - Started process (PID=11209) to work on /opt/airflow/dags/subdags/group_downloads.py
[2023-03-12T02:05:39.362+0000] {processor.py:756} INFO - Processing file /opt/airflow/dags/subdags/group_downloads.py for tasks to queue
[2023-03-12T02:05:39.363+0000] {logging_mixin.py:120} INFO - [2023-03-12T02:05:39.363+0000] {dagbag.py:537} INFO - Filling up the DagBag from /opt/airflow/dags/subdags/group_downloads.py
[2023-03-12T02:05:39.380+0000] {processor.py:768} WARNING - No viable dags retrieved from /opt/airflow/dags/subdags/group_downloads.py
[2023-03-12T02:05:39.396+0000] {processor.py:176} INFO - Processing /opt/airflow/dags/subdags/group_downloads.py took 0.038 seconds
[2023-03-12T02:06:09.533+0000] {processor.py:154} INFO - Started process (PID=11246) to work on /opt/airflow/dags/subdags/group_downloads.py
[2023-03-12T02:06:09.534+0000] {processor.py:756} INFO - Processing file /opt/airflow/dags/subdags/group_downloads.py for tasks to queue
[2023-03-12T02:06:09.534+0000] {logging_mixin.py:120} INFO - [2023-03-12T02:06:09.534+0000] {dagbag.py:537} INFO - Filling up the DagBag from /opt/airflow/dags/subdags/group_downloads.py
[2023-03-12T02:06:09.551+0000] {processor.py:768} WARNING - No viable dags retrieved from /opt/airflow/dags/subdags/group_downloads.py
[2023-03-12T02:06:09.564+0000] {processor.py:176} INFO - Processing /opt/airflow/dags/subdags/group_downloads.py took 0.034 seconds
[2023-03-12T02:06:40.185+0000] {processor.py:154} INFO - Started process (PID=11283) to work on /opt/airflow/dags/subdags/group_downloads.py
[2023-03-12T02:06:40.186+0000] {processor.py:756} INFO - Processing file /opt/airflow/dags/subdags/group_downloads.py for tasks to queue
[2023-03-12T02:06:40.186+0000] {logging_mixin.py:120} INFO - [2023-03-12T02:06:40.186+0000] {dagbag.py:537} INFO - Filling up the DagBag from /opt/airflow/dags/subdags/group_downloads.py
[2023-03-12T02:06:40.203+0000] {processor.py:768} WARNING - No viable dags retrieved from /opt/airflow/dags/subdags/group_downloads.py
[2023-03-12T02:06:40.216+0000] {processor.py:176} INFO - Processing /opt/airflow/dags/subdags/group_downloads.py took 0.034 seconds
[2023-03-12T02:07:10.315+0000] {processor.py:154} INFO - Started process (PID=11311) to work on /opt/airflow/dags/subdags/group_downloads.py
[2023-03-12T02:07:10.316+0000] {processor.py:756} INFO - Processing file /opt/airflow/dags/subdags/group_downloads.py for tasks to queue
[2023-03-12T02:07:10.316+0000] {logging_mixin.py:120} INFO - [2023-03-12T02:07:10.316+0000] {dagbag.py:537} INFO - Filling up the DagBag from /opt/airflow/dags/subdags/group_downloads.py
[2023-03-12T02:07:10.332+0000] {processor.py:768} WARNING - No viable dags retrieved from /opt/airflow/dags/subdags/group_downloads.py
[2023-03-12T02:07:10.343+0000] {processor.py:176} INFO - Processing /opt/airflow/dags/subdags/group_downloads.py took 0.031 seconds
[2023-03-12T02:07:40.494+0000] {processor.py:154} INFO - Started process (PID=11348) to work on /opt/airflow/dags/subdags/group_downloads.py
[2023-03-12T02:07:40.495+0000] {processor.py:756} INFO - Processing file /opt/airflow/dags/subdags/group_downloads.py for tasks to queue
[2023-03-12T02:07:40.496+0000] {logging_mixin.py:120} INFO - [2023-03-12T02:07:40.496+0000] {dagbag.py:537} INFO - Filling up the DagBag from /opt/airflow/dags/subdags/group_downloads.py
[2023-03-12T02:07:40.512+0000] {processor.py:768} WARNING - No viable dags retrieved from /opt/airflow/dags/subdags/group_downloads.py
[2023-03-12T02:07:40.523+0000] {processor.py:176} INFO - Processing /opt/airflow/dags/subdags/group_downloads.py took 0.031 seconds
[2023-03-12T02:08:10.686+0000] {processor.py:154} INFO - Started process (PID=11386) to work on /opt/airflow/dags/subdags/group_downloads.py
[2023-03-12T02:08:10.687+0000] {processor.py:756} INFO - Processing file /opt/airflow/dags/subdags/group_downloads.py for tasks to queue
[2023-03-12T02:08:10.688+0000] {logging_mixin.py:120} INFO - [2023-03-12T02:08:10.687+0000] {dagbag.py:537} INFO - Filling up the DagBag from /opt/airflow/dags/subdags/group_downloads.py
[2023-03-12T02:08:10.704+0000] {processor.py:768} WARNING - No viable dags retrieved from /opt/airflow/dags/subdags/group_downloads.py
[2023-03-12T02:08:10.715+0000] {processor.py:176} INFO - Processing /opt/airflow/dags/subdags/group_downloads.py took 0.032 seconds
[2023-03-12T02:08:40.773+0000] {processor.py:154} INFO - Started process (PID=11422) to work on /opt/airflow/dags/subdags/group_downloads.py
[2023-03-12T02:08:40.774+0000] {processor.py:756} INFO - Processing file /opt/airflow/dags/subdags/group_downloads.py for tasks to queue
[2023-03-12T02:08:40.775+0000] {logging_mixin.py:120} INFO - [2023-03-12T02:08:40.775+0000] {dagbag.py:537} INFO - Filling up the DagBag from /opt/airflow/dags/subdags/group_downloads.py
[2023-03-12T02:08:40.788+0000] {processor.py:768} WARNING - No viable dags retrieved from /opt/airflow/dags/subdags/group_downloads.py
[2023-03-12T02:08:40.800+0000] {processor.py:176} INFO - Processing /opt/airflow/dags/subdags/group_downloads.py took 0.031 seconds
[2023-03-12T02:09:10.833+0000] {processor.py:154} INFO - Started process (PID=11450) to work on /opt/airflow/dags/subdags/group_downloads.py
[2023-03-12T02:09:10.834+0000] {processor.py:756} INFO - Processing file /opt/airflow/dags/subdags/group_downloads.py for tasks to queue
[2023-03-12T02:09:10.835+0000] {logging_mixin.py:120} INFO - [2023-03-12T02:09:10.835+0000] {dagbag.py:537} INFO - Filling up the DagBag from /opt/airflow/dags/subdags/group_downloads.py
[2023-03-12T02:09:10.848+0000] {processor.py:768} WARNING - No viable dags retrieved from /opt/airflow/dags/subdags/group_downloads.py
[2023-03-12T02:09:10.860+0000] {processor.py:176} INFO - Processing /opt/airflow/dags/subdags/group_downloads.py took 0.030 seconds
[2023-03-12T02:09:41.120+0000] {processor.py:154} INFO - Started process (PID=11488) to work on /opt/airflow/dags/subdags/group_downloads.py
[2023-03-12T02:09:41.121+0000] {processor.py:756} INFO - Processing file /opt/airflow/dags/subdags/group_downloads.py for tasks to queue
[2023-03-12T02:09:41.121+0000] {logging_mixin.py:120} INFO - [2023-03-12T02:09:41.121+0000] {dagbag.py:537} INFO - Filling up the DagBag from /opt/airflow/dags/subdags/group_downloads.py
[2023-03-12T02:09:41.137+0000] {processor.py:768} WARNING - No viable dags retrieved from /opt/airflow/dags/subdags/group_downloads.py
[2023-03-12T02:09:41.148+0000] {processor.py:176} INFO - Processing /opt/airflow/dags/subdags/group_downloads.py took 0.031 seconds
[2023-03-12T02:10:11.381+0000] {processor.py:154} INFO - Started process (PID=11525) to work on /opt/airflow/dags/subdags/group_downloads.py
[2023-03-12T02:10:11.382+0000] {processor.py:756} INFO - Processing file /opt/airflow/dags/subdags/group_downloads.py for tasks to queue
[2023-03-12T02:10:11.382+0000] {logging_mixin.py:120} INFO - [2023-03-12T02:10:11.382+0000] {dagbag.py:537} INFO - Filling up the DagBag from /opt/airflow/dags/subdags/group_downloads.py
[2023-03-12T02:10:11.398+0000] {processor.py:768} WARNING - No viable dags retrieved from /opt/airflow/dags/subdags/group_downloads.py
[2023-03-12T02:10:11.410+0000] {processor.py:176} INFO - Processing /opt/airflow/dags/subdags/group_downloads.py took 0.031 seconds
[2023-03-12T02:10:41.542+0000] {processor.py:154} INFO - Started process (PID=11563) to work on /opt/airflow/dags/subdags/group_downloads.py
[2023-03-12T02:10:41.543+0000] {processor.py:756} INFO - Processing file /opt/airflow/dags/subdags/group_downloads.py for tasks to queue
[2023-03-12T02:10:41.543+0000] {logging_mixin.py:120} INFO - [2023-03-12T02:10:41.543+0000] {dagbag.py:537} INFO - Filling up the DagBag from /opt/airflow/dags/subdags/group_downloads.py
[2023-03-12T02:10:41.559+0000] {processor.py:768} WARNING - No viable dags retrieved from /opt/airflow/dags/subdags/group_downloads.py
[2023-03-12T02:10:41.570+0000] {processor.py:176} INFO - Processing /opt/airflow/dags/subdags/group_downloads.py took 0.032 seconds
[2023-03-12T02:11:11.722+0000] {processor.py:154} INFO - Started process (PID=11591) to work on /opt/airflow/dags/subdags/group_downloads.py
[2023-03-12T02:11:11.723+0000] {processor.py:756} INFO - Processing file /opt/airflow/dags/subdags/group_downloads.py for tasks to queue
[2023-03-12T02:11:11.724+0000] {logging_mixin.py:120} INFO - [2023-03-12T02:11:11.724+0000] {dagbag.py:537} INFO - Filling up the DagBag from /opt/airflow/dags/subdags/group_downloads.py
[2023-03-12T02:11:11.740+0000] {processor.py:768} WARNING - No viable dags retrieved from /opt/airflow/dags/subdags/group_downloads.py
[2023-03-12T02:11:11.752+0000] {processor.py:176} INFO - Processing /opt/airflow/dags/subdags/group_downloads.py took 0.032 seconds
