[2023-03-11T04:46:30.077+0000] {taskinstance.py:1165} INFO - Dependencies all met for <TaskInstance: parallel_dag.load_b scheduled__2023-03-10T00:00:00+00:00 [queued]>
[2023-03-11T04:46:30.088+0000] {taskinstance.py:1165} INFO - Dependencies all met for <TaskInstance: parallel_dag.load_b scheduled__2023-03-10T00:00:00+00:00 [queued]>
[2023-03-11T04:46:30.088+0000] {taskinstance.py:1362} INFO - 
--------------------------------------------------------------------------------
[2023-03-11T04:46:30.089+0000] {taskinstance.py:1363} INFO - Starting attempt 1 of 1
[2023-03-11T04:46:30.089+0000] {taskinstance.py:1364} INFO - 
--------------------------------------------------------------------------------
[2023-03-11T04:46:30.104+0000] {taskinstance.py:1383} INFO - Executing <Task(BashOperator): load_b> on 2023-03-10 00:00:00+00:00
[2023-03-11T04:46:30.109+0000] {standard_task_runner.py:55} INFO - Started process 143 to run task
[2023-03-11T04:46:30.112+0000] {standard_task_runner.py:82} INFO - Running: ['***', 'tasks', 'run', 'parallel_dag', 'load_b', 'scheduled__2023-03-10T00:00:00+00:00', '--job-id', '46', '--raw', '--subdir', 'DAGS_FOLDER/parallel_dag.py', '--cfg-path', '/tmp/tmph714uwcv']
[2023-03-11T04:46:30.113+0000] {standard_task_runner.py:83} INFO - Job 46: Subtask load_b
[2023-03-11T04:46:30.169+0000] {task_command.py:376} INFO - Running <TaskInstance: parallel_dag.load_b scheduled__2023-03-10T00:00:00+00:00 [running]> on host 6b1274994c71
[2023-03-11T04:46:30.226+0000] {taskinstance.py:1592} INFO - Exporting the following env vars:
AIRFLOW_CTX_DAG_OWNER=***
AIRFLOW_CTX_DAG_ID=parallel_dag
AIRFLOW_CTX_TASK_ID=load_b
AIRFLOW_CTX_EXECUTION_DATE=2023-03-10T00:00:00+00:00
AIRFLOW_CTX_TRY_NUMBER=1
AIRFLOW_CTX_DAG_RUN_ID=scheduled__2023-03-10T00:00:00+00:00
[2023-03-11T04:46:30.227+0000] {subprocess.py:63} INFO - Tmp dir root location: 
 /tmp
[2023-03-11T04:46:30.228+0000] {subprocess.py:75} INFO - Running command: ['/bin/bash', '-c', 'sleep 10']
[2023-03-11T04:46:30.236+0000] {subprocess.py:86} INFO - Output:
[2023-03-11T04:46:40.238+0000] {subprocess.py:97} INFO - Command exited with return code 0
[2023-03-11T04:46:40.256+0000] {taskinstance.py:1406} INFO - Marking task as SUCCESS. dag_id=parallel_dag, task_id=load_b, execution_date=20230310T000000, start_date=20230311T044630, end_date=20230311T044640
[2023-03-11T04:46:40.275+0000] {local_task_job.py:164} INFO - Task exited with return code 0
[2023-03-11T04:46:40.293+0000] {local_task_job.py:273} INFO - 1 downstream tasks scheduled from follow-on schedule check
