[2023-03-11T14:00:02.938+0000] {taskinstance.py:1165} INFO - Dependencies all met for <TaskInstance: xcom_dag.t3 manual__2023-03-11T13:58:24.233518+00:00 [queued]>
[2023-03-11T14:00:02.947+0000] {taskinstance.py:1165} INFO - Dependencies all met for <TaskInstance: xcom_dag.t3 manual__2023-03-11T13:58:24.233518+00:00 [queued]>
[2023-03-11T14:00:02.948+0000] {taskinstance.py:1362} INFO - 
--------------------------------------------------------------------------------
[2023-03-11T14:00:02.948+0000] {taskinstance.py:1363} INFO - Starting attempt 2 of 2
[2023-03-11T14:00:02.949+0000] {taskinstance.py:1364} INFO - 
--------------------------------------------------------------------------------
[2023-03-11T14:00:02.962+0000] {taskinstance.py:1383} INFO - Executing <Task(BashOperator): t3> on 2023-03-11 13:58:24.233518+00:00
[2023-03-11T14:00:02.968+0000] {standard_task_runner.py:55} INFO - Started process 7626 to run task
[2023-03-11T14:00:02.971+0000] {standard_task_runner.py:82} INFO - Running: ['***', 'tasks', 'run', 'xcom_dag', 't3', 'manual__2023-03-11T13:58:24.233518+00:00', '--job-id', '97', '--raw', '--subdir', 'DAGS_FOLDER/xcom_dag.py', '--cfg-path', '/tmp/tmp3flea486']
[2023-03-11T14:00:02.972+0000] {standard_task_runner.py:83} INFO - Job 97: Subtask t3
[2023-03-11T14:00:03.029+0000] {task_command.py:376} INFO - Running <TaskInstance: xcom_dag.t3 manual__2023-03-11T13:58:24.233518+00:00 [running]> on host 4778231f673d
[2023-03-11T14:00:03.091+0000] {taskinstance.py:1592} INFO - Exporting the following env vars:
AIRFLOW_CTX_DAG_OWNER=***
AIRFLOW_CTX_DAG_ID=xcom_dag
AIRFLOW_CTX_TASK_ID=t3
AIRFLOW_CTX_EXECUTION_DATE=2023-03-11T13:58:24.233518+00:00
AIRFLOW_CTX_TRY_NUMBER=2
AIRFLOW_CTX_DAG_RUN_ID=manual__2023-03-11T13:58:24.233518+00:00
[2023-03-11T14:00:03.092+0000] {subprocess.py:63} INFO - Tmp dir root location: 
 /tmp
[2023-03-11T14:00:03.093+0000] {subprocess.py:75} INFO - Running command: ['/bin/bash', '-c', "echo ''"]
[2023-03-11T14:00:03.103+0000] {subprocess.py:86} INFO - Output:
[2023-03-11T14:00:03.104+0000] {subprocess.py:93} INFO - 
[2023-03-11T14:00:03.105+0000] {subprocess.py:97} INFO - Command exited with return code 0
[2023-03-11T14:00:03.128+0000] {taskinstance.py:1406} INFO - Marking task as SUCCESS. dag_id=xcom_dag, task_id=t3, execution_date=20230311T135824, start_date=20230311T140002, end_date=20230311T140003
[2023-03-11T14:00:03.143+0000] {local_task_job.py:164} INFO - Task exited with return code 0
[2023-03-11T14:00:03.161+0000] {local_task_job.py:273} INFO - 0 downstream tasks scheduled from follow-on schedule check
