[2023-03-11T13:58:26.935+0000] {taskinstance.py:1165} INFO - Dependencies all met for <TaskInstance: xcom_dag.t3 manual__2023-03-11T13:58:24.233518+00:00 [queued]>
[2023-03-11T13:58:26.944+0000] {taskinstance.py:1165} INFO - Dependencies all met for <TaskInstance: xcom_dag.t3 manual__2023-03-11T13:58:24.233518+00:00 [queued]>
[2023-03-11T13:58:26.945+0000] {taskinstance.py:1362} INFO - 
--------------------------------------------------------------------------------
[2023-03-11T13:58:26.945+0000] {taskinstance.py:1363} INFO - Starting attempt 1 of 1
[2023-03-11T13:58:26.946+0000] {taskinstance.py:1364} INFO - 
--------------------------------------------------------------------------------
[2023-03-11T13:58:26.959+0000] {taskinstance.py:1383} INFO - Executing <Task(BashOperator): t3> on 2023-03-11 13:58:24.233518+00:00
[2023-03-11T13:58:26.965+0000] {standard_task_runner.py:55} INFO - Started process 7546 to run task
[2023-03-11T13:58:26.969+0000] {standard_task_runner.py:82} INFO - Running: ['***', 'tasks', 'run', 'xcom_dag', 't3', 'manual__2023-03-11T13:58:24.233518+00:00', '--job-id', '94', '--raw', '--subdir', 'DAGS_FOLDER/xcom_dag.py', '--cfg-path', '/tmp/tmpeg_ejbh9']
[2023-03-11T13:58:26.969+0000] {standard_task_runner.py:83} INFO - Job 94: Subtask t3
[2023-03-11T13:58:27.040+0000] {task_command.py:376} INFO - Running <TaskInstance: xcom_dag.t3 manual__2023-03-11T13:58:24.233518+00:00 [running]> on host 4778231f673d
[2023-03-11T13:58:27.105+0000] {taskinstance.py:1592} INFO - Exporting the following env vars:
AIRFLOW_CTX_DAG_OWNER=***
AIRFLOW_CTX_DAG_ID=xcom_dag
AIRFLOW_CTX_TASK_ID=t3
AIRFLOW_CTX_EXECUTION_DATE=2023-03-11T13:58:24.233518+00:00
AIRFLOW_CTX_TRY_NUMBER=1
AIRFLOW_CTX_DAG_RUN_ID=manual__2023-03-11T13:58:24.233518+00:00
[2023-03-11T13:58:27.106+0000] {subprocess.py:63} INFO - Tmp dir root location: 
 /tmp
[2023-03-11T13:58:27.107+0000] {subprocess.py:75} INFO - Running command: ['/bin/bash', '-c', "echo ''"]
[2023-03-11T13:58:27.117+0000] {subprocess.py:86} INFO - Output:
[2023-03-11T13:58:27.118+0000] {subprocess.py:93} INFO - 
[2023-03-11T13:58:27.119+0000] {subprocess.py:97} INFO - Command exited with return code 0
[2023-03-11T13:58:27.142+0000] {taskinstance.py:1406} INFO - Marking task as SUCCESS. dag_id=xcom_dag, task_id=t3, execution_date=20230311T135824, start_date=20230311T135826, end_date=20230311T135827
[2023-03-11T13:58:27.181+0000] {local_task_job.py:164} INFO - Task exited with return code 0
[2023-03-11T13:58:27.198+0000] {local_task_job.py:273} INFO - 0 downstream tasks scheduled from follow-on schedule check
