[2023-03-11T14:00:08.035+0000] {taskinstance.py:1165} INFO - Dependencies all met for <TaskInstance: xcom_dag.t3 manual__2023-03-11T13:58:24.233518+00:00 [queued]>
[2023-03-11T14:00:08.044+0000] {taskinstance.py:1165} INFO - Dependencies all met for <TaskInstance: xcom_dag.t3 manual__2023-03-11T13:58:24.233518+00:00 [queued]>
[2023-03-11T14:00:08.045+0000] {taskinstance.py:1362} INFO - 
--------------------------------------------------------------------------------
[2023-03-11T14:00:08.046+0000] {taskinstance.py:1363} INFO - Starting attempt 3 of 3
[2023-03-11T14:00:08.047+0000] {taskinstance.py:1364} INFO - 
--------------------------------------------------------------------------------
[2023-03-11T14:00:08.061+0000] {taskinstance.py:1383} INFO - Executing <Task(BashOperator): t3> on 2023-03-11 13:58:24.233518+00:00
[2023-03-11T14:00:08.067+0000] {standard_task_runner.py:55} INFO - Started process 7640 to run task
[2023-03-11T14:00:08.071+0000] {standard_task_runner.py:82} INFO - Running: ['***', 'tasks', 'run', 'xcom_dag', 't3', 'manual__2023-03-11T13:58:24.233518+00:00', '--job-id', '99', '--raw', '--subdir', 'DAGS_FOLDER/xcom_dag.py', '--cfg-path', '/tmp/tmpjdc81_q2']
[2023-03-11T14:00:08.071+0000] {standard_task_runner.py:83} INFO - Job 99: Subtask t3
[2023-03-11T14:00:08.137+0000] {task_command.py:376} INFO - Running <TaskInstance: xcom_dag.t3 manual__2023-03-11T13:58:24.233518+00:00 [running]> on host 4778231f673d
[2023-03-11T14:00:08.196+0000] {taskinstance.py:1592} INFO - Exporting the following env vars:
AIRFLOW_CTX_DAG_OWNER=***
AIRFLOW_CTX_DAG_ID=xcom_dag
AIRFLOW_CTX_TASK_ID=t3
AIRFLOW_CTX_EXECUTION_DATE=2023-03-11T13:58:24.233518+00:00
AIRFLOW_CTX_TRY_NUMBER=3
AIRFLOW_CTX_DAG_RUN_ID=manual__2023-03-11T13:58:24.233518+00:00
[2023-03-11T14:00:08.198+0000] {subprocess.py:63} INFO - Tmp dir root location: 
 /tmp
[2023-03-11T14:00:08.199+0000] {subprocess.py:75} INFO - Running command: ['/bin/bash', '-c', "echo ''"]
[2023-03-11T14:00:08.209+0000] {subprocess.py:86} INFO - Output:
[2023-03-11T14:00:08.210+0000] {subprocess.py:93} INFO - 
[2023-03-11T14:00:08.211+0000] {subprocess.py:97} INFO - Command exited with return code 0
[2023-03-11T14:00:08.234+0000] {taskinstance.py:1406} INFO - Marking task as SUCCESS. dag_id=xcom_dag, task_id=t3, execution_date=20230311T135824, start_date=20230311T140008, end_date=20230311T140008
[2023-03-11T14:00:08.283+0000] {local_task_job.py:164} INFO - Task exited with return code 0
[2023-03-11T14:00:08.301+0000] {local_task_job.py:273} INFO - 0 downstream tasks scheduled from follow-on schedule check
