[2023-03-11T12:29:41.862+0000] {taskinstance.py:1165} INFO - Dependencies all met for <TaskInstance: group_dag.transform_b manual__2023-03-11T12:28:28.618133+00:00 [queued]>
[2023-03-11T12:29:41.872+0000] {taskinstance.py:1165} INFO - Dependencies all met for <TaskInstance: group_dag.transform_b manual__2023-03-11T12:28:28.618133+00:00 [queued]>
[2023-03-11T12:29:41.872+0000] {taskinstance.py:1362} INFO - 
--------------------------------------------------------------------------------
[2023-03-11T12:29:41.873+0000] {taskinstance.py:1363} INFO - Starting attempt 1 of 1
[2023-03-11T12:29:41.873+0000] {taskinstance.py:1364} INFO - 
--------------------------------------------------------------------------------
[2023-03-11T12:29:41.895+0000] {taskinstance.py:1383} INFO - Executing <Task(BashOperator): transform_b> on 2023-03-11 12:28:28.618133+00:00
[2023-03-11T12:29:41.900+0000] {standard_task_runner.py:55} INFO - Started process 3716 to run task
[2023-03-11T12:29:41.905+0000] {standard_task_runner.py:82} INFO - Running: ['***', 'tasks', 'run', 'group_dag', 'transform_b', 'manual__2023-03-11T12:28:28.618133+00:00', '--job-id', '77', '--raw', '--subdir', 'DAGS_FOLDER/group_dag.py', '--cfg-path', '/tmp/tmphpu0zuy6']
[2023-03-11T12:29:41.905+0000] {standard_task_runner.py:83} INFO - Job 77: Subtask transform_b
[2023-03-11T12:29:41.963+0000] {task_command.py:376} INFO - Running <TaskInstance: group_dag.transform_b manual__2023-03-11T12:28:28.618133+00:00 [running]> on host 4778231f673d
[2023-03-11T12:29:42.019+0000] {taskinstance.py:1592} INFO - Exporting the following env vars:
AIRFLOW_CTX_DAG_OWNER=***
AIRFLOW_CTX_DAG_ID=group_dag
AIRFLOW_CTX_TASK_ID=transform_b
AIRFLOW_CTX_EXECUTION_DATE=2023-03-11T12:28:28.618133+00:00
AIRFLOW_CTX_TRY_NUMBER=1
AIRFLOW_CTX_DAG_RUN_ID=manual__2023-03-11T12:28:28.618133+00:00
[2023-03-11T12:29:42.020+0000] {subprocess.py:63} INFO - Tmp dir root location: 
 /tmp
[2023-03-11T12:29:42.021+0000] {subprocess.py:75} INFO - Running command: ['/bin/bash', '-c', 'sleep 10']
[2023-03-11T12:29:42.029+0000] {subprocess.py:86} INFO - Output:
[2023-03-11T12:29:52.032+0000] {subprocess.py:97} INFO - Command exited with return code 0
[2023-03-11T12:29:52.052+0000] {taskinstance.py:1406} INFO - Marking task as SUCCESS. dag_id=group_dag, task_id=transform_b, execution_date=20230311T122828, start_date=20230311T122941, end_date=20230311T122952
[2023-03-11T12:29:52.072+0000] {local_task_job.py:164} INFO - Task exited with return code 0
[2023-03-11T12:29:52.087+0000] {local_task_job.py:273} INFO - 0 downstream tasks scheduled from follow-on schedule check
