[2023-03-11T05:03:20.447+0000] {taskinstance.py:1165} INFO - Dependencies all met for <TaskInstance: parallel_dag.transform manual__2023-03-11T05:02:57.806656+00:00 [queued]>
[2023-03-11T05:03:20.458+0000] {taskinstance.py:1165} INFO - Dependencies all met for <TaskInstance: parallel_dag.transform manual__2023-03-11T05:02:57.806656+00:00 [queued]>
[2023-03-11T05:03:20.459+0000] {taskinstance.py:1362} INFO - 
--------------------------------------------------------------------------------
[2023-03-11T05:03:20.459+0000] {taskinstance.py:1363} INFO - Starting attempt 1 of 1
[2023-03-11T05:03:20.460+0000] {taskinstance.py:1364} INFO - 
--------------------------------------------------------------------------------
[2023-03-11T05:03:20.473+0000] {taskinstance.py:1383} INFO - Executing <Task(BashOperator): transform> on 2023-03-11 05:02:57.806656+00:00
[2023-03-11T05:03:20.479+0000] {standard_task_runner.py:55} INFO - Started process 273 to run task
[2023-03-11T05:03:20.483+0000] {standard_task_runner.py:82} INFO - Running: ['***', 'tasks', 'run', 'parallel_dag', 'transform', 'manual__2023-03-11T05:02:57.806656+00:00', '--job-id', '66', '--raw', '--subdir', 'DAGS_FOLDER/parallel_dag.py', '--cfg-path', '/tmp/tmp3z4azv9y']
[2023-03-11T05:03:20.483+0000] {standard_task_runner.py:83} INFO - Job 66: Subtask transform
[2023-03-11T05:03:20.548+0000] {task_command.py:376} INFO - Running <TaskInstance: parallel_dag.transform manual__2023-03-11T05:02:57.806656+00:00 [running]> on host 40df600e3565
[2023-03-11T05:03:20.610+0000] {taskinstance.py:1592} INFO - Exporting the following env vars:
AIRFLOW_CTX_DAG_OWNER=***
AIRFLOW_CTX_DAG_ID=parallel_dag
AIRFLOW_CTX_TASK_ID=transform
AIRFLOW_CTX_EXECUTION_DATE=2023-03-11T05:02:57.806656+00:00
AIRFLOW_CTX_TRY_NUMBER=1
AIRFLOW_CTX_DAG_RUN_ID=manual__2023-03-11T05:02:57.806656+00:00
[2023-03-11T05:03:20.611+0000] {subprocess.py:63} INFO - Tmp dir root location: 
 /tmp
[2023-03-11T05:03:20.612+0000] {subprocess.py:75} INFO - Running command: ['/bin/bash', '-c', 'sleep 30']
[2023-03-11T05:03:20.622+0000] {subprocess.py:86} INFO - Output:
[2023-03-11T05:03:50.624+0000] {subprocess.py:97} INFO - Command exited with return code 0
[2023-03-11T05:03:50.646+0000] {taskinstance.py:1406} INFO - Marking task as SUCCESS. dag_id=parallel_dag, task_id=transform, execution_date=20230311T050257, start_date=20230311T050320, end_date=20230311T050350
[2023-03-11T05:03:50.663+0000] {local_task_job.py:164} INFO - Task exited with return code 0
[2023-03-11T05:03:50.678+0000] {local_task_job.py:273} INFO - 0 downstream tasks scheduled from follow-on schedule check
