[2023-03-11T12:28:30.803+0000] {taskinstance.py:1165} INFO - Dependencies all met for <TaskInstance: group_dag.downloads.download_b scheduled__2023-03-10T00:00:00+00:00 [queued]>
[2023-03-11T12:28:30.812+0000] {taskinstance.py:1165} INFO - Dependencies all met for <TaskInstance: group_dag.downloads.download_b scheduled__2023-03-10T00:00:00+00:00 [queued]>
[2023-03-11T12:28:30.812+0000] {taskinstance.py:1362} INFO - 
--------------------------------------------------------------------------------
[2023-03-11T12:28:30.813+0000] {taskinstance.py:1363} INFO - Starting attempt 1 of 1
[2023-03-11T12:28:30.813+0000] {taskinstance.py:1364} INFO - 
--------------------------------------------------------------------------------
[2023-03-11T12:28:30.832+0000] {taskinstance.py:1383} INFO - Executing <Task(BashOperator): download_b> on 2023-03-10 00:00:00+00:00
[2023-03-11T12:28:30.837+0000] {standard_task_runner.py:55} INFO - Started process 3638 to run task
[2023-03-11T12:28:30.842+0000] {standard_task_runner.py:82} INFO - Running: ['***', 'tasks', 'run', 'group_dag.downloads', 'download_b', 'scheduled__2023-03-10T00:00:00+00:00', '--job-id', '69', '--raw', '--subdir', 'DAGS_FOLDER/group_dag.py', '--cfg-path', '/tmp/tmp1yx8bq6t']
[2023-03-11T12:28:30.843+0000] {standard_task_runner.py:83} INFO - Job 69: Subtask download_b
[2023-03-11T12:28:30.905+0000] {task_command.py:376} INFO - Running <TaskInstance: group_dag.downloads.download_b scheduled__2023-03-10T00:00:00+00:00 [running]> on host 4778231f673d
[2023-03-11T12:28:30.969+0000] {taskinstance.py:1592} INFO - Exporting the following env vars:
AIRFLOW_CTX_DAG_OWNER=***
AIRFLOW_CTX_DAG_ID=group_dag.downloads
AIRFLOW_CTX_TASK_ID=download_b
AIRFLOW_CTX_EXECUTION_DATE=2023-03-10T00:00:00+00:00
AIRFLOW_CTX_TRY_NUMBER=1
AIRFLOW_CTX_DAG_RUN_ID=scheduled__2023-03-10T00:00:00+00:00
[2023-03-11T12:28:30.970+0000] {subprocess.py:63} INFO - Tmp dir root location: 
 /tmp
[2023-03-11T12:28:30.971+0000] {subprocess.py:75} INFO - Running command: ['/bin/bash', '-c', 'sleep 10']
[2023-03-11T12:28:30.979+0000] {subprocess.py:86} INFO - Output:
[2023-03-11T12:28:40.981+0000] {subprocess.py:97} INFO - Command exited with return code 0
[2023-03-11T12:28:41.010+0000] {taskinstance.py:1406} INFO - Marking task as SUCCESS. dag_id=group_dag.downloads, task_id=download_b, execution_date=20230310T000000, start_date=20230311T122830, end_date=20230311T122841
[2023-03-11T12:28:41.055+0000] {local_task_job.py:164} INFO - Task exited with return code 0
[2023-03-11T12:28:41.073+0000] {local_task_job.py:273} INFO - 0 downstream tasks scheduled from follow-on schedule check
