[2023-03-11T01:06:59.381+0000] {taskinstance.py:1165} INFO - Dependencies all met for <TaskInstance: user_processing.process_user manual__2023-03-11T01:06:54.584280+00:00 [queued]>
[2023-03-11T01:06:59.389+0000] {taskinstance.py:1165} INFO - Dependencies all met for <TaskInstance: user_processing.process_user manual__2023-03-11T01:06:54.584280+00:00 [queued]>
[2023-03-11T01:06:59.389+0000] {taskinstance.py:1362} INFO - 
--------------------------------------------------------------------------------
[2023-03-11T01:06:59.390+0000] {taskinstance.py:1363} INFO - Starting attempt 1 of 1
[2023-03-11T01:06:59.390+0000] {taskinstance.py:1364} INFO - 
--------------------------------------------------------------------------------
[2023-03-11T01:06:59.401+0000] {taskinstance.py:1383} INFO - Executing <Task(PythonOperator): process_user> on 2023-03-11 01:06:54.584280+00:00
[2023-03-11T01:06:59.407+0000] {standard_task_runner.py:55} INFO - Started process 12904 to run task
[2023-03-11T01:06:59.410+0000] {standard_task_runner.py:82} INFO - Running: ['***', 'tasks', 'run', 'user_processing', 'process_user', 'manual__2023-03-11T01:06:54.584280+00:00', '--job-id', '19', '--raw', '--subdir', 'DAGS_FOLDER/user_processing.py', '--cfg-path', '/tmp/tmp5xz6nyyr']
[2023-03-11T01:06:59.411+0000] {standard_task_runner.py:83} INFO - Job 19: Subtask process_user
[2023-03-11T01:06:59.464+0000] {task_command.py:376} INFO - Running <TaskInstance: user_processing.process_user manual__2023-03-11T01:06:54.584280+00:00 [running]> on host bdc591f9d370
[2023-03-11T01:06:59.519+0000] {taskinstance.py:1592} INFO - Exporting the following env vars:
AIRFLOW_CTX_DAG_OWNER=***
AIRFLOW_CTX_DAG_ID=user_processing
AIRFLOW_CTX_TASK_ID=process_user
AIRFLOW_CTX_EXECUTION_DATE=2023-03-11T01:06:54.584280+00:00
AIRFLOW_CTX_TRY_NUMBER=1
AIRFLOW_CTX_DAG_RUN_ID=manual__2023-03-11T01:06:54.584280+00:00
[2023-03-11T01:06:59.533+0000] {python.py:177} INFO - Done. Returned value was: None
[2023-03-11T01:06:59.540+0000] {taskinstance.py:1406} INFO - Marking task as SUCCESS. dag_id=user_processing, task_id=process_user, execution_date=20230311T010654, start_date=20230311T010659, end_date=20230311T010659
[2023-03-11T01:06:59.582+0000] {local_task_job.py:164} INFO - Task exited with return code 0
[2023-03-11T01:06:59.601+0000] {local_task_job.py:273} INFO - 1 downstream tasks scheduled from follow-on schedule check
