[2023-03-11T02:33:07.666+0000] {taskinstance.py:1165} INFO - Dependencies all met for <TaskInstance: consumer.read_dataset dataset_triggered__2023-03-11T02:33:06.708720+00:00 [queued]>
[2023-03-11T02:33:07.675+0000] {taskinstance.py:1165} INFO - Dependencies all met for <TaskInstance: consumer.read_dataset dataset_triggered__2023-03-11T02:33:06.708720+00:00 [queued]>
[2023-03-11T02:33:07.675+0000] {taskinstance.py:1362} INFO - 
--------------------------------------------------------------------------------
[2023-03-11T02:33:07.676+0000] {taskinstance.py:1363} INFO - Starting attempt 1 of 1
[2023-03-11T02:33:07.677+0000] {taskinstance.py:1364} INFO - 
--------------------------------------------------------------------------------
[2023-03-11T02:33:07.689+0000] {taskinstance.py:1383} INFO - Executing <Task(_PythonDecoratedOperator): read_dataset> on 2023-03-11 02:33:06.708720+00:00
[2023-03-11T02:33:07.694+0000] {standard_task_runner.py:55} INFO - Started process 17178 to run task
[2023-03-11T02:33:07.696+0000] {standard_task_runner.py:82} INFO - Running: ['***', 'tasks', 'run', 'consumer', 'read_dataset', 'dataset_triggered__2023-03-11T02:33:06.708720+00:00', '--job-id', '32', '--raw', '--subdir', 'DAGS_FOLDER/consumer.py', '--cfg-path', '/tmp/tmprkc6vglj']
[2023-03-11T02:33:07.697+0000] {standard_task_runner.py:83} INFO - Job 32: Subtask read_dataset
[2023-03-11T02:33:07.749+0000] {task_command.py:376} INFO - Running <TaskInstance: consumer.read_dataset dataset_triggered__2023-03-11T02:33:06.708720+00:00 [running]> on host bdc591f9d370
[2023-03-11T02:33:07.805+0000] {taskinstance.py:1592} INFO - Exporting the following env vars:
AIRFLOW_CTX_DAG_OWNER=***
AIRFLOW_CTX_DAG_ID=consumer
AIRFLOW_CTX_TASK_ID=read_dataset
AIRFLOW_CTX_EXECUTION_DATE=2023-03-11T02:33:06.708720+00:00
AIRFLOW_CTX_TRY_NUMBER=1
AIRFLOW_CTX_DAG_RUN_ID=dataset_triggered__2023-03-11T02:33:06.708720+00:00
[2023-03-11T02:33:07.807+0000] {logging_mixin.py:120} INFO - producer update
[2023-03-11T02:33:07.807+0000] {python.py:177} INFO - Done. Returned value was: None
[2023-03-11T02:33:07.816+0000] {taskinstance.py:1406} INFO - Marking task as SUCCESS. dag_id=consumer, task_id=read_dataset, execution_date=20230311T023306, start_date=20230311T023307, end_date=20230311T023307
[2023-03-11T02:33:07.869+0000] {local_task_job.py:164} INFO - Task exited with return code 0
[2023-03-11T02:33:07.887+0000] {local_task_job.py:273} INFO - 0 downstream tasks scheduled from follow-on schedule check
