[2023-03-11T13:32:45.330+0000] {taskinstance.py:1165} INFO - Dependencies all met for <TaskInstance: xcom_dag.t3 manual__2023-03-11T13:32:42.056702+00:00 [queued]>
[2023-03-11T13:32:45.338+0000] {taskinstance.py:1165} INFO - Dependencies all met for <TaskInstance: xcom_dag.t3 manual__2023-03-11T13:32:42.056702+00:00 [queued]>
[2023-03-11T13:32:45.338+0000] {taskinstance.py:1362} INFO - 
--------------------------------------------------------------------------------
[2023-03-11T13:32:45.339+0000] {taskinstance.py:1363} INFO - Starting attempt 1 of 1
[2023-03-11T13:32:45.340+0000] {taskinstance.py:1364} INFO - 
--------------------------------------------------------------------------------
[2023-03-11T13:32:45.353+0000] {taskinstance.py:1383} INFO - Executing <Task(BashOperator): t3> on 2023-03-11 13:32:42.056702+00:00
[2023-03-11T13:32:45.357+0000] {standard_task_runner.py:55} INFO - Started process 6549 to run task
[2023-03-11T13:32:45.360+0000] {standard_task_runner.py:82} INFO - Running: ['***', 'tasks', 'run', 'xcom_dag', 't3', 'manual__2023-03-11T13:32:42.056702+00:00', '--job-id', '87', '--raw', '--subdir', 'DAGS_FOLDER/xcom_dag.py', '--cfg-path', '/tmp/tmp_k_565di']
[2023-03-11T13:32:45.361+0000] {standard_task_runner.py:83} INFO - Job 87: Subtask t3
[2023-03-11T13:32:45.413+0000] {task_command.py:376} INFO - Running <TaskInstance: xcom_dag.t3 manual__2023-03-11T13:32:42.056702+00:00 [running]> on host 4778231f673d
[2023-03-11T13:32:45.467+0000] {taskinstance.py:1592} INFO - Exporting the following env vars:
AIRFLOW_CTX_DAG_OWNER=***
AIRFLOW_CTX_DAG_ID=xcom_dag
AIRFLOW_CTX_TASK_ID=t3
AIRFLOW_CTX_EXECUTION_DATE=2023-03-11T13:32:42.056702+00:00
AIRFLOW_CTX_TRY_NUMBER=1
AIRFLOW_CTX_DAG_RUN_ID=manual__2023-03-11T13:32:42.056702+00:00
[2023-03-11T13:32:45.468+0000] {subprocess.py:63} INFO - Tmp dir root location: 
 /tmp
[2023-03-11T13:32:45.469+0000] {subprocess.py:75} INFO - Running command: ['/bin/bash', '-c', "echo ''"]
[2023-03-11T13:32:45.480+0000] {subprocess.py:86} INFO - Output:
[2023-03-11T13:32:45.481+0000] {subprocess.py:93} INFO - 
[2023-03-11T13:32:45.481+0000] {subprocess.py:97} INFO - Command exited with return code 0
[2023-03-11T13:32:45.504+0000] {taskinstance.py:1406} INFO - Marking task as SUCCESS. dag_id=xcom_dag, task_id=t3, execution_date=20230311T133242, start_date=20230311T133245, end_date=20230311T133245
[2023-03-11T13:32:45.532+0000] {local_task_job.py:164} INFO - Task exited with return code 0
[2023-03-11T13:32:45.549+0000] {local_task_job.py:273} INFO - 0 downstream tasks scheduled from follow-on schedule check
