[2023-03-11T01:12:48.819+0000] {taskinstance.py:1165} INFO - Dependencies all met for <TaskInstance: user_processing.extract_user manual__2023-03-11T01:12:45.759523+00:00 [queued]>
[2023-03-11T01:12:48.828+0000] {taskinstance.py:1165} INFO - Dependencies all met for <TaskInstance: user_processing.extract_user manual__2023-03-11T01:12:45.759523+00:00 [queued]>
[2023-03-11T01:12:48.828+0000] {taskinstance.py:1362} INFO - 
--------------------------------------------------------------------------------
[2023-03-11T01:12:48.830+0000] {taskinstance.py:1363} INFO - Starting attempt 1 of 1
[2023-03-11T01:12:48.831+0000] {taskinstance.py:1364} INFO - 
--------------------------------------------------------------------------------
[2023-03-11T01:12:48.842+0000] {taskinstance.py:1383} INFO - Executing <Task(SimpleHttpOperator): extract_user> on 2023-03-11 01:12:45.759523+00:00
[2023-03-11T01:12:48.848+0000] {standard_task_runner.py:55} INFO - Started process 13201 to run task
[2023-03-11T01:12:48.850+0000] {standard_task_runner.py:82} INFO - Running: ['***', 'tasks', 'run', 'user_processing', 'extract_user', 'manual__2023-03-11T01:12:45.759523+00:00', '--job-id', '23', '--raw', '--subdir', 'DAGS_FOLDER/user_processing.py', '--cfg-path', '/tmp/tmpstdyptlm']
[2023-03-11T01:12:48.852+0000] {standard_task_runner.py:83} INFO - Job 23: Subtask extract_user
[2023-03-11T01:12:48.901+0000] {task_command.py:376} INFO - Running <TaskInstance: user_processing.extract_user manual__2023-03-11T01:12:45.759523+00:00 [running]> on host bdc591f9d370
[2023-03-11T01:12:48.951+0000] {taskinstance.py:1592} INFO - Exporting the following env vars:
AIRFLOW_CTX_DAG_OWNER=***
AIRFLOW_CTX_DAG_ID=user_processing
AIRFLOW_CTX_TASK_ID=extract_user
AIRFLOW_CTX_EXECUTION_DATE=2023-03-11T01:12:45.759523+00:00
AIRFLOW_CTX_TRY_NUMBER=1
AIRFLOW_CTX_DAG_RUN_ID=manual__2023-03-11T01:12:45.759523+00:00
[2023-03-11T01:12:48.952+0000] {http.py:121} INFO - Calling HTTP method
[2023-03-11T01:12:48.959+0000] {base.py:71} INFO - Using connection ID 'user_api' for task execution.
[2023-03-11T01:12:48.960+0000] {http.py:148} INFO - Sending 'GET' to url: https://randomuser.me/api/
[2023-03-11T01:12:49.196+0000] {http.py:125} INFO - {"results":[{"gender":"male","name":{"title":"Mr","first":"Thomas","last":"Brown"},"location":{"street":{"number":379,"name":"Dufferin St"},"city":"Brockton","state":"British Columbia","country":"Canada","postcode":"U5M 6A5","coordinates":{"latitude":"-70.5974","longitude":"-138.8499"},"timezone":{"offset":"+7:00","description":"Bangkok, Hanoi, Jakarta"}},"email":"thomas.brown@example.com","login":{"uuid":"e2d0611e-9b6a-485e-a4f5-2d1a59e96f6a","username":"yellowfrog230","password":"diver1","salt":"JSBNIt5P","md5":"bb1da7afd15cc4fbf59cc86e62fda8ff","sha1":"194713b6aaac5a21908f7c419b7822a935b974ef","sha256":"c7f004e856a9f4e6cd2f96f1694e7a1888dc7b7dc62dabaea12e44d3065bb844"},"dob":{"date":"1990-12-08T00:55:24.052Z","age":32},"registered":{"date":"2003-07-29T14:19:51.858Z","age":19},"phone":"J69 O49-4643","cell":"I85 H79-1440","id":{"name":"SIN","value":"547716654"},"picture":{"large":"https://randomuser.me/api/portraits/men/63.jpg","medium":"https://randomuser.me/api/portraits/med/men/63.jpg","thumbnail":"https://randomuser.me/api/portraits/thumb/men/63.jpg"},"nat":"CA"}],"info":{"seed":"9727e848dd8c2b0d","results":1,"page":1,"version":"1.4"}}
[2023-03-11T01:12:49.219+0000] {taskinstance.py:1406} INFO - Marking task as SUCCESS. dag_id=user_processing, task_id=extract_user, execution_date=20230311T011245, start_date=20230311T011248, end_date=20230311T011249
[2023-03-11T01:12:49.264+0000] {local_task_job.py:164} INFO - Task exited with return code 0
[2023-03-11T01:12:49.292+0000] {local_task_job.py:273} INFO - 1 downstream tasks scheduled from follow-on schedule check
