[2023-03-11T14:10:20.131+0000] {taskinstance.py:1165} INFO - Dependencies all met for <TaskInstance: xcom_dag.branch manual__2023-03-11T14:10:18.123871+00:00 [queued]>
[2023-03-11T14:10:20.139+0000] {taskinstance.py:1165} INFO - Dependencies all met for <TaskInstance: xcom_dag.branch manual__2023-03-11T14:10:18.123871+00:00 [queued]>
[2023-03-11T14:10:20.139+0000] {taskinstance.py:1362} INFO - 
--------------------------------------------------------------------------------
[2023-03-11T14:10:20.140+0000] {taskinstance.py:1363} INFO - Starting attempt 1 of 1
[2023-03-11T14:10:20.141+0000] {taskinstance.py:1364} INFO - 
--------------------------------------------------------------------------------
[2023-03-11T14:10:20.152+0000] {taskinstance.py:1383} INFO - Executing <Task(BranchPythonOperator): branch> on 2023-03-11 14:10:18.123871+00:00
[2023-03-11T14:10:20.157+0000] {standard_task_runner.py:55} INFO - Started process 8141 to run task
[2023-03-11T14:10:20.160+0000] {standard_task_runner.py:82} INFO - Running: ['***', 'tasks', 'run', 'xcom_dag', 'branch', 'manual__2023-03-11T14:10:18.123871+00:00', '--job-id', '105', '--raw', '--subdir', 'DAGS_FOLDER/xcom_dag.py', '--cfg-path', '/tmp/tmp81c624so']
[2023-03-11T14:10:20.161+0000] {standard_task_runner.py:83} INFO - Job 105: Subtask branch
[2023-03-11T14:10:20.214+0000] {task_command.py:376} INFO - Running <TaskInstance: xcom_dag.branch manual__2023-03-11T14:10:18.123871+00:00 [running]> on host 4778231f673d
[2023-03-11T14:10:20.270+0000] {taskinstance.py:1592} INFO - Exporting the following env vars:
AIRFLOW_CTX_DAG_OWNER=***
AIRFLOW_CTX_DAG_ID=xcom_dag
AIRFLOW_CTX_TASK_ID=branch
AIRFLOW_CTX_EXECUTION_DATE=2023-03-11T14:10:18.123871+00:00
AIRFLOW_CTX_TRY_NUMBER=1
AIRFLOW_CTX_DAG_RUN_ID=manual__2023-03-11T14:10:18.123871+00:00
[2023-03-11T14:10:20.281+0000] {python.py:177} INFO - Done. Returned value was: t2
[2023-03-11T14:10:20.282+0000] {skipmixin.py:155} INFO - Following branch t2
[2023-03-11T14:10:20.282+0000] {skipmixin.py:190} INFO - Skipping tasks ['t3']
[2023-03-11T14:10:20.315+0000] {taskinstance.py:1406} INFO - Marking task as SUCCESS. dag_id=xcom_dag, task_id=branch, execution_date=20230311T141018, start_date=20230311T141020, end_date=20230311T141020
[2023-03-11T14:10:20.333+0000] {local_task_job.py:164} INFO - Task exited with return code 0
[2023-03-11T14:10:20.365+0000] {local_task_job.py:273} INFO - 1 downstream tasks scheduled from follow-on schedule check
