[2023-03-11T14:08:03.940+0000] {taskinstance.py:1165} INFO - Dependencies all met for <TaskInstance: xcom_dag.t1 manual__2023-03-11T14:08:03.266639+00:00 [queued]>
[2023-03-11T14:08:03.950+0000] {taskinstance.py:1165} INFO - Dependencies all met for <TaskInstance: xcom_dag.t1 manual__2023-03-11T14:08:03.266639+00:00 [queued]>
[2023-03-11T14:08:03.951+0000] {taskinstance.py:1362} INFO - 
--------------------------------------------------------------------------------
[2023-03-11T14:08:03.951+0000] {taskinstance.py:1363} INFO - Starting attempt 1 of 1
[2023-03-11T14:08:03.952+0000] {taskinstance.py:1364} INFO - 
--------------------------------------------------------------------------------
[2023-03-11T14:08:03.966+0000] {taskinstance.py:1383} INFO - Executing <Task(PythonOperator): t1> on 2023-03-11 14:08:03.266639+00:00
[2023-03-11T14:08:03.972+0000] {standard_task_runner.py:55} INFO - Started process 8025 to run task
[2023-03-11T14:08:03.975+0000] {standard_task_runner.py:82} INFO - Running: ['***', 'tasks', 'run', 'xcom_dag', 't1', 'manual__2023-03-11T14:08:03.266639+00:00', '--job-id', '101', '--raw', '--subdir', 'DAGS_FOLDER/xcom_dag.py', '--cfg-path', '/tmp/tmp7538e_on']
[2023-03-11T14:08:03.976+0000] {standard_task_runner.py:83} INFO - Job 101: Subtask t1
[2023-03-11T14:08:04.039+0000] {task_command.py:376} INFO - Running <TaskInstance: xcom_dag.t1 manual__2023-03-11T14:08:03.266639+00:00 [running]> on host 4778231f673d
[2023-03-11T14:08:04.110+0000] {taskinstance.py:1592} INFO - Exporting the following env vars:
AIRFLOW_CTX_DAG_OWNER=***
AIRFLOW_CTX_DAG_ID=xcom_dag
AIRFLOW_CTX_TASK_ID=t1
AIRFLOW_CTX_EXECUTION_DATE=2023-03-11T14:08:03.266639+00:00
AIRFLOW_CTX_TRY_NUMBER=1
AIRFLOW_CTX_DAG_RUN_ID=manual__2023-03-11T14:08:03.266639+00:00
[2023-03-11T14:08:04.125+0000] {python.py:177} INFO - Done. Returned value was: None
[2023-03-11T14:08:04.135+0000] {taskinstance.py:1406} INFO - Marking task as SUCCESS. dag_id=xcom_dag, task_id=t1, execution_date=20230311T140803, start_date=20230311T140803, end_date=20230311T140804
[2023-03-11T14:08:04.187+0000] {local_task_job.py:164} INFO - Task exited with return code 0
[2023-03-11T14:08:04.218+0000] {local_task_job.py:273} INFO - 1 downstream tasks scheduled from follow-on schedule check
