[2023-03-11T12:29:31.196+0000] {taskinstance.py:1165} INFO - Dependencies all met for <TaskInstance: group_dag.check_files scheduled__2023-03-10T00:00:00+00:00 [queued]>
[2023-03-11T12:29:31.211+0000] {taskinstance.py:1165} INFO - Dependencies all met for <TaskInstance: group_dag.check_files scheduled__2023-03-10T00:00:00+00:00 [queued]>
[2023-03-11T12:29:31.212+0000] {taskinstance.py:1362} INFO - 
--------------------------------------------------------------------------------
[2023-03-11T12:29:31.213+0000] {taskinstance.py:1363} INFO - Starting attempt 1 of 1
[2023-03-11T12:29:31.213+0000] {taskinstance.py:1364} INFO - 
--------------------------------------------------------------------------------
[2023-03-11T12:29:31.228+0000] {taskinstance.py:1383} INFO - Executing <Task(BashOperator): check_files> on 2023-03-10 00:00:00+00:00
[2023-03-11T12:29:31.234+0000] {standard_task_runner.py:55} INFO - Started process 3705 to run task
[2023-03-11T12:29:31.238+0000] {standard_task_runner.py:82} INFO - Running: ['***', 'tasks', 'run', 'group_dag', 'check_files', 'scheduled__2023-03-10T00:00:00+00:00', '--job-id', '76', '--raw', '--subdir', 'DAGS_FOLDER/group_dag.py', '--cfg-path', '/tmp/tmpvj6i4x1f']
[2023-03-11T12:29:31.239+0000] {standard_task_runner.py:83} INFO - Job 76: Subtask check_files
[2023-03-11T12:29:31.301+0000] {task_command.py:376} INFO - Running <TaskInstance: group_dag.check_files scheduled__2023-03-10T00:00:00+00:00 [running]> on host 4778231f673d
[2023-03-11T12:29:31.368+0000] {taskinstance.py:1592} INFO - Exporting the following env vars:
AIRFLOW_CTX_DAG_OWNER=***
AIRFLOW_CTX_DAG_ID=group_dag
AIRFLOW_CTX_TASK_ID=check_files
AIRFLOW_CTX_EXECUTION_DATE=2023-03-10T00:00:00+00:00
AIRFLOW_CTX_TRY_NUMBER=1
AIRFLOW_CTX_DAG_RUN_ID=scheduled__2023-03-10T00:00:00+00:00
[2023-03-11T12:29:31.370+0000] {subprocess.py:63} INFO - Tmp dir root location: 
 /tmp
[2023-03-11T12:29:31.370+0000] {subprocess.py:75} INFO - Running command: ['/bin/bash', '-c', 'sleep 10']
[2023-03-11T12:29:31.381+0000] {subprocess.py:86} INFO - Output:
[2023-03-11T12:29:41.384+0000] {subprocess.py:97} INFO - Command exited with return code 0
[2023-03-11T12:29:41.405+0000] {taskinstance.py:1406} INFO - Marking task as SUCCESS. dag_id=group_dag, task_id=check_files, execution_date=20230310T000000, start_date=20230311T122931, end_date=20230311T122941
[2023-03-11T12:29:41.448+0000] {local_task_job.py:164} INFO - Task exited with return code 0
[2023-03-11T12:29:41.469+0000] {local_task_job.py:273} INFO - 3 downstream tasks scheduled from follow-on schedule check
