[2023-03-14T23:37:52.999+0000] {manager.py:483} INFO - Processing files using up to 2 processes at a time 
[2023-03-14T23:37:53.002+0000] {manager.py:484} INFO - Process each file at most once every 30 seconds
[2023-03-14T23:37:53.002+0000] {manager.py:486} INFO - Checking for new files in /opt/airflow/dags every 300 seconds
[2023-03-14T23:37:53.003+0000] {manager.py:724} INFO - Searching for files in /opt/airflow/dags
[2023-03-14T23:37:53.176+0000] {manager.py:727} INFO - There are 9 files in /opt/airflow/dags
[2023-03-14T23:37:59.533+0000] {manager.py:846} INFO - 
================================================================================
DAG File Processing Stats

File Path                                     PID    Runtime      # DAGs    # Errors  Last Runtime    Last Run
--------------------------------------------  -----  ---------  --------  ----------  --------------  -------------------
/opt/airflow/dags/groups/group_downloads.py                            0           0  0.06s           2023-03-14T23:37:53
/opt/airflow/dags/groups/group_transforms.py                           0           0  0.05s           2023-03-14T23:37:53
/opt/airflow/dags/consumer.py                                          1           0  0.17s           2023-03-14T23:37:54
/opt/airflow/dags/elastic_dag.py                                       1           0  0.77s           2023-03-14T23:37:53
/opt/airflow/dags/group_dag.py                                         1           0  0.18s           2023-03-14T23:37:53
/opt/airflow/dags/parallel_dag.py                                      1           0  0.15s           2023-03-14T23:37:54
/opt/airflow/dags/producer.py                                          1           0  0.19s           2023-03-14T23:37:54
/opt/airflow/dags/user_processing.py                                   1           0  0.72s           2023-03-14T23:37:54
/opt/airflow/dags/xcom_dag.py                                          1           0  0.20s           2023-03-14T23:37:53
================================================================================
[2023-03-14T23:38:29.809+0000] {manager.py:846} INFO - 
================================================================================
DAG File Processing Stats

File Path                                     PID    Runtime      # DAGs    # Errors  Last Runtime    Last Run
--------------------------------------------  -----  ---------  --------  ----------  --------------  -------------------
/opt/airflow/dags/groups/group_downloads.py                            0           0  0.06s           2023-03-14T23:38:24
/opt/airflow/dags/groups/group_transforms.py                           0           0  0.05s           2023-03-14T23:38:24
/opt/airflow/dags/consumer.py                                          1           0  0.13s           2023-03-14T23:38:24
/opt/airflow/dags/elastic_dag.py                                       1           0  0.35s           2023-03-14T23:38:24
/opt/airflow/dags/group_dag.py                                         1           0  0.15s           2023-03-14T23:38:24
/opt/airflow/dags/parallel_dag.py                                      1           0  0.14s           2023-03-14T23:38:24
/opt/airflow/dags/producer.py                                          1           0  0.15s           2023-03-14T23:38:24
/opt/airflow/dags/user_processing.py                                   1           0  0.57s           2023-03-14T23:38:25
/opt/airflow/dags/xcom_dag.py                                          1           0  0.14s           2023-03-14T23:38:24
================================================================================
[2023-03-14T23:39:00.103+0000] {manager.py:846} INFO - 
================================================================================
DAG File Processing Stats

File Path                                     PID    Runtime      # DAGs    # Errors  Last Runtime    Last Run
--------------------------------------------  -----  ---------  --------  ----------  --------------  -------------------
/opt/airflow/dags/groups/group_downloads.py                            0           0  0.06s           2023-03-14T23:38:54
/opt/airflow/dags/groups/group_transforms.py                           0           0  0.05s           2023-03-14T23:38:54
/opt/airflow/dags/consumer.py                                          1           0  0.14s           2023-03-14T23:38:56
/opt/airflow/dags/elastic_dag.py                                       1           0  0.38s           2023-03-14T23:38:55
/opt/airflow/dags/group_dag.py                                         1           0  0.14s           2023-03-14T23:38:54
/opt/airflow/dags/parallel_dag.py                                      1           0  0.13s           2023-03-14T23:38:56
/opt/airflow/dags/producer.py                                          1           0  0.13s           2023-03-14T23:38:55
/opt/airflow/dags/user_processing.py                                   1           0  0.57s           2023-03-14T23:38:55
/opt/airflow/dags/xcom_dag.py                                          1           0  0.13s           2023-03-14T23:38:54
================================================================================
[2023-03-14T23:39:00.272+0000] {manager.py:465} INFO - Exiting gracefully upon receiving signal 15
[2023-03-15T22:49:15.677+0000] {manager.py:483} INFO - Processing files using up to 2 processes at a time 
[2023-03-15T22:49:15.680+0000] {manager.py:484} INFO - Process each file at most once every 30 seconds
[2023-03-15T22:49:15.681+0000] {manager.py:486} INFO - Checking for new files in /opt/airflow/dags every 300 seconds
[2023-03-15T22:49:15.681+0000] {manager.py:724} INFO - Searching for files in /opt/airflow/dags
[2023-03-15T22:49:16.033+0000] {manager.py:727} INFO - There are 9 files in /opt/airflow/dags
[2023-03-15T22:49:16.157+0000] {manager.py:846} INFO - 
================================================================================
DAG File Processing Stats

File Path                                       PID  Runtime      # DAGs    # Errors  Last Runtime    Last Run
--------------------------------------------  -----  ---------  --------  ----------  --------------  ----------
/opt/airflow/dags/consumer.py                                          0           0
/opt/airflow/dags/elastic_dag.py                 46  0.07s             0           0
/opt/airflow/dags/group_dag.py                                         0           0
/opt/airflow/dags/parallel_dag.py                                      0           0
/opt/airflow/dags/producer.py                                          0           0
/opt/airflow/dags/user_processing.py                                   0           0
/opt/airflow/dags/xcom_dag.py                    47  0.02s             0           0
/opt/airflow/dags/groups/group_downloads.py                            0           0
/opt/airflow/dags/groups/group_transforms.py                           0           0
================================================================================
[2023-03-15T22:49:38.407+0000] {manager.py:465} INFO - Exiting gracefully upon receiving signal 15
[2023-03-15T22:56:05.510+0000] {manager.py:483} INFO - Processing files using up to 2 processes at a time 
[2023-03-15T22:56:05.513+0000] {manager.py:484} INFO - Process each file at most once every 30 seconds
[2023-03-15T22:56:05.514+0000] {manager.py:486} INFO - Checking for new files in /opt/airflow/dags every 300 seconds
[2023-03-15T22:56:05.514+0000] {manager.py:724} INFO - Searching for files in /opt/airflow/dags
[2023-03-15T22:56:05.788+0000] {manager.py:727} INFO - There are 9 files in /opt/airflow/dags
[2023-03-15T22:56:08.844+0000] {manager.py:846} INFO - 
================================================================================
DAG File Processing Stats

File Path                                     PID    Runtime      # DAGs    # Errors  Last Runtime    Last Run
--------------------------------------------  -----  ---------  --------  ----------  --------------  -------------------
/opt/airflow/dags/groups/group_downloads.py                            0           0  0.05s           2023-03-15T22:56:06
/opt/airflow/dags/groups/group_transforms.py                           0           0  0.05s           2023-03-15T22:56:06
/opt/airflow/dags/consumer.py                                          1           0  0.15s           2023-03-15T22:56:06
/opt/airflow/dags/elastic_dag.py                                       1           0  0.64s           2023-03-15T22:56:06
/opt/airflow/dags/group_dag.py                                         1           0  0.15s           2023-03-15T22:56:06
/opt/airflow/dags/parallel_dag.py                                      1           0  0.13s           2023-03-15T22:56:06
/opt/airflow/dags/producer.py                                          1           0  0.16s           2023-03-15T22:56:06
/opt/airflow/dags/user_processing.py                                   1           0  0.69s           2023-03-15T22:56:06
/opt/airflow/dags/xcom_dag.py                                          1           0  0.15s           2023-03-15T22:56:05
================================================================================
[2023-03-15T22:56:39.564+0000] {manager.py:846} INFO - 
================================================================================
DAG File Processing Stats

File Path                                     PID    Runtime      # DAGs    # Errors  Last Runtime    Last Run
--------------------------------------------  -----  ---------  --------  ----------  --------------  -------------------
/opt/airflow/dags/groups/group_downloads.py                            0           0  0.05s           2023-03-15T22:56:36
/opt/airflow/dags/groups/group_transforms.py                           0           0  0.05s           2023-03-15T22:56:36
/opt/airflow/dags/consumer.py                                          1           0  0.12s           2023-03-15T22:56:36
/opt/airflow/dags/elastic_dag.py                                       1           0  0.32s           2023-03-15T22:56:36
/opt/airflow/dags/group_dag.py                                         1           0  0.14s           2023-03-15T22:56:36
/opt/airflow/dags/parallel_dag.py                                      1           0  0.12s           2023-03-15T22:56:37
/opt/airflow/dags/producer.py                                          1           0  0.13s           2023-03-15T22:56:37
/opt/airflow/dags/user_processing.py                                   1           0  0.48s           2023-03-15T22:56:37
/opt/airflow/dags/xcom_dag.py                                          1           0  0.13s           2023-03-15T22:56:36
================================================================================
