[2023-03-12T01:06:13.924+0000] {processor.py:154} INFO - Started process (PID=7110) to work on /opt/airflow/dags/groups/group_transforms.py
[2023-03-12T01:06:13.925+0000] {processor.py:756} INFO - Processing file /opt/airflow/dags/groups/group_transforms.py for tasks to queue
[2023-03-12T01:06:13.928+0000] {logging_mixin.py:120} INFO - [2023-03-12T01:06:13.927+0000] {dagbag.py:537} INFO - Filling up the DagBag from /opt/airflow/dags/groups/group_transforms.py
[2023-03-12T01:06:13.950+0000] {processor.py:768} WARNING - No viable dags retrieved from /opt/airflow/dags/groups/group_transforms.py
[2023-03-12T01:06:14.484+0000] {processor.py:176} INFO - Processing /opt/airflow/dags/groups/group_transforms.py took 0.564 seconds
[2023-03-12T01:06:44.965+0000] {processor.py:154} INFO - Started process (PID=7139) to work on /opt/airflow/dags/groups/group_transforms.py
[2023-03-12T01:06:44.966+0000] {processor.py:756} INFO - Processing file /opt/airflow/dags/groups/group_transforms.py for tasks to queue
[2023-03-12T01:06:44.967+0000] {logging_mixin.py:120} INFO - [2023-03-12T01:06:44.967+0000] {dagbag.py:537} INFO - Filling up the DagBag from /opt/airflow/dags/groups/group_transforms.py
[2023-03-12T01:06:44.982+0000] {processor.py:768} WARNING - No viable dags retrieved from /opt/airflow/dags/groups/group_transforms.py
[2023-03-12T01:06:44.995+0000] {processor.py:176} INFO - Processing /opt/airflow/dags/groups/group_transforms.py took 0.033 seconds
[2023-03-12T01:07:15.073+0000] {processor.py:154} INFO - Started process (PID=7176) to work on /opt/airflow/dags/groups/group_transforms.py
[2023-03-12T01:07:15.074+0000] {processor.py:756} INFO - Processing file /opt/airflow/dags/groups/group_transforms.py for tasks to queue
[2023-03-12T01:07:15.075+0000] {logging_mixin.py:120} INFO - [2023-03-12T01:07:15.075+0000] {dagbag.py:537} INFO - Filling up the DagBag from /opt/airflow/dags/groups/group_transforms.py
[2023-03-12T01:07:15.089+0000] {processor.py:768} WARNING - No viable dags retrieved from /opt/airflow/dags/groups/group_transforms.py
[2023-03-12T01:07:15.100+0000] {processor.py:176} INFO - Processing /opt/airflow/dags/groups/group_transforms.py took 0.029 seconds
[2023-03-12T01:07:45.395+0000] {processor.py:154} INFO - Started process (PID=7214) to work on /opt/airflow/dags/groups/group_transforms.py
[2023-03-12T01:07:45.396+0000] {processor.py:756} INFO - Processing file /opt/airflow/dags/groups/group_transforms.py for tasks to queue
[2023-03-12T01:07:45.396+0000] {logging_mixin.py:120} INFO - [2023-03-12T01:07:45.396+0000] {dagbag.py:537} INFO - Filling up the DagBag from /opt/airflow/dags/groups/group_transforms.py
[2023-03-12T01:07:45.412+0000] {processor.py:768} WARNING - No viable dags retrieved from /opt/airflow/dags/groups/group_transforms.py
[2023-03-12T01:07:45.424+0000] {processor.py:176} INFO - Processing /opt/airflow/dags/groups/group_transforms.py took 0.033 seconds
[2023-03-12T01:08:15.621+0000] {processor.py:154} INFO - Started process (PID=7253) to work on /opt/airflow/dags/groups/group_transforms.py
[2023-03-12T01:08:15.622+0000] {processor.py:756} INFO - Processing file /opt/airflow/dags/groups/group_transforms.py for tasks to queue
[2023-03-12T01:08:15.623+0000] {logging_mixin.py:120} INFO - [2023-03-12T01:08:15.623+0000] {dagbag.py:537} INFO - Filling up the DagBag from /opt/airflow/dags/groups/group_transforms.py
[2023-03-12T01:08:15.636+0000] {processor.py:768} WARNING - No viable dags retrieved from /opt/airflow/dags/groups/group_transforms.py
[2023-03-12T01:08:15.648+0000] {processor.py:176} INFO - Processing /opt/airflow/dags/groups/group_transforms.py took 0.029 seconds
[2023-03-12T01:08:45.973+0000] {processor.py:154} INFO - Started process (PID=7282) to work on /opt/airflow/dags/groups/group_transforms.py
[2023-03-12T01:08:45.974+0000] {processor.py:756} INFO - Processing file /opt/airflow/dags/groups/group_transforms.py for tasks to queue
[2023-03-12T01:08:45.975+0000] {logging_mixin.py:120} INFO - [2023-03-12T01:08:45.975+0000] {dagbag.py:537} INFO - Filling up the DagBag from /opt/airflow/dags/groups/group_transforms.py
[2023-03-12T01:08:45.989+0000] {processor.py:768} WARNING - No viable dags retrieved from /opt/airflow/dags/groups/group_transforms.py
[2023-03-12T01:08:46.000+0000] {processor.py:176} INFO - Processing /opt/airflow/dags/groups/group_transforms.py took 0.029 seconds
[2023-03-12T01:09:16.184+0000] {processor.py:154} INFO - Started process (PID=7320) to work on /opt/airflow/dags/groups/group_transforms.py
[2023-03-12T01:09:16.186+0000] {processor.py:756} INFO - Processing file /opt/airflow/dags/groups/group_transforms.py for tasks to queue
[2023-03-12T01:09:16.187+0000] {logging_mixin.py:120} INFO - [2023-03-12T01:09:16.187+0000] {dagbag.py:537} INFO - Filling up the DagBag from /opt/airflow/dags/groups/group_transforms.py
[2023-03-12T01:09:16.201+0000] {processor.py:768} WARNING - No viable dags retrieved from /opt/airflow/dags/groups/group_transforms.py
[2023-03-12T01:09:16.236+0000] {processor.py:176} INFO - Processing /opt/airflow/dags/groups/group_transforms.py took 0.056 seconds
[2023-03-12T01:09:46.878+0000] {processor.py:154} INFO - Started process (PID=7358) to work on /opt/airflow/dags/groups/group_transforms.py
[2023-03-12T01:09:46.879+0000] {processor.py:756} INFO - Processing file /opt/airflow/dags/groups/group_transforms.py for tasks to queue
[2023-03-12T01:09:46.879+0000] {logging_mixin.py:120} INFO - [2023-03-12T01:09:46.879+0000] {dagbag.py:537} INFO - Filling up the DagBag from /opt/airflow/dags/groups/group_transforms.py
[2023-03-12T01:09:46.893+0000] {processor.py:768} WARNING - No viable dags retrieved from /opt/airflow/dags/groups/group_transforms.py
[2023-03-12T01:09:46.906+0000] {processor.py:176} INFO - Processing /opt/airflow/dags/groups/group_transforms.py took 0.032 seconds
[2023-03-12T01:10:17.086+0000] {processor.py:154} INFO - Started process (PID=7397) to work on /opt/airflow/dags/groups/group_transforms.py
[2023-03-12T01:10:17.087+0000] {processor.py:756} INFO - Processing file /opt/airflow/dags/groups/group_transforms.py for tasks to queue
[2023-03-12T01:10:17.088+0000] {logging_mixin.py:120} INFO - [2023-03-12T01:10:17.088+0000] {dagbag.py:537} INFO - Filling up the DagBag from /opt/airflow/dags/groups/group_transforms.py
[2023-03-12T01:10:17.104+0000] {processor.py:768} WARNING - No viable dags retrieved from /opt/airflow/dags/groups/group_transforms.py
[2023-03-12T01:10:17.116+0000] {processor.py:176} INFO - Processing /opt/airflow/dags/groups/group_transforms.py took 0.032 seconds
[2023-03-12T01:10:47.432+0000] {processor.py:154} INFO - Started process (PID=7426) to work on /opt/airflow/dags/groups/group_transforms.py
[2023-03-12T01:10:47.433+0000] {processor.py:756} INFO - Processing file /opt/airflow/dags/groups/group_transforms.py for tasks to queue
[2023-03-12T01:10:47.433+0000] {logging_mixin.py:120} INFO - [2023-03-12T01:10:47.433+0000] {dagbag.py:537} INFO - Filling up the DagBag from /opt/airflow/dags/groups/group_transforms.py
[2023-03-12T01:10:47.445+0000] {processor.py:768} WARNING - No viable dags retrieved from /opt/airflow/dags/groups/group_transforms.py
[2023-03-12T01:10:47.456+0000] {processor.py:176} INFO - Processing /opt/airflow/dags/groups/group_transforms.py took 0.027 seconds
[2023-03-12T01:11:17.498+0000] {processor.py:154} INFO - Started process (PID=7464) to work on /opt/airflow/dags/groups/group_transforms.py
[2023-03-12T01:11:17.499+0000] {processor.py:756} INFO - Processing file /opt/airflow/dags/groups/group_transforms.py for tasks to queue
[2023-03-12T01:11:17.500+0000] {logging_mixin.py:120} INFO - [2023-03-12T01:11:17.500+0000] {dagbag.py:537} INFO - Filling up the DagBag from /opt/airflow/dags/groups/group_transforms.py
[2023-03-12T01:11:17.514+0000] {processor.py:768} WARNING - No viable dags retrieved from /opt/airflow/dags/groups/group_transforms.py
[2023-03-12T01:11:17.526+0000] {processor.py:176} INFO - Processing /opt/airflow/dags/groups/group_transforms.py took 0.030 seconds
[2023-03-12T01:11:47.932+0000] {processor.py:154} INFO - Started process (PID=7504) to work on /opt/airflow/dags/groups/group_transforms.py
[2023-03-12T01:11:47.932+0000] {processor.py:756} INFO - Processing file /opt/airflow/dags/groups/group_transforms.py for tasks to queue
[2023-03-12T01:11:47.933+0000] {logging_mixin.py:120} INFO - [2023-03-12T01:11:47.933+0000] {dagbag.py:537} INFO - Filling up the DagBag from /opt/airflow/dags/groups/group_transforms.py
[2023-03-12T01:11:47.948+0000] {processor.py:768} WARNING - No viable dags retrieved from /opt/airflow/dags/groups/group_transforms.py
[2023-03-12T01:11:47.959+0000] {processor.py:176} INFO - Processing /opt/airflow/dags/groups/group_transforms.py took 0.029 seconds
[2023-03-12T01:12:18.592+0000] {processor.py:154} INFO - Started process (PID=7542) to work on /opt/airflow/dags/groups/group_transforms.py
[2023-03-12T01:12:18.593+0000] {processor.py:756} INFO - Processing file /opt/airflow/dags/groups/group_transforms.py for tasks to queue
[2023-03-12T01:12:18.594+0000] {logging_mixin.py:120} INFO - [2023-03-12T01:12:18.594+0000] {dagbag.py:537} INFO - Filling up the DagBag from /opt/airflow/dags/groups/group_transforms.py
[2023-03-12T01:12:18.609+0000] {processor.py:768} WARNING - No viable dags retrieved from /opt/airflow/dags/groups/group_transforms.py
[2023-03-12T01:12:18.621+0000] {processor.py:176} INFO - Processing /opt/airflow/dags/groups/group_transforms.py took 0.031 seconds
[2023-03-12T01:12:49.260+0000] {processor.py:154} INFO - Started process (PID=7571) to work on /opt/airflow/dags/groups/group_transforms.py
[2023-03-12T01:12:49.261+0000] {processor.py:756} INFO - Processing file /opt/airflow/dags/groups/group_transforms.py for tasks to queue
[2023-03-12T01:12:49.262+0000] {logging_mixin.py:120} INFO - [2023-03-12T01:12:49.262+0000] {dagbag.py:537} INFO - Filling up the DagBag from /opt/airflow/dags/groups/group_transforms.py
[2023-03-12T01:12:49.276+0000] {processor.py:768} WARNING - No viable dags retrieved from /opt/airflow/dags/groups/group_transforms.py
[2023-03-12T01:12:49.286+0000] {processor.py:176} INFO - Processing /opt/airflow/dags/groups/group_transforms.py took 0.030 seconds
[2023-03-12T01:13:19.906+0000] {processor.py:154} INFO - Started process (PID=7609) to work on /opt/airflow/dags/groups/group_transforms.py
[2023-03-12T01:13:19.907+0000] {processor.py:756} INFO - Processing file /opt/airflow/dags/groups/group_transforms.py for tasks to queue
[2023-03-12T01:13:19.908+0000] {logging_mixin.py:120} INFO - [2023-03-12T01:13:19.908+0000] {dagbag.py:537} INFO - Filling up the DagBag from /opt/airflow/dags/groups/group_transforms.py
[2023-03-12T01:13:19.921+0000] {processor.py:768} WARNING - No viable dags retrieved from /opt/airflow/dags/groups/group_transforms.py
[2023-03-12T01:13:19.933+0000] {processor.py:176} INFO - Processing /opt/airflow/dags/groups/group_transforms.py took 0.030 seconds
[2023-03-12T01:13:50.541+0000] {processor.py:154} INFO - Started process (PID=7647) to work on /opt/airflow/dags/groups/group_transforms.py
[2023-03-12T01:13:50.542+0000] {processor.py:756} INFO - Processing file /opt/airflow/dags/groups/group_transforms.py for tasks to queue
[2023-03-12T01:13:50.542+0000] {logging_mixin.py:120} INFO - [2023-03-12T01:13:50.542+0000] {dagbag.py:537} INFO - Filling up the DagBag from /opt/airflow/dags/groups/group_transforms.py
[2023-03-12T01:13:50.555+0000] {processor.py:768} WARNING - No viable dags retrieved from /opt/airflow/dags/groups/group_transforms.py
[2023-03-12T01:13:50.566+0000] {processor.py:176} INFO - Processing /opt/airflow/dags/groups/group_transforms.py took 0.028 seconds
[2023-03-12T01:14:21.000+0000] {processor.py:154} INFO - Started process (PID=7684) to work on /opt/airflow/dags/groups/group_transforms.py
[2023-03-12T01:14:21.001+0000] {processor.py:756} INFO - Processing file /opt/airflow/dags/groups/group_transforms.py for tasks to queue
[2023-03-12T01:14:21.002+0000] {logging_mixin.py:120} INFO - [2023-03-12T01:14:21.001+0000] {dagbag.py:537} INFO - Filling up the DagBag from /opt/airflow/dags/groups/group_transforms.py
[2023-03-12T01:14:21.014+0000] {processor.py:768} WARNING - No viable dags retrieved from /opt/airflow/dags/groups/group_transforms.py
[2023-03-12T01:14:21.026+0000] {processor.py:176} INFO - Processing /opt/airflow/dags/groups/group_transforms.py took 0.029 seconds
[2023-03-12T01:14:51.228+0000] {processor.py:154} INFO - Started process (PID=7722) to work on /opt/airflow/dags/groups/group_transforms.py
[2023-03-12T01:14:51.229+0000] {processor.py:756} INFO - Processing file /opt/airflow/dags/groups/group_transforms.py for tasks to queue
[2023-03-12T01:14:51.229+0000] {logging_mixin.py:120} INFO - [2023-03-12T01:14:51.229+0000] {dagbag.py:537} INFO - Filling up the DagBag from /opt/airflow/dags/groups/group_transforms.py
[2023-03-12T01:14:51.243+0000] {processor.py:768} WARNING - No viable dags retrieved from /opt/airflow/dags/groups/group_transforms.py
[2023-03-12T01:14:51.254+0000] {processor.py:176} INFO - Processing /opt/airflow/dags/groups/group_transforms.py took 0.029 seconds
[2023-03-12T01:15:21.567+0000] {processor.py:154} INFO - Started process (PID=7751) to work on /opt/airflow/dags/groups/group_transforms.py
[2023-03-12T01:15:21.568+0000] {processor.py:756} INFO - Processing file /opt/airflow/dags/groups/group_transforms.py for tasks to queue
[2023-03-12T01:15:21.568+0000] {logging_mixin.py:120} INFO - [2023-03-12T01:15:21.568+0000] {dagbag.py:537} INFO - Filling up the DagBag from /opt/airflow/dags/groups/group_transforms.py
[2023-03-12T01:15:21.583+0000] {processor.py:768} WARNING - No viable dags retrieved from /opt/airflow/dags/groups/group_transforms.py
[2023-03-12T01:15:21.595+0000] {processor.py:176} INFO - Processing /opt/airflow/dags/groups/group_transforms.py took 0.030 seconds
[2023-03-12T01:15:51.727+0000] {processor.py:154} INFO - Started process (PID=7789) to work on /opt/airflow/dags/groups/group_transforms.py
[2023-03-12T01:15:51.728+0000] {processor.py:756} INFO - Processing file /opt/airflow/dags/groups/group_transforms.py for tasks to queue
[2023-03-12T01:15:51.729+0000] {logging_mixin.py:120} INFO - [2023-03-12T01:15:51.729+0000] {dagbag.py:537} INFO - Filling up the DagBag from /opt/airflow/dags/groups/group_transforms.py
[2023-03-12T01:15:51.743+0000] {processor.py:768} WARNING - No viable dags retrieved from /opt/airflow/dags/groups/group_transforms.py
[2023-03-12T01:15:51.753+0000] {processor.py:176} INFO - Processing /opt/airflow/dags/groups/group_transforms.py took 0.029 seconds
[2023-03-12T01:16:21.953+0000] {processor.py:154} INFO - Started process (PID=7828) to work on /opt/airflow/dags/groups/group_transforms.py
[2023-03-12T01:16:21.954+0000] {processor.py:756} INFO - Processing file /opt/airflow/dags/groups/group_transforms.py for tasks to queue
[2023-03-12T01:16:21.954+0000] {logging_mixin.py:120} INFO - [2023-03-12T01:16:21.954+0000] {dagbag.py:537} INFO - Filling up the DagBag from /opt/airflow/dags/groups/group_transforms.py
[2023-03-12T01:16:21.968+0000] {processor.py:768} WARNING - No viable dags retrieved from /opt/airflow/dags/groups/group_transforms.py
[2023-03-12T01:16:21.980+0000] {processor.py:176} INFO - Processing /opt/airflow/dags/groups/group_transforms.py took 0.030 seconds
[2023-03-12T01:16:52.280+0000] {processor.py:154} INFO - Started process (PID=7866) to work on /opt/airflow/dags/groups/group_transforms.py
[2023-03-12T01:16:52.281+0000] {processor.py:756} INFO - Processing file /opt/airflow/dags/groups/group_transforms.py for tasks to queue
[2023-03-12T01:16:52.281+0000] {logging_mixin.py:120} INFO - [2023-03-12T01:16:52.281+0000] {dagbag.py:537} INFO - Filling up the DagBag from /opt/airflow/dags/groups/group_transforms.py
[2023-03-12T01:16:52.296+0000] {processor.py:768} WARNING - No viable dags retrieved from /opt/airflow/dags/groups/group_transforms.py
[2023-03-12T01:16:52.308+0000] {processor.py:176} INFO - Processing /opt/airflow/dags/groups/group_transforms.py took 0.030 seconds
[2023-03-12T01:17:22.601+0000] {processor.py:154} INFO - Started process (PID=7895) to work on /opt/airflow/dags/groups/group_transforms.py
[2023-03-12T01:17:22.602+0000] {processor.py:756} INFO - Processing file /opt/airflow/dags/groups/group_transforms.py for tasks to queue
[2023-03-12T01:17:22.603+0000] {logging_mixin.py:120} INFO - [2023-03-12T01:17:22.603+0000] {dagbag.py:537} INFO - Filling up the DagBag from /opt/airflow/dags/groups/group_transforms.py
[2023-03-12T01:17:22.616+0000] {processor.py:768} WARNING - No viable dags retrieved from /opt/airflow/dags/groups/group_transforms.py
[2023-03-12T01:17:22.628+0000] {processor.py:176} INFO - Processing /opt/airflow/dags/groups/group_transforms.py took 0.030 seconds
[2023-03-12T01:17:53.265+0000] {processor.py:154} INFO - Started process (PID=7933) to work on /opt/airflow/dags/groups/group_transforms.py
[2023-03-12T01:17:53.266+0000] {processor.py:756} INFO - Processing file /opt/airflow/dags/groups/group_transforms.py for tasks to queue
[2023-03-12T01:17:53.267+0000] {logging_mixin.py:120} INFO - [2023-03-12T01:17:53.267+0000] {dagbag.py:537} INFO - Filling up the DagBag from /opt/airflow/dags/groups/group_transforms.py
[2023-03-12T01:17:53.282+0000] {processor.py:768} WARNING - No viable dags retrieved from /opt/airflow/dags/groups/group_transforms.py
[2023-03-12T01:17:53.292+0000] {processor.py:176} INFO - Processing /opt/airflow/dags/groups/group_transforms.py took 0.030 seconds
[2023-03-12T01:18:23.511+0000] {processor.py:154} INFO - Started process (PID=7972) to work on /opt/airflow/dags/groups/group_transforms.py
[2023-03-12T01:18:23.512+0000] {processor.py:756} INFO - Processing file /opt/airflow/dags/groups/group_transforms.py for tasks to queue
[2023-03-12T01:18:23.513+0000] {logging_mixin.py:120} INFO - [2023-03-12T01:18:23.513+0000] {dagbag.py:537} INFO - Filling up the DagBag from /opt/airflow/dags/groups/group_transforms.py
[2023-03-12T01:18:23.527+0000] {processor.py:768} WARNING - No viable dags retrieved from /opt/airflow/dags/groups/group_transforms.py
[2023-03-12T01:18:23.539+0000] {processor.py:176} INFO - Processing /opt/airflow/dags/groups/group_transforms.py took 0.031 seconds
[2023-03-12T01:18:54.265+0000] {processor.py:154} INFO - Started process (PID=8010) to work on /opt/airflow/dags/groups/group_transforms.py
[2023-03-12T01:18:54.265+0000] {processor.py:756} INFO - Processing file /opt/airflow/dags/groups/group_transforms.py for tasks to queue
[2023-03-12T01:18:54.266+0000] {logging_mixin.py:120} INFO - [2023-03-12T01:18:54.266+0000] {dagbag.py:537} INFO - Filling up the DagBag from /opt/airflow/dags/groups/group_transforms.py
[2023-03-12T01:18:54.281+0000] {processor.py:768} WARNING - No viable dags retrieved from /opt/airflow/dags/groups/group_transforms.py
[2023-03-12T01:18:54.292+0000] {processor.py:176} INFO - Processing /opt/airflow/dags/groups/group_transforms.py took 0.030 seconds
[2023-03-12T01:19:24.911+0000] {processor.py:154} INFO - Started process (PID=8046) to work on /opt/airflow/dags/groups/group_transforms.py
[2023-03-12T01:19:24.912+0000] {processor.py:756} INFO - Processing file /opt/airflow/dags/groups/group_transforms.py for tasks to queue
[2023-03-12T01:19:24.913+0000] {logging_mixin.py:120} INFO - [2023-03-12T01:19:24.912+0000] {dagbag.py:537} INFO - Filling up the DagBag from /opt/airflow/dags/groups/group_transforms.py
[2023-03-12T01:19:24.928+0000] {processor.py:768} WARNING - No viable dags retrieved from /opt/airflow/dags/groups/group_transforms.py
[2023-03-12T01:19:24.940+0000] {processor.py:176} INFO - Processing /opt/airflow/dags/groups/group_transforms.py took 0.032 seconds
[2023-03-12T01:19:55.421+0000] {processor.py:154} INFO - Started process (PID=8077) to work on /opt/airflow/dags/groups/group_transforms.py
[2023-03-12T01:19:55.422+0000] {processor.py:756} INFO - Processing file /opt/airflow/dags/groups/group_transforms.py for tasks to queue
[2023-03-12T01:19:55.423+0000] {logging_mixin.py:120} INFO - [2023-03-12T01:19:55.423+0000] {dagbag.py:537} INFO - Filling up the DagBag from /opt/airflow/dags/groups/group_transforms.py
[2023-03-12T01:19:55.437+0000] {processor.py:768} WARNING - No viable dags retrieved from /opt/airflow/dags/groups/group_transforms.py
[2023-03-12T01:19:55.450+0000] {processor.py:176} INFO - Processing /opt/airflow/dags/groups/group_transforms.py took 0.032 seconds
[2023-03-12T01:20:25.769+0000] {processor.py:154} INFO - Started process (PID=8117) to work on /opt/airflow/dags/groups/group_transforms.py
[2023-03-12T01:20:25.769+0000] {processor.py:756} INFO - Processing file /opt/airflow/dags/groups/group_transforms.py for tasks to queue
[2023-03-12T01:20:25.770+0000] {logging_mixin.py:120} INFO - [2023-03-12T01:20:25.770+0000] {dagbag.py:537} INFO - Filling up the DagBag from /opt/airflow/dags/groups/group_transforms.py
[2023-03-12T01:20:25.784+0000] {processor.py:768} WARNING - No viable dags retrieved from /opt/airflow/dags/groups/group_transforms.py
[2023-03-12T01:20:25.795+0000] {processor.py:176} INFO - Processing /opt/airflow/dags/groups/group_transforms.py took 0.030 seconds
[2023-03-12T01:20:56.379+0000] {processor.py:154} INFO - Started process (PID=8155) to work on /opt/airflow/dags/groups/group_transforms.py
[2023-03-12T01:20:56.381+0000] {processor.py:756} INFO - Processing file /opt/airflow/dags/groups/group_transforms.py for tasks to queue
[2023-03-12T01:20:56.381+0000] {logging_mixin.py:120} INFO - [2023-03-12T01:20:56.381+0000] {dagbag.py:537} INFO - Filling up the DagBag from /opt/airflow/dags/groups/group_transforms.py
[2023-03-12T01:20:56.396+0000] {processor.py:768} WARNING - No viable dags retrieved from /opt/airflow/dags/groups/group_transforms.py
[2023-03-12T01:20:56.407+0000] {processor.py:176} INFO - Processing /opt/airflow/dags/groups/group_transforms.py took 0.030 seconds
[2023-03-12T01:21:26.627+0000] {processor.py:154} INFO - Started process (PID=8193) to work on /opt/airflow/dags/groups/group_transforms.py
[2023-03-12T01:21:26.628+0000] {processor.py:756} INFO - Processing file /opt/airflow/dags/groups/group_transforms.py for tasks to queue
[2023-03-12T01:21:26.629+0000] {logging_mixin.py:120} INFO - [2023-03-12T01:21:26.629+0000] {dagbag.py:537} INFO - Filling up the DagBag from /opt/airflow/dags/groups/group_transforms.py
[2023-03-12T01:21:26.642+0000] {processor.py:768} WARNING - No viable dags retrieved from /opt/airflow/dags/groups/group_transforms.py
[2023-03-12T01:21:26.654+0000] {processor.py:176} INFO - Processing /opt/airflow/dags/groups/group_transforms.py took 0.030 seconds
[2023-03-12T01:21:57.387+0000] {processor.py:154} INFO - Started process (PID=8222) to work on /opt/airflow/dags/groups/group_transforms.py
[2023-03-12T01:21:57.388+0000] {processor.py:756} INFO - Processing file /opt/airflow/dags/groups/group_transforms.py for tasks to queue
[2023-03-12T01:21:57.389+0000] {logging_mixin.py:120} INFO - [2023-03-12T01:21:57.389+0000] {dagbag.py:537} INFO - Filling up the DagBag from /opt/airflow/dags/groups/group_transforms.py
[2023-03-12T01:21:57.402+0000] {processor.py:768} WARNING - No viable dags retrieved from /opt/airflow/dags/groups/group_transforms.py
[2023-03-12T01:21:57.414+0000] {processor.py:176} INFO - Processing /opt/airflow/dags/groups/group_transforms.py took 0.030 seconds
[2023-03-12T01:22:27.653+0000] {processor.py:154} INFO - Started process (PID=8260) to work on /opt/airflow/dags/groups/group_transforms.py
[2023-03-12T01:22:27.653+0000] {processor.py:756} INFO - Processing file /opt/airflow/dags/groups/group_transforms.py for tasks to queue
[2023-03-12T01:22:27.654+0000] {logging_mixin.py:120} INFO - [2023-03-12T01:22:27.654+0000] {dagbag.py:537} INFO - Filling up the DagBag from /opt/airflow/dags/groups/group_transforms.py
[2023-03-12T01:22:27.665+0000] {processor.py:768} WARNING - No viable dags retrieved from /opt/airflow/dags/groups/group_transforms.py
[2023-03-12T01:22:27.676+0000] {processor.py:176} INFO - Processing /opt/airflow/dags/groups/group_transforms.py took 0.027 seconds
[2023-03-12T01:22:57.931+0000] {processor.py:154} INFO - Started process (PID=8298) to work on /opt/airflow/dags/groups/group_transforms.py
[2023-03-12T01:22:57.932+0000] {processor.py:756} INFO - Processing file /opt/airflow/dags/groups/group_transforms.py for tasks to queue
[2023-03-12T01:22:57.932+0000] {logging_mixin.py:120} INFO - [2023-03-12T01:22:57.932+0000] {dagbag.py:537} INFO - Filling up the DagBag from /opt/airflow/dags/groups/group_transforms.py
[2023-03-12T01:22:57.945+0000] {processor.py:768} WARNING - No viable dags retrieved from /opt/airflow/dags/groups/group_transforms.py
[2023-03-12T01:22:57.956+0000] {processor.py:176} INFO - Processing /opt/airflow/dags/groups/group_transforms.py took 0.028 seconds
[2023-03-12T01:23:28.588+0000] {processor.py:154} INFO - Started process (PID=8336) to work on /opt/airflow/dags/groups/group_transforms.py
[2023-03-12T01:23:28.589+0000] {processor.py:756} INFO - Processing file /opt/airflow/dags/groups/group_transforms.py for tasks to queue
[2023-03-12T01:23:28.590+0000] {logging_mixin.py:120} INFO - [2023-03-12T01:23:28.590+0000] {dagbag.py:537} INFO - Filling up the DagBag from /opt/airflow/dags/groups/group_transforms.py
[2023-03-12T01:23:28.603+0000] {processor.py:768} WARNING - No viable dags retrieved from /opt/airflow/dags/groups/group_transforms.py
[2023-03-12T01:23:28.615+0000] {processor.py:176} INFO - Processing /opt/airflow/dags/groups/group_transforms.py took 0.030 seconds
[2023-03-12T01:23:59.264+0000] {processor.py:154} INFO - Started process (PID=8371) to work on /opt/airflow/dags/groups/group_transforms.py
[2023-03-12T01:23:59.265+0000] {processor.py:756} INFO - Processing file /opt/airflow/dags/groups/group_transforms.py for tasks to queue
[2023-03-12T01:23:59.266+0000] {logging_mixin.py:120} INFO - [2023-03-12T01:23:59.266+0000] {dagbag.py:537} INFO - Filling up the DagBag from /opt/airflow/dags/groups/group_transforms.py
[2023-03-12T01:23:59.282+0000] {processor.py:768} WARNING - No viable dags retrieved from /opt/airflow/dags/groups/group_transforms.py
[2023-03-12T01:23:59.295+0000] {processor.py:176} INFO - Processing /opt/airflow/dags/groups/group_transforms.py took 0.035 seconds
[2023-03-12T01:24:29.817+0000] {processor.py:154} INFO - Started process (PID=8403) to work on /opt/airflow/dags/groups/group_transforms.py
[2023-03-12T01:24:29.818+0000] {processor.py:756} INFO - Processing file /opt/airflow/dags/groups/group_transforms.py for tasks to queue
[2023-03-12T01:24:29.819+0000] {logging_mixin.py:120} INFO - [2023-03-12T01:24:29.819+0000] {dagbag.py:537} INFO - Filling up the DagBag from /opt/airflow/dags/groups/group_transforms.py
[2023-03-12T01:24:29.831+0000] {processor.py:768} WARNING - No viable dags retrieved from /opt/airflow/dags/groups/group_transforms.py
[2023-03-12T01:24:29.843+0000] {processor.py:176} INFO - Processing /opt/airflow/dags/groups/group_transforms.py took 0.029 seconds
[2023-03-12T01:25:00.390+0000] {processor.py:154} INFO - Started process (PID=8441) to work on /opt/airflow/dags/groups/group_transforms.py
[2023-03-12T01:25:00.391+0000] {processor.py:756} INFO - Processing file /opt/airflow/dags/groups/group_transforms.py for tasks to queue
[2023-03-12T01:25:00.392+0000] {logging_mixin.py:120} INFO - [2023-03-12T01:25:00.392+0000] {dagbag.py:537} INFO - Filling up the DagBag from /opt/airflow/dags/groups/group_transforms.py
[2023-03-12T01:25:00.405+0000] {processor.py:768} WARNING - No viable dags retrieved from /opt/airflow/dags/groups/group_transforms.py
[2023-03-12T01:25:00.416+0000] {processor.py:176} INFO - Processing /opt/airflow/dags/groups/group_transforms.py took 0.031 seconds
[2023-03-12T01:25:30.684+0000] {processor.py:154} INFO - Started process (PID=8479) to work on /opt/airflow/dags/groups/group_transforms.py
[2023-03-12T01:25:30.685+0000] {processor.py:756} INFO - Processing file /opt/airflow/dags/groups/group_transforms.py for tasks to queue
[2023-03-12T01:25:30.686+0000] {logging_mixin.py:120} INFO - [2023-03-12T01:25:30.686+0000] {dagbag.py:537} INFO - Filling up the DagBag from /opt/airflow/dags/groups/group_transforms.py
[2023-03-12T01:25:30.698+0000] {processor.py:768} WARNING - No viable dags retrieved from /opt/airflow/dags/groups/group_transforms.py
[2023-03-12T01:25:30.710+0000] {processor.py:176} INFO - Processing /opt/airflow/dags/groups/group_transforms.py took 0.029 seconds
[2023-03-12T01:26:01.375+0000] {processor.py:154} INFO - Started process (PID=8516) to work on /opt/airflow/dags/groups/group_transforms.py
[2023-03-12T01:26:01.376+0000] {processor.py:756} INFO - Processing file /opt/airflow/dags/groups/group_transforms.py for tasks to queue
[2023-03-12T01:26:01.377+0000] {logging_mixin.py:120} INFO - [2023-03-12T01:26:01.377+0000] {dagbag.py:537} INFO - Filling up the DagBag from /opt/airflow/dags/groups/group_transforms.py
[2023-03-12T01:26:01.389+0000] {processor.py:768} WARNING - No viable dags retrieved from /opt/airflow/dags/groups/group_transforms.py
[2023-03-12T01:26:01.400+0000] {processor.py:176} INFO - Processing /opt/airflow/dags/groups/group_transforms.py took 0.028 seconds
[2023-03-12T01:26:31.737+0000] {processor.py:154} INFO - Started process (PID=8545) to work on /opt/airflow/dags/groups/group_transforms.py
[2023-03-12T01:26:31.738+0000] {processor.py:756} INFO - Processing file /opt/airflow/dags/groups/group_transforms.py for tasks to queue
[2023-03-12T01:26:31.739+0000] {logging_mixin.py:120} INFO - [2023-03-12T01:26:31.739+0000] {dagbag.py:537} INFO - Filling up the DagBag from /opt/airflow/dags/groups/group_transforms.py
[2023-03-12T01:26:31.752+0000] {processor.py:768} WARNING - No viable dags retrieved from /opt/airflow/dags/groups/group_transforms.py
[2023-03-12T01:26:31.765+0000] {processor.py:176} INFO - Processing /opt/airflow/dags/groups/group_transforms.py took 0.030 seconds
[2023-03-12T01:27:02.314+0000] {processor.py:154} INFO - Started process (PID=8583) to work on /opt/airflow/dags/groups/group_transforms.py
[2023-03-12T01:27:02.315+0000] {processor.py:756} INFO - Processing file /opt/airflow/dags/groups/group_transforms.py for tasks to queue
[2023-03-12T01:27:02.316+0000] {logging_mixin.py:120} INFO - [2023-03-12T01:27:02.316+0000] {dagbag.py:537} INFO - Filling up the DagBag from /opt/airflow/dags/groups/group_transforms.py
[2023-03-12T01:27:02.331+0000] {processor.py:768} WARNING - No viable dags retrieved from /opt/airflow/dags/groups/group_transforms.py
[2023-03-12T01:27:02.343+0000] {processor.py:176} INFO - Processing /opt/airflow/dags/groups/group_transforms.py took 0.032 seconds
[2023-03-12T01:27:32.672+0000] {processor.py:154} INFO - Started process (PID=8622) to work on /opt/airflow/dags/groups/group_transforms.py
[2023-03-12T01:27:32.673+0000] {processor.py:756} INFO - Processing file /opt/airflow/dags/groups/group_transforms.py for tasks to queue
[2023-03-12T01:27:32.673+0000] {logging_mixin.py:120} INFO - [2023-03-12T01:27:32.673+0000] {dagbag.py:537} INFO - Filling up the DagBag from /opt/airflow/dags/groups/group_transforms.py
[2023-03-12T01:27:32.686+0000] {processor.py:768} WARNING - No viable dags retrieved from /opt/airflow/dags/groups/group_transforms.py
[2023-03-12T01:27:32.697+0000] {processor.py:176} INFO - Processing /opt/airflow/dags/groups/group_transforms.py took 0.028 seconds
[2023-03-12T01:28:02.817+0000] {processor.py:154} INFO - Started process (PID=8661) to work on /opt/airflow/dags/groups/group_transforms.py
[2023-03-12T01:28:02.818+0000] {processor.py:756} INFO - Processing file /opt/airflow/dags/groups/group_transforms.py for tasks to queue
[2023-03-12T01:28:02.818+0000] {logging_mixin.py:120} INFO - [2023-03-12T01:28:02.818+0000] {dagbag.py:537} INFO - Filling up the DagBag from /opt/airflow/dags/groups/group_transforms.py
[2023-03-12T01:28:02.834+0000] {processor.py:768} WARNING - No viable dags retrieved from /opt/airflow/dags/groups/group_transforms.py
[2023-03-12T01:28:02.846+0000] {processor.py:176} INFO - Processing /opt/airflow/dags/groups/group_transforms.py took 0.032 seconds
[2023-03-12T01:28:33.280+0000] {processor.py:154} INFO - Started process (PID=8690) to work on /opt/airflow/dags/groups/group_transforms.py
[2023-03-12T01:28:33.281+0000] {processor.py:756} INFO - Processing file /opt/airflow/dags/groups/group_transforms.py for tasks to queue
[2023-03-12T01:28:33.282+0000] {logging_mixin.py:120} INFO - [2023-03-12T01:28:33.282+0000] {dagbag.py:537} INFO - Filling up the DagBag from /opt/airflow/dags/groups/group_transforms.py
[2023-03-12T01:28:33.297+0000] {processor.py:768} WARNING - No viable dags retrieved from /opt/airflow/dags/groups/group_transforms.py
[2023-03-12T01:28:33.308+0000] {processor.py:176} INFO - Processing /opt/airflow/dags/groups/group_transforms.py took 0.030 seconds
[2023-03-12T01:29:03.939+0000] {processor.py:154} INFO - Started process (PID=8728) to work on /opt/airflow/dags/groups/group_transforms.py
[2023-03-12T01:29:03.940+0000] {processor.py:756} INFO - Processing file /opt/airflow/dags/groups/group_transforms.py for tasks to queue
[2023-03-12T01:29:03.941+0000] {logging_mixin.py:120} INFO - [2023-03-12T01:29:03.941+0000] {dagbag.py:537} INFO - Filling up the DagBag from /opt/airflow/dags/groups/group_transforms.py
[2023-03-12T01:29:03.955+0000] {processor.py:768} WARNING - No viable dags retrieved from /opt/airflow/dags/groups/group_transforms.py
[2023-03-12T01:29:03.967+0000] {processor.py:176} INFO - Processing /opt/airflow/dags/groups/group_transforms.py took 0.030 seconds
[2023-03-12T01:29:34.333+0000] {processor.py:154} INFO - Started process (PID=8766) to work on /opt/airflow/dags/groups/group_transforms.py
[2023-03-12T01:29:34.333+0000] {processor.py:756} INFO - Processing file /opt/airflow/dags/groups/group_transforms.py for tasks to queue
[2023-03-12T01:29:34.334+0000] {logging_mixin.py:120} INFO - [2023-03-12T01:29:34.334+0000] {dagbag.py:537} INFO - Filling up the DagBag from /opt/airflow/dags/groups/group_transforms.py
[2023-03-12T01:29:34.348+0000] {processor.py:768} WARNING - No viable dags retrieved from /opt/airflow/dags/groups/group_transforms.py
[2023-03-12T01:29:34.359+0000] {processor.py:176} INFO - Processing /opt/airflow/dags/groups/group_transforms.py took 0.029 seconds
[2023-03-12T01:30:04.844+0000] {processor.py:154} INFO - Started process (PID=8804) to work on /opt/airflow/dags/groups/group_transforms.py
[2023-03-12T01:30:04.844+0000] {processor.py:756} INFO - Processing file /opt/airflow/dags/groups/group_transforms.py for tasks to queue
[2023-03-12T01:30:04.845+0000] {logging_mixin.py:120} INFO - [2023-03-12T01:30:04.845+0000] {dagbag.py:537} INFO - Filling up the DagBag from /opt/airflow/dags/groups/group_transforms.py
[2023-03-12T01:30:04.859+0000] {processor.py:768} WARNING - No viable dags retrieved from /opt/airflow/dags/groups/group_transforms.py
[2023-03-12T01:30:04.871+0000] {processor.py:176} INFO - Processing /opt/airflow/dags/groups/group_transforms.py took 0.030 seconds
[2023-03-12T01:30:35.023+0000] {processor.py:154} INFO - Started process (PID=8833) to work on /opt/airflow/dags/groups/group_transforms.py
[2023-03-12T01:30:35.024+0000] {processor.py:756} INFO - Processing file /opt/airflow/dags/groups/group_transforms.py for tasks to queue
[2023-03-12T01:30:35.025+0000] {logging_mixin.py:120} INFO - [2023-03-12T01:30:35.025+0000] {dagbag.py:537} INFO - Filling up the DagBag from /opt/airflow/dags/groups/group_transforms.py
[2023-03-12T01:30:35.037+0000] {processor.py:768} WARNING - No viable dags retrieved from /opt/airflow/dags/groups/group_transforms.py
[2023-03-12T01:30:35.049+0000] {processor.py:176} INFO - Processing /opt/airflow/dags/groups/group_transforms.py took 0.029 seconds
[2023-03-12T01:31:05.410+0000] {processor.py:154} INFO - Started process (PID=8871) to work on /opt/airflow/dags/groups/group_transforms.py
[2023-03-12T01:31:05.411+0000] {processor.py:756} INFO - Processing file /opt/airflow/dags/groups/group_transforms.py for tasks to queue
[2023-03-12T01:31:05.412+0000] {logging_mixin.py:120} INFO - [2023-03-12T01:31:05.412+0000] {dagbag.py:537} INFO - Filling up the DagBag from /opt/airflow/dags/groups/group_transforms.py
[2023-03-12T01:31:05.426+0000] {processor.py:768} WARNING - No viable dags retrieved from /opt/airflow/dags/groups/group_transforms.py
[2023-03-12T01:31:05.437+0000] {processor.py:176} INFO - Processing /opt/airflow/dags/groups/group_transforms.py took 0.029 seconds
[2023-03-12T01:31:36.177+0000] {processor.py:154} INFO - Started process (PID=8910) to work on /opt/airflow/dags/groups/group_transforms.py
[2023-03-12T01:31:36.178+0000] {processor.py:756} INFO - Processing file /opt/airflow/dags/groups/group_transforms.py for tasks to queue
[2023-03-12T01:31:36.179+0000] {logging_mixin.py:120} INFO - [2023-03-12T01:31:36.179+0000] {dagbag.py:537} INFO - Filling up the DagBag from /opt/airflow/dags/groups/group_transforms.py
[2023-03-12T01:31:36.191+0000] {processor.py:768} WARNING - No viable dags retrieved from /opt/airflow/dags/groups/group_transforms.py
[2023-03-12T01:31:36.202+0000] {processor.py:176} INFO - Processing /opt/airflow/dags/groups/group_transforms.py took 0.028 seconds
[2023-03-12T01:32:06.485+0000] {processor.py:154} INFO - Started process (PID=8949) to work on /opt/airflow/dags/groups/group_transforms.py
[2023-03-12T01:32:06.487+0000] {processor.py:756} INFO - Processing file /opt/airflow/dags/groups/group_transforms.py for tasks to queue
[2023-03-12T01:32:06.487+0000] {logging_mixin.py:120} INFO - [2023-03-12T01:32:06.487+0000] {dagbag.py:537} INFO - Filling up the DagBag from /opt/airflow/dags/groups/group_transforms.py
[2023-03-12T01:32:06.500+0000] {processor.py:768} WARNING - No viable dags retrieved from /opt/airflow/dags/groups/group_transforms.py
[2023-03-12T01:32:06.512+0000] {processor.py:176} INFO - Processing /opt/airflow/dags/groups/group_transforms.py took 0.029 seconds
[2023-03-12T01:32:37.012+0000] {processor.py:154} INFO - Started process (PID=8987) to work on /opt/airflow/dags/groups/group_transforms.py
[2023-03-12T01:32:37.013+0000] {processor.py:756} INFO - Processing file /opt/airflow/dags/groups/group_transforms.py for tasks to queue
[2023-03-12T01:32:37.014+0000] {logging_mixin.py:120} INFO - [2023-03-12T01:32:37.013+0000] {dagbag.py:537} INFO - Filling up the DagBag from /opt/airflow/dags/groups/group_transforms.py
[2023-03-12T01:32:37.027+0000] {processor.py:768} WARNING - No viable dags retrieved from /opt/airflow/dags/groups/group_transforms.py
[2023-03-12T01:32:37.039+0000] {processor.py:176} INFO - Processing /opt/airflow/dags/groups/group_transforms.py took 0.029 seconds
[2023-03-12T01:33:07.328+0000] {processor.py:154} INFO - Started process (PID=9016) to work on /opt/airflow/dags/groups/group_transforms.py
[2023-03-12T01:33:07.329+0000] {processor.py:756} INFO - Processing file /opt/airflow/dags/groups/group_transforms.py for tasks to queue
[2023-03-12T01:33:07.330+0000] {logging_mixin.py:120} INFO - [2023-03-12T01:33:07.330+0000] {dagbag.py:537} INFO - Filling up the DagBag from /opt/airflow/dags/groups/group_transforms.py
[2023-03-12T01:33:07.342+0000] {processor.py:768} WARNING - No viable dags retrieved from /opt/airflow/dags/groups/group_transforms.py
[2023-03-12T01:33:07.354+0000] {processor.py:176} INFO - Processing /opt/airflow/dags/groups/group_transforms.py took 0.029 seconds
[2023-03-12T01:33:38.039+0000] {processor.py:154} INFO - Started process (PID=9055) to work on /opt/airflow/dags/groups/group_transforms.py
[2023-03-12T01:33:38.040+0000] {processor.py:756} INFO - Processing file /opt/airflow/dags/groups/group_transforms.py for tasks to queue
[2023-03-12T01:33:38.041+0000] {logging_mixin.py:120} INFO - [2023-03-12T01:33:38.041+0000] {dagbag.py:537} INFO - Filling up the DagBag from /opt/airflow/dags/groups/group_transforms.py
[2023-03-12T01:33:38.055+0000] {processor.py:768} WARNING - No viable dags retrieved from /opt/airflow/dags/groups/group_transforms.py
[2023-03-12T01:33:38.067+0000] {processor.py:176} INFO - Processing /opt/airflow/dags/groups/group_transforms.py took 0.030 seconds
[2023-03-12T01:34:08.343+0000] {processor.py:154} INFO - Started process (PID=9093) to work on /opt/airflow/dags/groups/group_transforms.py
[2023-03-12T01:34:08.344+0000] {processor.py:756} INFO - Processing file /opt/airflow/dags/groups/group_transforms.py for tasks to queue
[2023-03-12T01:34:08.345+0000] {logging_mixin.py:120} INFO - [2023-03-12T01:34:08.345+0000] {dagbag.py:537} INFO - Filling up the DagBag from /opt/airflow/dags/groups/group_transforms.py
[2023-03-12T01:34:08.365+0000] {processor.py:768} WARNING - No viable dags retrieved from /opt/airflow/dags/groups/group_transforms.py
[2023-03-12T01:34:08.377+0000] {processor.py:176} INFO - Processing /opt/airflow/dags/groups/group_transforms.py took 0.037 seconds
[2023-03-12T01:34:39.087+0000] {processor.py:154} INFO - Started process (PID=9132) to work on /opt/airflow/dags/groups/group_transforms.py
[2023-03-12T01:34:39.088+0000] {processor.py:756} INFO - Processing file /opt/airflow/dags/groups/group_transforms.py for tasks to queue
[2023-03-12T01:34:39.089+0000] {logging_mixin.py:120} INFO - [2023-03-12T01:34:39.089+0000] {dagbag.py:537} INFO - Filling up the DagBag from /opt/airflow/dags/groups/group_transforms.py
[2023-03-12T01:34:39.101+0000] {processor.py:768} WARNING - No viable dags retrieved from /opt/airflow/dags/groups/group_transforms.py
[2023-03-12T01:34:39.112+0000] {processor.py:176} INFO - Processing /opt/airflow/dags/groups/group_transforms.py took 0.027 seconds
[2023-03-12T01:35:09.751+0000] {processor.py:154} INFO - Started process (PID=9161) to work on /opt/airflow/dags/groups/group_transforms.py
[2023-03-12T01:35:09.752+0000] {processor.py:756} INFO - Processing file /opt/airflow/dags/groups/group_transforms.py for tasks to queue
[2023-03-12T01:35:09.753+0000] {logging_mixin.py:120} INFO - [2023-03-12T01:35:09.753+0000] {dagbag.py:537} INFO - Filling up the DagBag from /opt/airflow/dags/groups/group_transforms.py
[2023-03-12T01:35:09.772+0000] {processor.py:768} WARNING - No viable dags retrieved from /opt/airflow/dags/groups/group_transforms.py
[2023-03-12T01:35:09.784+0000] {processor.py:176} INFO - Processing /opt/airflow/dags/groups/group_transforms.py took 0.035 seconds
[2023-03-12T01:35:40.299+0000] {processor.py:154} INFO - Started process (PID=9199) to work on /opt/airflow/dags/groups/group_transforms.py
[2023-03-12T01:35:40.300+0000] {processor.py:756} INFO - Processing file /opt/airflow/dags/groups/group_transforms.py for tasks to queue
[2023-03-12T01:35:40.301+0000] {logging_mixin.py:120} INFO - [2023-03-12T01:35:40.301+0000] {dagbag.py:537} INFO - Filling up the DagBag from /opt/airflow/dags/groups/group_transforms.py
[2023-03-12T01:35:40.315+0000] {processor.py:768} WARNING - No viable dags retrieved from /opt/airflow/dags/groups/group_transforms.py
[2023-03-12T01:35:40.326+0000] {processor.py:176} INFO - Processing /opt/airflow/dags/groups/group_transforms.py took 0.029 seconds
[2023-03-12T01:36:10.645+0000] {processor.py:154} INFO - Started process (PID=9237) to work on /opt/airflow/dags/groups/group_transforms.py
[2023-03-12T01:36:10.645+0000] {processor.py:756} INFO - Processing file /opt/airflow/dags/groups/group_transforms.py for tasks to queue
[2023-03-12T01:36:10.646+0000] {logging_mixin.py:120} INFO - [2023-03-12T01:36:10.646+0000] {dagbag.py:537} INFO - Filling up the DagBag from /opt/airflow/dags/groups/group_transforms.py
[2023-03-12T01:36:10.662+0000] {processor.py:768} WARNING - No viable dags retrieved from /opt/airflow/dags/groups/group_transforms.py
[2023-03-12T01:36:10.674+0000] {processor.py:176} INFO - Processing /opt/airflow/dags/groups/group_transforms.py took 0.032 seconds
[2023-03-12T01:36:40.946+0000] {processor.py:154} INFO - Started process (PID=9275) to work on /opt/airflow/dags/groups/group_transforms.py
[2023-03-12T01:36:40.947+0000] {processor.py:756} INFO - Processing file /opt/airflow/dags/groups/group_transforms.py for tasks to queue
[2023-03-12T01:36:40.948+0000] {logging_mixin.py:120} INFO - [2023-03-12T01:36:40.948+0000] {dagbag.py:537} INFO - Filling up the DagBag from /opt/airflow/dags/groups/group_transforms.py
[2023-03-12T01:36:40.961+0000] {processor.py:768} WARNING - No viable dags retrieved from /opt/airflow/dags/groups/group_transforms.py
[2023-03-12T01:36:40.973+0000] {processor.py:176} INFO - Processing /opt/airflow/dags/groups/group_transforms.py took 0.030 seconds
[2023-03-12T01:37:11.026+0000] {processor.py:154} INFO - Started process (PID=9302) to work on /opt/airflow/dags/groups/group_transforms.py
[2023-03-12T01:37:11.027+0000] {processor.py:756} INFO - Processing file /opt/airflow/dags/groups/group_transforms.py for tasks to queue
[2023-03-12T01:37:11.027+0000] {logging_mixin.py:120} INFO - [2023-03-12T01:37:11.027+0000] {dagbag.py:537} INFO - Filling up the DagBag from /opt/airflow/dags/groups/group_transforms.py
[2023-03-12T01:37:11.042+0000] {processor.py:768} WARNING - No viable dags retrieved from /opt/airflow/dags/groups/group_transforms.py
[2023-03-12T01:37:11.055+0000] {processor.py:176} INFO - Processing /opt/airflow/dags/groups/group_transforms.py took 0.032 seconds
[2023-03-12T01:37:41.646+0000] {processor.py:154} INFO - Started process (PID=9336) to work on /opt/airflow/dags/groups/group_transforms.py
[2023-03-12T01:37:41.647+0000] {processor.py:756} INFO - Processing file /opt/airflow/dags/groups/group_transforms.py for tasks to queue
[2023-03-12T01:37:41.647+0000] {logging_mixin.py:120} INFO - [2023-03-12T01:37:41.647+0000] {dagbag.py:537} INFO - Filling up the DagBag from /opt/airflow/dags/groups/group_transforms.py
[2023-03-12T01:37:41.661+0000] {processor.py:768} WARNING - No viable dags retrieved from /opt/airflow/dags/groups/group_transforms.py
[2023-03-12T01:37:41.671+0000] {processor.py:176} INFO - Processing /opt/airflow/dags/groups/group_transforms.py took 0.028 seconds
[2023-03-12T01:38:11.914+0000] {processor.py:154} INFO - Started process (PID=9372) to work on /opt/airflow/dags/groups/group_transforms.py
[2023-03-12T01:38:11.915+0000] {processor.py:756} INFO - Processing file /opt/airflow/dags/groups/group_transforms.py for tasks to queue
[2023-03-12T01:38:11.916+0000] {logging_mixin.py:120} INFO - [2023-03-12T01:38:11.916+0000] {dagbag.py:537} INFO - Filling up the DagBag from /opt/airflow/dags/groups/group_transforms.py
[2023-03-12T01:38:11.931+0000] {processor.py:768} WARNING - No viable dags retrieved from /opt/airflow/dags/groups/group_transforms.py
[2023-03-12T01:38:11.944+0000] {processor.py:176} INFO - Processing /opt/airflow/dags/groups/group_transforms.py took 0.033 seconds
[2023-03-12T01:38:42.073+0000] {processor.py:154} INFO - Started process (PID=9409) to work on /opt/airflow/dags/groups/group_transforms.py
[2023-03-12T01:38:42.074+0000] {processor.py:756} INFO - Processing file /opt/airflow/dags/groups/group_transforms.py for tasks to queue
[2023-03-12T01:38:42.074+0000] {logging_mixin.py:120} INFO - [2023-03-12T01:38:42.074+0000] {dagbag.py:537} INFO - Filling up the DagBag from /opt/airflow/dags/groups/group_transforms.py
[2023-03-12T01:38:42.088+0000] {processor.py:768} WARNING - No viable dags retrieved from /opt/airflow/dags/groups/group_transforms.py
[2023-03-12T01:38:42.098+0000] {processor.py:176} INFO - Processing /opt/airflow/dags/groups/group_transforms.py took 0.029 seconds
[2023-03-12T01:39:12.826+0000] {processor.py:154} INFO - Started process (PID=9436) to work on /opt/airflow/dags/groups/group_transforms.py
[2023-03-12T01:39:12.827+0000] {processor.py:756} INFO - Processing file /opt/airflow/dags/groups/group_transforms.py for tasks to queue
[2023-03-12T01:39:12.828+0000] {logging_mixin.py:120} INFO - [2023-03-12T01:39:12.828+0000] {dagbag.py:537} INFO - Filling up the DagBag from /opt/airflow/dags/groups/group_transforms.py
[2023-03-12T01:39:12.841+0000] {processor.py:768} WARNING - No viable dags retrieved from /opt/airflow/dags/groups/group_transforms.py
[2023-03-12T01:39:12.852+0000] {processor.py:176} INFO - Processing /opt/airflow/dags/groups/group_transforms.py took 0.029 seconds
[2023-03-12T01:39:43.646+0000] {processor.py:154} INFO - Started process (PID=9473) to work on /opt/airflow/dags/groups/group_transforms.py
[2023-03-12T01:39:43.647+0000] {processor.py:756} INFO - Processing file /opt/airflow/dags/groups/group_transforms.py for tasks to queue
[2023-03-12T01:39:43.648+0000] {logging_mixin.py:120} INFO - [2023-03-12T01:39:43.648+0000] {dagbag.py:537} INFO - Filling up the DagBag from /opt/airflow/dags/groups/group_transforms.py
[2023-03-12T01:39:43.662+0000] {processor.py:768} WARNING - No viable dags retrieved from /opt/airflow/dags/groups/group_transforms.py
[2023-03-12T01:39:43.675+0000] {processor.py:176} INFO - Processing /opt/airflow/dags/groups/group_transforms.py took 0.032 seconds
[2023-03-12T02:16:18.735+0000] {processor.py:154} INFO - Started process (PID=11925) to work on /opt/airflow/dags/groups/group_transforms.py
[2023-03-12T02:16:18.737+0000] {processor.py:756} INFO - Processing file /opt/airflow/dags/groups/group_transforms.py for tasks to queue
[2023-03-12T02:16:18.738+0000] {logging_mixin.py:120} INFO - [2023-03-12T02:16:18.738+0000] {dagbag.py:537} INFO - Filling up the DagBag from /opt/airflow/dags/groups/group_transforms.py
[2023-03-12T02:16:18.752+0000] {processor.py:768} WARNING - No viable dags retrieved from /opt/airflow/dags/groups/group_transforms.py
[2023-03-12T02:16:18.763+0000] {processor.py:176} INFO - Processing /opt/airflow/dags/groups/group_transforms.py took 0.030 seconds
[2023-03-12T02:16:49.047+0000] {processor.py:154} INFO - Started process (PID=11962) to work on /opt/airflow/dags/groups/group_transforms.py
[2023-03-12T02:16:49.048+0000] {processor.py:756} INFO - Processing file /opt/airflow/dags/groups/group_transforms.py for tasks to queue
[2023-03-12T02:16:49.049+0000] {logging_mixin.py:120} INFO - [2023-03-12T02:16:49.049+0000] {dagbag.py:537} INFO - Filling up the DagBag from /opt/airflow/dags/groups/group_transforms.py
[2023-03-12T02:16:49.064+0000] {processor.py:768} WARNING - No viable dags retrieved from /opt/airflow/dags/groups/group_transforms.py
[2023-03-12T02:16:49.077+0000] {processor.py:176} INFO - Processing /opt/airflow/dags/groups/group_transforms.py took 0.032 seconds
[2023-03-12T02:17:19.192+0000] {processor.py:154} INFO - Started process (PID=11998) to work on /opt/airflow/dags/groups/group_transforms.py
[2023-03-12T02:17:19.193+0000] {processor.py:756} INFO - Processing file /opt/airflow/dags/groups/group_transforms.py for tasks to queue
[2023-03-12T02:17:19.194+0000] {logging_mixin.py:120} INFO - [2023-03-12T02:17:19.194+0000] {dagbag.py:537} INFO - Filling up the DagBag from /opt/airflow/dags/groups/group_transforms.py
[2023-03-12T02:17:19.210+0000] {processor.py:768} WARNING - No viable dags retrieved from /opt/airflow/dags/groups/group_transforms.py
[2023-03-12T02:17:19.224+0000] {processor.py:176} INFO - Processing /opt/airflow/dags/groups/group_transforms.py took 0.034 seconds
[2023-03-12T02:17:49.334+0000] {processor.py:154} INFO - Started process (PID=12025) to work on /opt/airflow/dags/groups/group_transforms.py
[2023-03-12T02:17:49.335+0000] {processor.py:756} INFO - Processing file /opt/airflow/dags/groups/group_transforms.py for tasks to queue
[2023-03-12T02:17:49.336+0000] {logging_mixin.py:120} INFO - [2023-03-12T02:17:49.336+0000] {dagbag.py:537} INFO - Filling up the DagBag from /opt/airflow/dags/groups/group_transforms.py
[2023-03-12T02:17:49.349+0000] {processor.py:768} WARNING - No viable dags retrieved from /opt/airflow/dags/groups/group_transforms.py
[2023-03-12T02:17:49.361+0000] {processor.py:176} INFO - Processing /opt/airflow/dags/groups/group_transforms.py took 0.030 seconds
[2023-03-12T02:18:19.847+0000] {processor.py:154} INFO - Started process (PID=12062) to work on /opt/airflow/dags/groups/group_transforms.py
[2023-03-12T02:18:19.848+0000] {processor.py:756} INFO - Processing file /opt/airflow/dags/groups/group_transforms.py for tasks to queue
[2023-03-12T02:18:19.849+0000] {logging_mixin.py:120} INFO - [2023-03-12T02:18:19.848+0000] {dagbag.py:537} INFO - Filling up the DagBag from /opt/airflow/dags/groups/group_transforms.py
[2023-03-12T02:18:19.863+0000] {processor.py:768} WARNING - No viable dags retrieved from /opt/airflow/dags/groups/group_transforms.py
[2023-03-12T02:18:19.876+0000] {processor.py:176} INFO - Processing /opt/airflow/dags/groups/group_transforms.py took 0.033 seconds
[2023-03-12T02:18:50.167+0000] {processor.py:154} INFO - Started process (PID=12099) to work on /opt/airflow/dags/groups/group_transforms.py
[2023-03-12T02:18:50.167+0000] {processor.py:756} INFO - Processing file /opt/airflow/dags/groups/group_transforms.py for tasks to queue
[2023-03-12T02:18:50.169+0000] {logging_mixin.py:120} INFO - [2023-03-12T02:18:50.169+0000] {dagbag.py:537} INFO - Filling up the DagBag from /opt/airflow/dags/groups/group_transforms.py
[2023-03-12T02:18:50.182+0000] {processor.py:768} WARNING - No viable dags retrieved from /opt/airflow/dags/groups/group_transforms.py
[2023-03-12T02:18:50.193+0000] {processor.py:176} INFO - Processing /opt/airflow/dags/groups/group_transforms.py took 0.029 seconds
[2023-03-12T02:19:20.778+0000] {processor.py:154} INFO - Started process (PID=12136) to work on /opt/airflow/dags/groups/group_transforms.py
[2023-03-12T02:19:20.779+0000] {processor.py:756} INFO - Processing file /opt/airflow/dags/groups/group_transforms.py for tasks to queue
[2023-03-12T02:19:20.780+0000] {logging_mixin.py:120} INFO - [2023-03-12T02:19:20.779+0000] {dagbag.py:537} INFO - Filling up the DagBag from /opt/airflow/dags/groups/group_transforms.py
[2023-03-12T02:19:20.792+0000] {processor.py:768} WARNING - No viable dags retrieved from /opt/airflow/dags/groups/group_transforms.py
[2023-03-12T02:19:20.804+0000] {processor.py:176} INFO - Processing /opt/airflow/dags/groups/group_transforms.py took 0.029 seconds
[2023-03-12T02:19:50.960+0000] {processor.py:154} INFO - Started process (PID=12164) to work on /opt/airflow/dags/groups/group_transforms.py
[2023-03-12T02:19:50.961+0000] {processor.py:756} INFO - Processing file /opt/airflow/dags/groups/group_transforms.py for tasks to queue
[2023-03-12T02:19:50.962+0000] {logging_mixin.py:120} INFO - [2023-03-12T02:19:50.962+0000] {dagbag.py:537} INFO - Filling up the DagBag from /opt/airflow/dags/groups/group_transforms.py
[2023-03-12T02:19:50.976+0000] {processor.py:768} WARNING - No viable dags retrieved from /opt/airflow/dags/groups/group_transforms.py
[2023-03-12T02:19:50.989+0000] {processor.py:176} INFO - Processing /opt/airflow/dags/groups/group_transforms.py took 0.032 seconds
[2023-03-12T02:20:21.171+0000] {processor.py:154} INFO - Started process (PID=12201) to work on /opt/airflow/dags/groups/group_transforms.py
[2023-03-12T02:20:21.172+0000] {processor.py:756} INFO - Processing file /opt/airflow/dags/groups/group_transforms.py for tasks to queue
[2023-03-12T02:20:21.172+0000] {logging_mixin.py:120} INFO - [2023-03-12T02:20:21.172+0000] {dagbag.py:537} INFO - Filling up the DagBag from /opt/airflow/dags/groups/group_transforms.py
[2023-03-12T02:20:21.189+0000] {processor.py:768} WARNING - No viable dags retrieved from /opt/airflow/dags/groups/group_transforms.py
[2023-03-12T02:20:21.202+0000] {processor.py:176} INFO - Processing /opt/airflow/dags/groups/group_transforms.py took 0.035 seconds
[2023-03-12T02:20:51.846+0000] {processor.py:154} INFO - Started process (PID=12238) to work on /opt/airflow/dags/groups/group_transforms.py
[2023-03-12T02:20:51.847+0000] {processor.py:756} INFO - Processing file /opt/airflow/dags/groups/group_transforms.py for tasks to queue
[2023-03-12T02:20:51.848+0000] {logging_mixin.py:120} INFO - [2023-03-12T02:20:51.848+0000] {dagbag.py:537} INFO - Filling up the DagBag from /opt/airflow/dags/groups/group_transforms.py
[2023-03-12T02:20:51.863+0000] {processor.py:768} WARNING - No viable dags retrieved from /opt/airflow/dags/groups/group_transforms.py
[2023-03-12T02:20:51.875+0000] {processor.py:176} INFO - Processing /opt/airflow/dags/groups/group_transforms.py took 0.031 seconds
[2023-03-12T02:21:22.498+0000] {processor.py:154} INFO - Started process (PID=12275) to work on /opt/airflow/dags/groups/group_transforms.py
[2023-03-12T02:21:22.499+0000] {processor.py:756} INFO - Processing file /opt/airflow/dags/groups/group_transforms.py for tasks to queue
[2023-03-12T02:21:22.500+0000] {logging_mixin.py:120} INFO - [2023-03-12T02:21:22.500+0000] {dagbag.py:537} INFO - Filling up the DagBag from /opt/airflow/dags/groups/group_transforms.py
[2023-03-12T02:21:22.517+0000] {processor.py:768} WARNING - No viable dags retrieved from /opt/airflow/dags/groups/group_transforms.py
[2023-03-12T02:21:22.529+0000] {processor.py:176} INFO - Processing /opt/airflow/dags/groups/group_transforms.py took 0.034 seconds
[2023-03-12T02:21:53.223+0000] {processor.py:154} INFO - Started process (PID=12303) to work on /opt/airflow/dags/groups/group_transforms.py
[2023-03-12T02:21:53.224+0000] {processor.py:756} INFO - Processing file /opt/airflow/dags/groups/group_transforms.py for tasks to queue
[2023-03-12T02:21:53.225+0000] {logging_mixin.py:120} INFO - [2023-03-12T02:21:53.225+0000] {dagbag.py:537} INFO - Filling up the DagBag from /opt/airflow/dags/groups/group_transforms.py
[2023-03-12T02:21:53.241+0000] {processor.py:768} WARNING - No viable dags retrieved from /opt/airflow/dags/groups/group_transforms.py
[2023-03-12T02:21:53.253+0000] {processor.py:176} INFO - Processing /opt/airflow/dags/groups/group_transforms.py took 0.033 seconds
[2023-03-12T02:22:23.882+0000] {processor.py:154} INFO - Started process (PID=12340) to work on /opt/airflow/dags/groups/group_transforms.py
[2023-03-12T02:22:23.884+0000] {processor.py:756} INFO - Processing file /opt/airflow/dags/groups/group_transforms.py for tasks to queue
[2023-03-12T02:22:23.884+0000] {logging_mixin.py:120} INFO - [2023-03-12T02:22:23.884+0000] {dagbag.py:537} INFO - Filling up the DagBag from /opt/airflow/dags/groups/group_transforms.py
[2023-03-12T02:22:23.900+0000] {processor.py:768} WARNING - No viable dags retrieved from /opt/airflow/dags/groups/group_transforms.py
[2023-03-12T02:22:23.913+0000] {processor.py:176} INFO - Processing /opt/airflow/dags/groups/group_transforms.py took 0.034 seconds
[2023-03-12T02:22:54.546+0000] {processor.py:154} INFO - Started process (PID=12378) to work on /opt/airflow/dags/groups/group_transforms.py
[2023-03-12T02:22:54.547+0000] {processor.py:756} INFO - Processing file /opt/airflow/dags/groups/group_transforms.py for tasks to queue
[2023-03-12T02:22:54.548+0000] {logging_mixin.py:120} INFO - [2023-03-12T02:22:54.547+0000] {dagbag.py:537} INFO - Filling up the DagBag from /opt/airflow/dags/groups/group_transforms.py
[2023-03-12T02:22:54.564+0000] {processor.py:768} WARNING - No viable dags retrieved from /opt/airflow/dags/groups/group_transforms.py
[2023-03-12T02:22:54.577+0000] {processor.py:176} INFO - Processing /opt/airflow/dags/groups/group_transforms.py took 0.034 seconds
[2023-03-12T02:23:25.041+0000] {processor.py:154} INFO - Started process (PID=12415) to work on /opt/airflow/dags/groups/group_transforms.py
[2023-03-12T02:23:25.042+0000] {processor.py:756} INFO - Processing file /opt/airflow/dags/groups/group_transforms.py for tasks to queue
[2023-03-12T02:23:25.043+0000] {logging_mixin.py:120} INFO - [2023-03-12T02:23:25.043+0000] {dagbag.py:537} INFO - Filling up the DagBag from /opt/airflow/dags/groups/group_transforms.py
[2023-03-12T02:23:25.057+0000] {processor.py:768} WARNING - No viable dags retrieved from /opt/airflow/dags/groups/group_transforms.py
[2023-03-12T02:23:25.070+0000] {processor.py:176} INFO - Processing /opt/airflow/dags/groups/group_transforms.py took 0.032 seconds
[2023-03-12T02:23:55.577+0000] {processor.py:154} INFO - Started process (PID=12443) to work on /opt/airflow/dags/groups/group_transforms.py
[2023-03-12T02:23:55.577+0000] {processor.py:756} INFO - Processing file /opt/airflow/dags/groups/group_transforms.py for tasks to queue
[2023-03-12T02:23:55.578+0000] {logging_mixin.py:120} INFO - [2023-03-12T02:23:55.578+0000] {dagbag.py:537} INFO - Filling up the DagBag from /opt/airflow/dags/groups/group_transforms.py
[2023-03-12T02:23:55.591+0000] {processor.py:768} WARNING - No viable dags retrieved from /opt/airflow/dags/groups/group_transforms.py
[2023-03-12T02:23:55.603+0000] {processor.py:176} INFO - Processing /opt/airflow/dags/groups/group_transforms.py took 0.029 seconds
[2023-03-12T02:24:26.108+0000] {processor.py:154} INFO - Started process (PID=12480) to work on /opt/airflow/dags/groups/group_transforms.py
[2023-03-12T02:24:26.109+0000] {processor.py:756} INFO - Processing file /opt/airflow/dags/groups/group_transforms.py for tasks to queue
[2023-03-12T02:24:26.110+0000] {logging_mixin.py:120} INFO - [2023-03-12T02:24:26.109+0000] {dagbag.py:537} INFO - Filling up the DagBag from /opt/airflow/dags/groups/group_transforms.py
[2023-03-12T02:24:26.124+0000] {processor.py:768} WARNING - No viable dags retrieved from /opt/airflow/dags/groups/group_transforms.py
[2023-03-12T02:24:26.136+0000] {processor.py:176} INFO - Processing /opt/airflow/dags/groups/group_transforms.py took 0.031 seconds
[2023-03-12T02:24:56.335+0000] {processor.py:154} INFO - Started process (PID=12517) to work on /opt/airflow/dags/groups/group_transforms.py
[2023-03-12T02:24:56.335+0000] {processor.py:756} INFO - Processing file /opt/airflow/dags/groups/group_transforms.py for tasks to queue
[2023-03-12T02:24:56.336+0000] {logging_mixin.py:120} INFO - [2023-03-12T02:24:56.336+0000] {dagbag.py:537} INFO - Filling up the DagBag from /opt/airflow/dags/groups/group_transforms.py
[2023-03-12T02:24:56.349+0000] {processor.py:768} WARNING - No viable dags retrieved from /opt/airflow/dags/groups/group_transforms.py
[2023-03-12T02:24:56.362+0000] {processor.py:176} INFO - Processing /opt/airflow/dags/groups/group_transforms.py took 0.030 seconds
[2023-03-12T02:25:26.959+0000] {processor.py:154} INFO - Started process (PID=12554) to work on /opt/airflow/dags/groups/group_transforms.py
[2023-03-12T02:25:26.960+0000] {processor.py:756} INFO - Processing file /opt/airflow/dags/groups/group_transforms.py for tasks to queue
[2023-03-12T02:25:26.961+0000] {logging_mixin.py:120} INFO - [2023-03-12T02:25:26.961+0000] {dagbag.py:537} INFO - Filling up the DagBag from /opt/airflow/dags/groups/group_transforms.py
[2023-03-12T02:25:26.976+0000] {processor.py:768} WARNING - No viable dags retrieved from /opt/airflow/dags/groups/group_transforms.py
[2023-03-12T02:25:26.987+0000] {processor.py:176} INFO - Processing /opt/airflow/dags/groups/group_transforms.py took 0.032 seconds
[2023-03-12T02:25:57.131+0000] {processor.py:154} INFO - Started process (PID=12582) to work on /opt/airflow/dags/groups/group_transforms.py
[2023-03-12T02:25:57.132+0000] {processor.py:756} INFO - Processing file /opt/airflow/dags/groups/group_transforms.py for tasks to queue
[2023-03-12T02:25:57.133+0000] {logging_mixin.py:120} INFO - [2023-03-12T02:25:57.133+0000] {dagbag.py:537} INFO - Filling up the DagBag from /opt/airflow/dags/groups/group_transforms.py
[2023-03-12T02:25:57.146+0000] {processor.py:768} WARNING - No viable dags retrieved from /opt/airflow/dags/groups/group_transforms.py
[2023-03-12T02:25:57.158+0000] {processor.py:176} INFO - Processing /opt/airflow/dags/groups/group_transforms.py took 0.029 seconds
[2023-03-12T02:26:27.486+0000] {processor.py:154} INFO - Started process (PID=12619) to work on /opt/airflow/dags/groups/group_transforms.py
[2023-03-12T02:26:27.487+0000] {processor.py:756} INFO - Processing file /opt/airflow/dags/groups/group_transforms.py for tasks to queue
[2023-03-12T02:26:27.488+0000] {logging_mixin.py:120} INFO - [2023-03-12T02:26:27.488+0000] {dagbag.py:537} INFO - Filling up the DagBag from /opt/airflow/dags/groups/group_transforms.py
[2023-03-12T02:26:27.502+0000] {processor.py:768} WARNING - No viable dags retrieved from /opt/airflow/dags/groups/group_transforms.py
[2023-03-12T02:26:27.512+0000] {processor.py:176} INFO - Processing /opt/airflow/dags/groups/group_transforms.py took 0.029 seconds
[2023-03-12T02:26:57.587+0000] {processor.py:154} INFO - Started process (PID=12656) to work on /opt/airflow/dags/groups/group_transforms.py
[2023-03-12T02:26:57.588+0000] {processor.py:756} INFO - Processing file /opt/airflow/dags/groups/group_transforms.py for tasks to queue
[2023-03-12T02:26:57.589+0000] {logging_mixin.py:120} INFO - [2023-03-12T02:26:57.589+0000] {dagbag.py:537} INFO - Filling up the DagBag from /opt/airflow/dags/groups/group_transforms.py
[2023-03-12T02:26:57.603+0000] {processor.py:768} WARNING - No viable dags retrieved from /opt/airflow/dags/groups/group_transforms.py
[2023-03-12T02:26:57.614+0000] {processor.py:176} INFO - Processing /opt/airflow/dags/groups/group_transforms.py took 0.029 seconds
[2023-03-12T02:27:27.918+0000] {processor.py:154} INFO - Started process (PID=12693) to work on /opt/airflow/dags/groups/group_transforms.py
[2023-03-12T02:27:27.920+0000] {processor.py:756} INFO - Processing file /opt/airflow/dags/groups/group_transforms.py for tasks to queue
[2023-03-12T02:27:27.921+0000] {logging_mixin.py:120} INFO - [2023-03-12T02:27:27.921+0000] {dagbag.py:537} INFO - Filling up the DagBag from /opt/airflow/dags/groups/group_transforms.py
[2023-03-12T02:27:27.938+0000] {processor.py:768} WARNING - No viable dags retrieved from /opt/airflow/dags/groups/group_transforms.py
[2023-03-12T02:27:27.950+0000] {processor.py:176} INFO - Processing /opt/airflow/dags/groups/group_transforms.py took 0.035 seconds
[2023-03-12T02:27:58.558+0000] {processor.py:154} INFO - Started process (PID=12721) to work on /opt/airflow/dags/groups/group_transforms.py
[2023-03-12T02:27:58.559+0000] {processor.py:756} INFO - Processing file /opt/airflow/dags/groups/group_transforms.py for tasks to queue
[2023-03-12T02:27:58.560+0000] {logging_mixin.py:120} INFO - [2023-03-12T02:27:58.560+0000] {dagbag.py:537} INFO - Filling up the DagBag from /opt/airflow/dags/groups/group_transforms.py
[2023-03-12T02:27:58.574+0000] {processor.py:768} WARNING - No viable dags retrieved from /opt/airflow/dags/groups/group_transforms.py
[2023-03-12T02:27:58.585+0000] {processor.py:176} INFO - Processing /opt/airflow/dags/groups/group_transforms.py took 0.029 seconds
[2023-03-12T02:28:29.247+0000] {processor.py:154} INFO - Started process (PID=12758) to work on /opt/airflow/dags/groups/group_transforms.py
[2023-03-12T02:28:29.248+0000] {processor.py:756} INFO - Processing file /opt/airflow/dags/groups/group_transforms.py for tasks to queue
[2023-03-12T02:28:29.248+0000] {logging_mixin.py:120} INFO - [2023-03-12T02:28:29.248+0000] {dagbag.py:537} INFO - Filling up the DagBag from /opt/airflow/dags/groups/group_transforms.py
[2023-03-12T02:28:29.263+0000] {processor.py:768} WARNING - No viable dags retrieved from /opt/airflow/dags/groups/group_transforms.py
[2023-03-12T02:28:29.274+0000] {processor.py:176} INFO - Processing /opt/airflow/dags/groups/group_transforms.py took 0.030 seconds
[2023-03-12T02:28:59.859+0000] {processor.py:154} INFO - Started process (PID=12795) to work on /opt/airflow/dags/groups/group_transforms.py
[2023-03-12T02:28:59.860+0000] {processor.py:756} INFO - Processing file /opt/airflow/dags/groups/group_transforms.py for tasks to queue
[2023-03-12T02:28:59.860+0000] {logging_mixin.py:120} INFO - [2023-03-12T02:28:59.860+0000] {dagbag.py:537} INFO - Filling up the DagBag from /opt/airflow/dags/groups/group_transforms.py
[2023-03-12T02:28:59.875+0000] {processor.py:768} WARNING - No viable dags retrieved from /opt/airflow/dags/groups/group_transforms.py
[2023-03-12T02:28:59.886+0000] {processor.py:176} INFO - Processing /opt/airflow/dags/groups/group_transforms.py took 0.029 seconds
[2023-03-12T02:29:30.484+0000] {processor.py:154} INFO - Started process (PID=12832) to work on /opt/airflow/dags/groups/group_transforms.py
[2023-03-12T02:29:30.485+0000] {processor.py:756} INFO - Processing file /opt/airflow/dags/groups/group_transforms.py for tasks to queue
[2023-03-12T02:29:30.486+0000] {logging_mixin.py:120} INFO - [2023-03-12T02:29:30.486+0000] {dagbag.py:537} INFO - Filling up the DagBag from /opt/airflow/dags/groups/group_transforms.py
[2023-03-12T02:29:30.499+0000] {processor.py:768} WARNING - No viable dags retrieved from /opt/airflow/dags/groups/group_transforms.py
[2023-03-12T02:29:30.510+0000] {processor.py:176} INFO - Processing /opt/airflow/dags/groups/group_transforms.py took 0.029 seconds
[2023-03-12T02:30:01.100+0000] {processor.py:154} INFO - Started process (PID=12869) to work on /opt/airflow/dags/groups/group_transforms.py
[2023-03-12T02:30:01.101+0000] {processor.py:756} INFO - Processing file /opt/airflow/dags/groups/group_transforms.py for tasks to queue
[2023-03-12T02:30:01.102+0000] {logging_mixin.py:120} INFO - [2023-03-12T02:30:01.102+0000] {dagbag.py:537} INFO - Filling up the DagBag from /opt/airflow/dags/groups/group_transforms.py
[2023-03-12T02:30:01.121+0000] {processor.py:768} WARNING - No viable dags retrieved from /opt/airflow/dags/groups/group_transforms.py
[2023-03-12T02:30:01.133+0000] {processor.py:176} INFO - Processing /opt/airflow/dags/groups/group_transforms.py took 0.036 seconds
[2023-03-12T02:30:31.353+0000] {processor.py:154} INFO - Started process (PID=12897) to work on /opt/airflow/dags/groups/group_transforms.py
[2023-03-12T02:30:31.354+0000] {processor.py:756} INFO - Processing file /opt/airflow/dags/groups/group_transforms.py for tasks to queue
[2023-03-12T02:30:31.355+0000] {logging_mixin.py:120} INFO - [2023-03-12T02:30:31.355+0000] {dagbag.py:537} INFO - Filling up the DagBag from /opt/airflow/dags/groups/group_transforms.py
[2023-03-12T02:30:31.369+0000] {processor.py:768} WARNING - No viable dags retrieved from /opt/airflow/dags/groups/group_transforms.py
[2023-03-12T02:30:31.381+0000] {processor.py:176} INFO - Processing /opt/airflow/dags/groups/group_transforms.py took 0.030 seconds
[2023-03-12T02:31:01.979+0000] {processor.py:154} INFO - Started process (PID=12934) to work on /opt/airflow/dags/groups/group_transforms.py
[2023-03-12T02:31:01.980+0000] {processor.py:756} INFO - Processing file /opt/airflow/dags/groups/group_transforms.py for tasks to queue
[2023-03-12T02:31:01.981+0000] {logging_mixin.py:120} INFO - [2023-03-12T02:31:01.981+0000] {dagbag.py:537} INFO - Filling up the DagBag from /opt/airflow/dags/groups/group_transforms.py
[2023-03-12T02:31:01.995+0000] {processor.py:768} WARNING - No viable dags retrieved from /opt/airflow/dags/groups/group_transforms.py
[2023-03-12T02:31:02.008+0000] {processor.py:176} INFO - Processing /opt/airflow/dags/groups/group_transforms.py took 0.032 seconds
[2023-03-12T02:31:32.710+0000] {processor.py:154} INFO - Started process (PID=12971) to work on /opt/airflow/dags/groups/group_transforms.py
[2023-03-12T02:31:32.711+0000] {processor.py:756} INFO - Processing file /opt/airflow/dags/groups/group_transforms.py for tasks to queue
[2023-03-12T02:31:32.712+0000] {logging_mixin.py:120} INFO - [2023-03-12T02:31:32.712+0000] {dagbag.py:537} INFO - Filling up the DagBag from /opt/airflow/dags/groups/group_transforms.py
[2023-03-12T02:31:32.727+0000] {processor.py:768} WARNING - No viable dags retrieved from /opt/airflow/dags/groups/group_transforms.py
[2023-03-12T02:31:32.739+0000] {processor.py:176} INFO - Processing /opt/airflow/dags/groups/group_transforms.py took 0.033 seconds
[2023-03-12T02:32:03.357+0000] {processor.py:154} INFO - Started process (PID=13008) to work on /opt/airflow/dags/groups/group_transforms.py
[2023-03-12T02:32:03.358+0000] {processor.py:756} INFO - Processing file /opt/airflow/dags/groups/group_transforms.py for tasks to queue
[2023-03-12T02:32:03.359+0000] {logging_mixin.py:120} INFO - [2023-03-12T02:32:03.359+0000] {dagbag.py:537} INFO - Filling up the DagBag from /opt/airflow/dags/groups/group_transforms.py
[2023-03-12T02:32:03.372+0000] {processor.py:768} WARNING - No viable dags retrieved from /opt/airflow/dags/groups/group_transforms.py
[2023-03-12T02:32:03.383+0000] {processor.py:176} INFO - Processing /opt/airflow/dags/groups/group_transforms.py took 0.028 seconds
[2023-03-12T02:32:34.072+0000] {processor.py:154} INFO - Started process (PID=13036) to work on /opt/airflow/dags/groups/group_transforms.py
[2023-03-12T02:32:34.073+0000] {processor.py:756} INFO - Processing file /opt/airflow/dags/groups/group_transforms.py for tasks to queue
[2023-03-12T02:32:34.074+0000] {logging_mixin.py:120} INFO - [2023-03-12T02:32:34.074+0000] {dagbag.py:537} INFO - Filling up the DagBag from /opt/airflow/dags/groups/group_transforms.py
[2023-03-12T02:32:34.089+0000] {processor.py:768} WARNING - No viable dags retrieved from /opt/airflow/dags/groups/group_transforms.py
[2023-03-12T02:32:34.102+0000] {processor.py:176} INFO - Processing /opt/airflow/dags/groups/group_transforms.py took 0.032 seconds
[2023-03-12T02:33:04.682+0000] {processor.py:154} INFO - Started process (PID=13073) to work on /opt/airflow/dags/groups/group_transforms.py
[2023-03-12T02:33:04.683+0000] {processor.py:756} INFO - Processing file /opt/airflow/dags/groups/group_transforms.py for tasks to queue
[2023-03-12T02:33:04.684+0000] {logging_mixin.py:120} INFO - [2023-03-12T02:33:04.684+0000] {dagbag.py:537} INFO - Filling up the DagBag from /opt/airflow/dags/groups/group_transforms.py
[2023-03-12T02:33:04.698+0000] {processor.py:768} WARNING - No viable dags retrieved from /opt/airflow/dags/groups/group_transforms.py
[2023-03-12T02:33:04.710+0000] {processor.py:176} INFO - Processing /opt/airflow/dags/groups/group_transforms.py took 0.031 seconds
[2023-03-12T02:33:34.960+0000] {processor.py:154} INFO - Started process (PID=13110) to work on /opt/airflow/dags/groups/group_transforms.py
[2023-03-12T02:33:34.961+0000] {processor.py:756} INFO - Processing file /opt/airflow/dags/groups/group_transforms.py for tasks to queue
[2023-03-12T02:33:34.962+0000] {logging_mixin.py:120} INFO - [2023-03-12T02:33:34.962+0000] {dagbag.py:537} INFO - Filling up the DagBag from /opt/airflow/dags/groups/group_transforms.py
[2023-03-12T02:33:34.978+0000] {processor.py:768} WARNING - No viable dags retrieved from /opt/airflow/dags/groups/group_transforms.py
[2023-03-12T02:33:34.991+0000] {processor.py:176} INFO - Processing /opt/airflow/dags/groups/group_transforms.py took 0.034 seconds
[2023-03-12T02:34:05.597+0000] {processor.py:154} INFO - Started process (PID=13147) to work on /opt/airflow/dags/groups/group_transforms.py
[2023-03-12T02:34:05.597+0000] {processor.py:756} INFO - Processing file /opt/airflow/dags/groups/group_transforms.py for tasks to queue
[2023-03-12T02:34:05.598+0000] {logging_mixin.py:120} INFO - [2023-03-12T02:34:05.598+0000] {dagbag.py:537} INFO - Filling up the DagBag from /opt/airflow/dags/groups/group_transforms.py
[2023-03-12T02:34:05.613+0000] {processor.py:768} WARNING - No viable dags retrieved from /opt/airflow/dags/groups/group_transforms.py
[2023-03-12T02:34:05.625+0000] {processor.py:176} INFO - Processing /opt/airflow/dags/groups/group_transforms.py took 0.031 seconds
[2023-03-12T02:34:36.250+0000] {processor.py:154} INFO - Started process (PID=13184) to work on /opt/airflow/dags/groups/group_transforms.py
[2023-03-12T02:34:36.251+0000] {processor.py:756} INFO - Processing file /opt/airflow/dags/groups/group_transforms.py for tasks to queue
[2023-03-12T02:34:36.252+0000] {logging_mixin.py:120} INFO - [2023-03-12T02:34:36.252+0000] {dagbag.py:537} INFO - Filling up the DagBag from /opt/airflow/dags/groups/group_transforms.py
[2023-03-12T02:34:36.266+0000] {processor.py:768} WARNING - No viable dags retrieved from /opt/airflow/dags/groups/group_transforms.py
[2023-03-12T02:34:36.278+0000] {processor.py:176} INFO - Processing /opt/airflow/dags/groups/group_transforms.py took 0.031 seconds
[2023-03-12T02:41:38.768+0000] {processor.py:154} INFO - Started process (PID=13220) to work on /opt/airflow/dags/groups/group_transforms.py
[2023-03-12T02:41:38.769+0000] {processor.py:756} INFO - Processing file /opt/airflow/dags/groups/group_transforms.py for tasks to queue
[2023-03-12T02:41:38.770+0000] {logging_mixin.py:120} INFO - [2023-03-12T02:41:38.770+0000] {dagbag.py:537} INFO - Filling up the DagBag from /opt/airflow/dags/groups/group_transforms.py
[2023-03-12T02:41:38.785+0000] {processor.py:768} WARNING - No viable dags retrieved from /opt/airflow/dags/groups/group_transforms.py
[2023-03-12T02:41:38.820+0000] {processor.py:176} INFO - Processing /opt/airflow/dags/groups/group_transforms.py took 0.055 seconds
[2023-03-12T02:42:09.044+0000] {processor.py:154} INFO - Started process (PID=13250) to work on /opt/airflow/dags/groups/group_transforms.py
[2023-03-12T02:42:09.045+0000] {processor.py:756} INFO - Processing file /opt/airflow/dags/groups/group_transforms.py for tasks to queue
[2023-03-12T02:42:09.045+0000] {logging_mixin.py:120} INFO - [2023-03-12T02:42:09.045+0000] {dagbag.py:537} INFO - Filling up the DagBag from /opt/airflow/dags/groups/group_transforms.py
[2023-03-12T02:42:09.059+0000] {processor.py:768} WARNING - No viable dags retrieved from /opt/airflow/dags/groups/group_transforms.py
[2023-03-12T02:42:09.071+0000] {processor.py:176} INFO - Processing /opt/airflow/dags/groups/group_transforms.py took 0.030 seconds
[2023-03-12T02:42:39.389+0000] {processor.py:154} INFO - Started process (PID=13287) to work on /opt/airflow/dags/groups/group_transforms.py
[2023-03-12T02:42:39.390+0000] {processor.py:756} INFO - Processing file /opt/airflow/dags/groups/group_transforms.py for tasks to queue
[2023-03-12T02:42:39.391+0000] {logging_mixin.py:120} INFO - [2023-03-12T02:42:39.391+0000] {dagbag.py:537} INFO - Filling up the DagBag from /opt/airflow/dags/groups/group_transforms.py
[2023-03-12T02:42:39.403+0000] {processor.py:768} WARNING - No viable dags retrieved from /opt/airflow/dags/groups/group_transforms.py
[2023-03-12T02:42:39.415+0000] {processor.py:176} INFO - Processing /opt/airflow/dags/groups/group_transforms.py took 0.029 seconds
[2023-03-12T02:43:10.040+0000] {processor.py:154} INFO - Started process (PID=13324) to work on /opt/airflow/dags/groups/group_transforms.py
[2023-03-12T02:43:10.041+0000] {processor.py:756} INFO - Processing file /opt/airflow/dags/groups/group_transforms.py for tasks to queue
[2023-03-12T02:43:10.042+0000] {logging_mixin.py:120} INFO - [2023-03-12T02:43:10.042+0000] {dagbag.py:537} INFO - Filling up the DagBag from /opt/airflow/dags/groups/group_transforms.py
[2023-03-12T02:43:10.056+0000] {processor.py:768} WARNING - No viable dags retrieved from /opt/airflow/dags/groups/group_transforms.py
[2023-03-12T02:43:10.067+0000] {processor.py:176} INFO - Processing /opt/airflow/dags/groups/group_transforms.py took 0.030 seconds
[2023-03-12T02:43:40.433+0000] {processor.py:154} INFO - Started process (PID=13352) to work on /opt/airflow/dags/groups/group_transforms.py
[2023-03-12T02:43:40.434+0000] {processor.py:756} INFO - Processing file /opt/airflow/dags/groups/group_transforms.py for tasks to queue
[2023-03-12T02:43:40.435+0000] {logging_mixin.py:120} INFO - [2023-03-12T02:43:40.435+0000] {dagbag.py:537} INFO - Filling up the DagBag from /opt/airflow/dags/groups/group_transforms.py
[2023-03-12T02:43:40.448+0000] {processor.py:768} WARNING - No viable dags retrieved from /opt/airflow/dags/groups/group_transforms.py
[2023-03-12T02:43:40.459+0000] {processor.py:176} INFO - Processing /opt/airflow/dags/groups/group_transforms.py took 0.028 seconds
[2023-03-12T02:44:10.674+0000] {processor.py:154} INFO - Started process (PID=13389) to work on /opt/airflow/dags/groups/group_transforms.py
[2023-03-12T02:44:10.675+0000] {processor.py:756} INFO - Processing file /opt/airflow/dags/groups/group_transforms.py for tasks to queue
[2023-03-12T02:44:10.676+0000] {logging_mixin.py:120} INFO - [2023-03-12T02:44:10.676+0000] {dagbag.py:537} INFO - Filling up the DagBag from /opt/airflow/dags/groups/group_transforms.py
[2023-03-12T02:44:10.688+0000] {processor.py:768} WARNING - No viable dags retrieved from /opt/airflow/dags/groups/group_transforms.py
[2023-03-12T02:44:10.699+0000] {processor.py:176} INFO - Processing /opt/airflow/dags/groups/group_transforms.py took 0.028 seconds
[2023-03-12T02:44:40.956+0000] {processor.py:154} INFO - Started process (PID=13426) to work on /opt/airflow/dags/groups/group_transforms.py
[2023-03-12T02:44:40.957+0000] {processor.py:756} INFO - Processing file /opt/airflow/dags/groups/group_transforms.py for tasks to queue
[2023-03-12T02:44:40.958+0000] {logging_mixin.py:120} INFO - [2023-03-12T02:44:40.958+0000] {dagbag.py:537} INFO - Filling up the DagBag from /opt/airflow/dags/groups/group_transforms.py
[2023-03-12T02:44:40.976+0000] {processor.py:768} WARNING - No viable dags retrieved from /opt/airflow/dags/groups/group_transforms.py
[2023-03-12T02:44:40.989+0000] {processor.py:176} INFO - Processing /opt/airflow/dags/groups/group_transforms.py took 0.037 seconds
[2023-03-12T02:45:11.216+0000] {processor.py:154} INFO - Started process (PID=13463) to work on /opt/airflow/dags/groups/group_transforms.py
[2023-03-12T02:45:11.217+0000] {processor.py:756} INFO - Processing file /opt/airflow/dags/groups/group_transforms.py for tasks to queue
[2023-03-12T02:45:11.218+0000] {logging_mixin.py:120} INFO - [2023-03-12T02:45:11.218+0000] {dagbag.py:537} INFO - Filling up the DagBag from /opt/airflow/dags/groups/group_transforms.py
[2023-03-12T02:45:11.233+0000] {processor.py:768} WARNING - No viable dags retrieved from /opt/airflow/dags/groups/group_transforms.py
[2023-03-12T02:45:11.244+0000] {processor.py:176} INFO - Processing /opt/airflow/dags/groups/group_transforms.py took 0.030 seconds
