[2023-03-15T22:49:16.990+0000] {processor.py:154} INFO - Started process (PID=55) to work on /opt/airflow/dags/consumer.py
[2023-03-15T22:49:16.991+0000] {processor.py:756} INFO - Processing file /opt/airflow/dags/consumer.py for tasks to queue
[2023-03-15T22:49:16.992+0000] {logging_mixin.py:120} INFO - [2023-03-15T22:49:16.992+0000] {dagbag.py:537} INFO - Filling up the DagBag from /opt/airflow/dags/consumer.py
[2023-03-15T22:49:17.028+0000] {processor.py:766} INFO - DAG(s) dict_keys(['consumer']) retrieved from /opt/airflow/dags/consumer.py
[2023-03-15T22:49:17.073+0000] {logging_mixin.py:120} INFO - [2023-03-15T22:49:17.072+0000] {dag.py:2585} INFO - Sync 1 DAGs
[2023-03-15T22:49:17.099+0000] {logging_mixin.py:120} INFO - [2023-03-15T22:49:17.099+0000] {dag.py:3340} INFO - Setting next_dagrun for consumer to None, run_after=None
[2023-03-15T22:49:17.127+0000] {processor.py:176} INFO - Processing /opt/airflow/dags/consumer.py took 0.140 seconds
[2023-03-15T22:56:06.666+0000] {processor.py:154} INFO - Started process (PID=54) to work on /opt/airflow/dags/consumer.py
[2023-03-15T22:56:06.668+0000] {processor.py:756} INFO - Processing file /opt/airflow/dags/consumer.py for tasks to queue
[2023-03-15T22:56:06.669+0000] {logging_mixin.py:120} INFO - [2023-03-15T22:56:06.668+0000] {dagbag.py:537} INFO - Filling up the DagBag from /opt/airflow/dags/consumer.py
[2023-03-15T22:56:06.708+0000] {processor.py:766} INFO - DAG(s) dict_keys(['consumer']) retrieved from /opt/airflow/dags/consumer.py
[2023-03-15T22:56:06.747+0000] {logging_mixin.py:120} INFO - [2023-03-15T22:56:06.747+0000] {dag.py:2585} INFO - Sync 1 DAGs
[2023-03-15T22:56:06.774+0000] {logging_mixin.py:120} INFO - [2023-03-15T22:56:06.774+0000] {dag.py:3340} INFO - Setting next_dagrun for consumer to None, run_after=None
[2023-03-15T22:56:06.798+0000] {processor.py:176} INFO - Processing /opt/airflow/dags/consumer.py took 0.135 seconds
[2023-03-15T22:56:36.893+0000] {processor.py:154} INFO - Started process (PID=90) to work on /opt/airflow/dags/consumer.py
[2023-03-15T22:56:36.894+0000] {processor.py:756} INFO - Processing file /opt/airflow/dags/consumer.py for tasks to queue
[2023-03-15T22:56:36.894+0000] {logging_mixin.py:120} INFO - [2023-03-15T22:56:36.894+0000] {dagbag.py:537} INFO - Filling up the DagBag from /opt/airflow/dags/consumer.py
[2023-03-15T22:56:36.923+0000] {processor.py:766} INFO - DAG(s) dict_keys(['consumer']) retrieved from /opt/airflow/dags/consumer.py
[2023-03-15T22:56:36.951+0000] {logging_mixin.py:120} INFO - [2023-03-15T22:56:36.951+0000] {dag.py:2585} INFO - Sync 1 DAGs
[2023-03-15T22:56:36.970+0000] {logging_mixin.py:120} INFO - [2023-03-15T22:56:36.970+0000] {dag.py:3340} INFO - Setting next_dagrun for consumer to None, run_after=None
[2023-03-15T22:56:36.994+0000] {processor.py:176} INFO - Processing /opt/airflow/dags/consumer.py took 0.103 seconds
