[2023-03-15T22:49:16.156+0000] {processor.py:154} INFO - Started process (PID=46) to work on /opt/airflow/dags/elastic_dag.py
[2023-03-15T22:49:16.159+0000] {processor.py:756} INFO - Processing file /opt/airflow/dags/elastic_dag.py for tasks to queue
[2023-03-15T22:49:16.161+0000] {logging_mixin.py:120} INFO - [2023-03-15T22:49:16.160+0000] {dagbag.py:537} INFO - Filling up the DagBag from /opt/airflow/dags/elastic_dag.py
[2023-03-15T22:49:16.669+0000] {processor.py:766} INFO - DAG(s) dict_keys(['elastic_dag']) retrieved from /opt/airflow/dags/elastic_dag.py
[2023-03-15T22:49:16.719+0000] {logging_mixin.py:120} INFO - [2023-03-15T22:49:16.718+0000] {dag.py:2585} INFO - Sync 1 DAGs
[2023-03-15T22:49:16.750+0000] {logging_mixin.py:120} INFO - [2023-03-15T22:49:16.750+0000] {dag.py:3340} INFO - Setting next_dagrun for elastic_dag to 2023-03-14T00:00:00+00:00, run_after=2023-03-15T00:00:00+00:00
[2023-03-15T22:49:16.771+0000] {processor.py:176} INFO - Processing /opt/airflow/dags/elastic_dag.py took 0.619 seconds
[2023-03-15T22:56:05.850+0000] {processor.py:154} INFO - Started process (PID=45) to work on /opt/airflow/dags/elastic_dag.py
[2023-03-15T22:56:05.852+0000] {processor.py:756} INFO - Processing file /opt/airflow/dags/elastic_dag.py for tasks to queue
[2023-03-15T22:56:05.853+0000] {logging_mixin.py:120} INFO - [2023-03-15T22:56:05.853+0000] {dagbag.py:537} INFO - Filling up the DagBag from /opt/airflow/dags/elastic_dag.py
[2023-03-15T22:56:06.392+0000] {processor.py:766} INFO - DAG(s) dict_keys(['elastic_dag']) retrieved from /opt/airflow/dags/elastic_dag.py
[2023-03-15T22:56:06.424+0000] {logging_mixin.py:120} INFO - [2023-03-15T22:56:06.424+0000] {dag.py:2585} INFO - Sync 1 DAGs
[2023-03-15T22:56:06.447+0000] {logging_mixin.py:120} INFO - [2023-03-15T22:56:06.447+0000] {dag.py:3340} INFO - Setting next_dagrun for elastic_dag to 2023-03-14T00:00:00+00:00, run_after=2023-03-15T00:00:00+00:00
[2023-03-15T22:56:06.472+0000] {processor.py:176} INFO - Processing /opt/airflow/dags/elastic_dag.py took 0.625 seconds
[2023-03-15T22:56:36.566+0000] {processor.py:154} INFO - Started process (PID=87) to work on /opt/airflow/dags/elastic_dag.py
[2023-03-15T22:56:36.567+0000] {processor.py:756} INFO - Processing file /opt/airflow/dags/elastic_dag.py for tasks to queue
[2023-03-15T22:56:36.568+0000] {logging_mixin.py:120} INFO - [2023-03-15T22:56:36.568+0000] {dagbag.py:537} INFO - Filling up the DagBag from /opt/airflow/dags/elastic_dag.py
[2023-03-15T22:56:36.804+0000] {processor.py:766} INFO - DAG(s) dict_keys(['elastic_dag']) retrieved from /opt/airflow/dags/elastic_dag.py
[2023-03-15T22:56:36.831+0000] {logging_mixin.py:120} INFO - [2023-03-15T22:56:36.830+0000] {dag.py:2585} INFO - Sync 1 DAGs
[2023-03-15T22:56:36.848+0000] {logging_mixin.py:120} INFO - [2023-03-15T22:56:36.848+0000] {dag.py:3340} INFO - Setting next_dagrun for elastic_dag to 2023-03-14T00:00:00+00:00, run_after=2023-03-15T00:00:00+00:00
[2023-03-15T22:56:36.864+0000] {processor.py:176} INFO - Processing /opt/airflow/dags/elastic_dag.py took 0.301 seconds
