[2023-03-15T22:49:16.385+0000] {processor.py:154} INFO - Started process (PID=49) to work on /opt/airflow/dags/group_dag.py
[2023-03-15T22:49:16.386+0000] {processor.py:756} INFO - Processing file /opt/airflow/dags/group_dag.py for tasks to queue
[2023-03-15T22:49:16.387+0000] {logging_mixin.py:120} INFO - [2023-03-15T22:49:16.387+0000] {dagbag.py:537} INFO - Filling up the DagBag from /opt/airflow/dags/group_dag.py
[2023-03-15T22:49:16.447+0000] {processor.py:766} INFO - DAG(s) dict_keys(['group_dag']) retrieved from /opt/airflow/dags/group_dag.py
[2023-03-15T22:49:16.498+0000] {logging_mixin.py:120} INFO - [2023-03-15T22:49:16.498+0000] {dag.py:2585} INFO - Sync 1 DAGs
[2023-03-15T22:49:16.532+0000] {logging_mixin.py:120} INFO - [2023-03-15T22:49:16.532+0000] {dag.py:3340} INFO - Setting next_dagrun for group_dag to 2023-03-14T00:00:00+00:00, run_after=2023-03-15T00:00:00+00:00
[2023-03-15T22:49:16.558+0000] {processor.py:176} INFO - Processing /opt/airflow/dags/group_dag.py took 0.177 seconds
[2023-03-15T22:56:06.009+0000] {processor.py:154} INFO - Started process (PID=47) to work on /opt/airflow/dags/group_dag.py
[2023-03-15T22:56:06.010+0000] {processor.py:756} INFO - Processing file /opt/airflow/dags/group_dag.py for tasks to queue
[2023-03-15T22:56:06.011+0000] {logging_mixin.py:120} INFO - [2023-03-15T22:56:06.011+0000] {dagbag.py:537} INFO - Filling up the DagBag from /opt/airflow/dags/group_dag.py
[2023-03-15T22:56:06.060+0000] {processor.py:766} INFO - DAG(s) dict_keys(['group_dag']) retrieved from /opt/airflow/dags/group_dag.py
[2023-03-15T22:56:06.098+0000] {logging_mixin.py:120} INFO - [2023-03-15T22:56:06.098+0000] {dag.py:2585} INFO - Sync 1 DAGs
[2023-03-15T22:56:06.126+0000] {logging_mixin.py:120} INFO - [2023-03-15T22:56:06.126+0000] {dag.py:3340} INFO - Setting next_dagrun for group_dag to 2023-03-14T00:00:00+00:00, run_after=2023-03-15T00:00:00+00:00
[2023-03-15T22:56:06.145+0000] {processor.py:176} INFO - Processing /opt/airflow/dags/group_dag.py took 0.140 seconds
[2023-03-15T22:56:36.387+0000] {processor.py:154} INFO - Started process (PID=84) to work on /opt/airflow/dags/group_dag.py
[2023-03-15T22:56:36.388+0000] {processor.py:756} INFO - Processing file /opt/airflow/dags/group_dag.py for tasks to queue
[2023-03-15T22:56:36.389+0000] {logging_mixin.py:120} INFO - [2023-03-15T22:56:36.389+0000] {dagbag.py:537} INFO - Filling up the DagBag from /opt/airflow/dags/group_dag.py
[2023-03-15T22:56:36.438+0000] {processor.py:766} INFO - DAG(s) dict_keys(['group_dag']) retrieved from /opt/airflow/dags/group_dag.py
[2023-03-15T22:56:36.465+0000] {logging_mixin.py:120} INFO - [2023-03-15T22:56:36.465+0000] {dag.py:2585} INFO - Sync 1 DAGs
[2023-03-15T22:56:36.488+0000] {logging_mixin.py:120} INFO - [2023-03-15T22:56:36.488+0000] {dag.py:3340} INFO - Setting next_dagrun for group_dag to 2023-03-14T00:00:00+00:00, run_after=2023-03-15T00:00:00+00:00
[2023-03-15T22:56:36.506+0000] {processor.py:176} INFO - Processing /opt/airflow/dags/group_dag.py took 0.120 seconds
