[2023-03-15T22:49:17.154+0000] {processor.py:154} INFO - Started process (PID=56) to work on /opt/airflow/dags/parallel_dag.py
[2023-03-15T22:49:17.156+0000] {processor.py:756} INFO - Processing file /opt/airflow/dags/parallel_dag.py for tasks to queue
[2023-03-15T22:49:17.157+0000] {logging_mixin.py:120} INFO - [2023-03-15T22:49:17.157+0000] {dagbag.py:537} INFO - Filling up the DagBag from /opt/airflow/dags/parallel_dag.py
[2023-03-15T22:49:17.197+0000] {processor.py:766} INFO - DAG(s) dict_keys(['parallel_dag']) retrieved from /opt/airflow/dags/parallel_dag.py
[2023-03-15T22:49:17.259+0000] {logging_mixin.py:120} INFO - [2023-03-15T22:49:17.259+0000] {dag.py:2585} INFO - Sync 1 DAGs
[2023-03-15T22:49:17.296+0000] {logging_mixin.py:120} INFO - [2023-03-15T22:49:17.296+0000] {dag.py:3340} INFO - Setting next_dagrun for parallel_dag to 2023-03-14T00:00:00+00:00, run_after=2023-03-15T00:00:00+00:00
[2023-03-15T22:49:17.328+0000] {processor.py:176} INFO - Processing /opt/airflow/dags/parallel_dag.py took 0.177 seconds
[2023-03-15T22:56:06.820+0000] {processor.py:154} INFO - Started process (PID=55) to work on /opt/airflow/dags/parallel_dag.py
[2023-03-15T22:56:06.821+0000] {processor.py:756} INFO - Processing file /opt/airflow/dags/parallel_dag.py for tasks to queue
[2023-03-15T22:56:06.822+0000] {logging_mixin.py:120} INFO - [2023-03-15T22:56:06.822+0000] {dagbag.py:537} INFO - Filling up the DagBag from /opt/airflow/dags/parallel_dag.py
[2023-03-15T22:56:06.851+0000] {processor.py:766} INFO - DAG(s) dict_keys(['parallel_dag']) retrieved from /opt/airflow/dags/parallel_dag.py
[2023-03-15T22:56:06.891+0000] {logging_mixin.py:120} INFO - [2023-03-15T22:56:06.891+0000] {dag.py:2585} INFO - Sync 1 DAGs
[2023-03-15T22:56:06.914+0000] {logging_mixin.py:120} INFO - [2023-03-15T22:56:06.914+0000] {dag.py:3340} INFO - Setting next_dagrun for parallel_dag to 2023-03-14T00:00:00+00:00, run_after=2023-03-15T00:00:00+00:00
[2023-03-15T22:56:06.932+0000] {processor.py:176} INFO - Processing /opt/airflow/dags/parallel_dag.py took 0.115 seconds
[2023-03-15T22:56:37.511+0000] {processor.py:154} INFO - Started process (PID=93) to work on /opt/airflow/dags/parallel_dag.py
[2023-03-15T22:56:37.512+0000] {processor.py:756} INFO - Processing file /opt/airflow/dags/parallel_dag.py for tasks to queue
[2023-03-15T22:56:37.513+0000] {logging_mixin.py:120} INFO - [2023-03-15T22:56:37.513+0000] {dagbag.py:537} INFO - Filling up the DagBag from /opt/airflow/dags/parallel_dag.py
[2023-03-15T22:56:37.539+0000] {processor.py:766} INFO - DAG(s) dict_keys(['parallel_dag']) retrieved from /opt/airflow/dags/parallel_dag.py
[2023-03-15T22:56:37.569+0000] {logging_mixin.py:120} INFO - [2023-03-15T22:56:37.569+0000] {dag.py:2585} INFO - Sync 1 DAGs
[2023-03-15T22:56:37.589+0000] {logging_mixin.py:120} INFO - [2023-03-15T22:56:37.589+0000] {dag.py:3340} INFO - Setting next_dagrun for parallel_dag to 2023-03-14T00:00:00+00:00, run_after=2023-03-15T00:00:00+00:00
[2023-03-15T22:56:37.609+0000] {processor.py:176} INFO - Processing /opt/airflow/dags/parallel_dag.py took 0.100 seconds
