[2023-03-15T22:49:16.803+0000] {processor.py:154} INFO - Started process (PID=53) to work on /opt/airflow/dags/producer.py
[2023-03-15T22:49:16.804+0000] {processor.py:756} INFO - Processing file /opt/airflow/dags/producer.py for tasks to queue
[2023-03-15T22:49:16.805+0000] {logging_mixin.py:120} INFO - [2023-03-15T22:49:16.805+0000] {dagbag.py:537} INFO - Filling up the DagBag from /opt/airflow/dags/producer.py
[2023-03-15T22:49:16.851+0000] {processor.py:766} INFO - DAG(s) dict_keys(['producer']) retrieved from /opt/airflow/dags/producer.py
[2023-03-15T22:49:16.893+0000] {logging_mixin.py:120} INFO - [2023-03-15T22:49:16.893+0000] {dag.py:2585} INFO - Sync 1 DAGs
[2023-03-15T22:49:16.927+0000] {logging_mixin.py:120} INFO - [2023-03-15T22:49:16.927+0000] {dag.py:3340} INFO - Setting next_dagrun for producer to 2023-03-14T00:00:00+00:00, run_after=2023-03-15T00:00:00+00:00
[2023-03-15T22:49:16.960+0000] {processor.py:176} INFO - Processing /opt/airflow/dags/producer.py took 0.160 seconds
[2023-03-15T22:56:06.499+0000] {processor.py:154} INFO - Started process (PID=53) to work on /opt/airflow/dags/producer.py
[2023-03-15T22:56:06.500+0000] {processor.py:756} INFO - Processing file /opt/airflow/dags/producer.py for tasks to queue
[2023-03-15T22:56:06.501+0000] {logging_mixin.py:120} INFO - [2023-03-15T22:56:06.501+0000] {dagbag.py:537} INFO - Filling up the DagBag from /opt/airflow/dags/producer.py
[2023-03-15T22:56:06.542+0000] {processor.py:766} INFO - DAG(s) dict_keys(['producer']) retrieved from /opt/airflow/dags/producer.py
[2023-03-15T22:56:06.586+0000] {logging_mixin.py:120} INFO - [2023-03-15T22:56:06.586+0000] {dag.py:2585} INFO - Sync 1 DAGs
[2023-03-15T22:56:06.611+0000] {logging_mixin.py:120} INFO - [2023-03-15T22:56:06.610+0000] {dag.py:3340} INFO - Setting next_dagrun for producer to 2023-03-14T00:00:00+00:00, run_after=2023-03-15T00:00:00+00:00
[2023-03-15T22:56:06.641+0000] {processor.py:176} INFO - Processing /opt/airflow/dags/producer.py took 0.144 seconds
[2023-03-15T22:56:36.894+0000] {processor.py:154} INFO - Started process (PID=89) to work on /opt/airflow/dags/producer.py
[2023-03-15T22:56:36.895+0000] {processor.py:756} INFO - Processing file /opt/airflow/dags/producer.py for tasks to queue
[2023-03-15T22:56:36.896+0000] {logging_mixin.py:120} INFO - [2023-03-15T22:56:36.896+0000] {dagbag.py:537} INFO - Filling up the DagBag from /opt/airflow/dags/producer.py
[2023-03-15T22:56:36.929+0000] {processor.py:766} INFO - DAG(s) dict_keys(['producer']) retrieved from /opt/airflow/dags/producer.py
[2023-03-15T22:56:36.957+0000] {logging_mixin.py:120} INFO - [2023-03-15T22:56:36.957+0000] {dag.py:2585} INFO - Sync 1 DAGs
[2023-03-15T22:56:36.978+0000] {logging_mixin.py:120} INFO - [2023-03-15T22:56:36.978+0000] {dag.py:3340} INFO - Setting next_dagrun for producer to 2023-03-14T00:00:00+00:00, run_after=2023-03-15T00:00:00+00:00
[2023-03-15T22:56:36.997+0000] {processor.py:176} INFO - Processing /opt/airflow/dags/producer.py took 0.106 seconds
