[2023-03-15T22:49:16.158+0000] {processor.py:154} INFO - Started process (PID=47) to work on /opt/airflow/dags/xcom_dag.py
[2023-03-15T22:49:16.160+0000] {processor.py:756} INFO - Processing file /opt/airflow/dags/xcom_dag.py for tasks to queue
[2023-03-15T22:49:16.161+0000] {logging_mixin.py:120} INFO - [2023-03-15T22:49:16.160+0000] {dagbag.py:537} INFO - Filling up the DagBag from /opt/airflow/dags/xcom_dag.py
[2023-03-15T22:49:16.224+0000] {processor.py:766} INFO - DAG(s) dict_keys(['xcom_dag']) retrieved from /opt/airflow/dags/xcom_dag.py
[2023-03-15T22:49:16.284+0000] {logging_mixin.py:120} INFO - [2023-03-15T22:49:16.283+0000] {dag.py:2585} INFO - Sync 1 DAGs
[2023-03-15T22:49:16.320+0000] {logging_mixin.py:120} INFO - [2023-03-15T22:49:16.320+0000] {dag.py:3340} INFO - Setting next_dagrun for xcom_dag to 2023-03-14T00:00:00+00:00, run_after=2023-03-15T00:00:00+00:00
[2023-03-15T22:49:16.352+0000] {processor.py:176} INFO - Processing /opt/airflow/dags/xcom_dag.py took 0.197 seconds
[2023-03-15T22:56:05.851+0000] {processor.py:154} INFO - Started process (PID=46) to work on /opt/airflow/dags/xcom_dag.py
[2023-03-15T22:56:05.852+0000] {processor.py:756} INFO - Processing file /opt/airflow/dags/xcom_dag.py for tasks to queue
[2023-03-15T22:56:05.853+0000] {logging_mixin.py:120} INFO - [2023-03-15T22:56:05.853+0000] {dagbag.py:537} INFO - Filling up the DagBag from /opt/airflow/dags/xcom_dag.py
[2023-03-15T22:56:05.899+0000] {processor.py:766} INFO - DAG(s) dict_keys(['xcom_dag']) retrieved from /opt/airflow/dags/xcom_dag.py
[2023-03-15T22:56:05.940+0000] {logging_mixin.py:120} INFO - [2023-03-15T22:56:05.940+0000] {dag.py:2585} INFO - Sync 1 DAGs
[2023-03-15T22:56:05.965+0000] {logging_mixin.py:120} INFO - [2023-03-15T22:56:05.964+0000] {dag.py:3340} INFO - Setting next_dagrun for xcom_dag to 2023-03-14T00:00:00+00:00, run_after=2023-03-15T00:00:00+00:00
[2023-03-15T22:56:05.987+0000] {processor.py:176} INFO - Processing /opt/airflow/dags/xcom_dag.py took 0.139 seconds
[2023-03-15T22:56:36.387+0000] {processor.py:154} INFO - Started process (PID=83) to work on /opt/airflow/dags/xcom_dag.py
[2023-03-15T22:56:36.388+0000] {processor.py:756} INFO - Processing file /opt/airflow/dags/xcom_dag.py for tasks to queue
[2023-03-15T22:56:36.389+0000] {logging_mixin.py:120} INFO - [2023-03-15T22:56:36.389+0000] {dagbag.py:537} INFO - Filling up the DagBag from /opt/airflow/dags/xcom_dag.py
[2023-03-15T22:56:36.422+0000] {processor.py:766} INFO - DAG(s) dict_keys(['xcom_dag']) retrieved from /opt/airflow/dags/xcom_dag.py
[2023-03-15T22:56:36.450+0000] {logging_mixin.py:120} INFO - [2023-03-15T22:56:36.450+0000] {dag.py:2585} INFO - Sync 1 DAGs
[2023-03-15T22:56:36.470+0000] {logging_mixin.py:120} INFO - [2023-03-15T22:56:36.470+0000] {dag.py:3340} INFO - Setting next_dagrun for xcom_dag to 2023-03-14T00:00:00+00:00, run_after=2023-03-15T00:00:00+00:00
[2023-03-15T22:56:36.485+0000] {processor.py:176} INFO - Processing /opt/airflow/dags/xcom_dag.py took 0.100 seconds
