[2023-03-14T23:37:54.202+0000] {processor.py:154} INFO - Started process (PID=54) to work on /opt/airflow/dags/consumer.py
[2023-03-14T23:37:54.204+0000] {processor.py:756} INFO - Processing file /opt/airflow/dags/consumer.py for tasks to queue
[2023-03-14T23:37:54.205+0000] {logging_mixin.py:120} INFO - [2023-03-14T23:37:54.205+0000] {dagbag.py:537} INFO - Filling up the DagBag from /opt/airflow/dags/consumer.py
[2023-03-14T23:37:54.241+0000] {processor.py:766} INFO - DAG(s) dict_keys(['consumer']) retrieved from /opt/airflow/dags/consumer.py
[2023-03-14T23:37:54.288+0000] {logging_mixin.py:120} INFO - [2023-03-14T23:37:54.288+0000] {dag.py:2585} INFO - Sync 1 DAGs
[2023-03-14T23:37:54.317+0000] {logging_mixin.py:120} INFO - [2023-03-14T23:37:54.317+0000] {dag.py:3340} INFO - Setting next_dagrun for consumer to None, run_after=None
[2023-03-14T23:37:54.347+0000] {processor.py:176} INFO - Processing /opt/airflow/dags/consumer.py took 0.149 seconds
[2023-03-14T23:38:24.451+0000] {processor.py:154} INFO - Started process (PID=90) to work on /opt/airflow/dags/consumer.py
[2023-03-14T23:38:24.452+0000] {processor.py:756} INFO - Processing file /opt/airflow/dags/consumer.py for tasks to queue
[2023-03-14T23:38:24.453+0000] {logging_mixin.py:120} INFO - [2023-03-14T23:38:24.453+0000] {dagbag.py:537} INFO - Filling up the DagBag from /opt/airflow/dags/consumer.py
[2023-03-14T23:38:24.486+0000] {processor.py:766} INFO - DAG(s) dict_keys(['consumer']) retrieved from /opt/airflow/dags/consumer.py
[2023-03-14T23:38:24.525+0000] {logging_mixin.py:120} INFO - [2023-03-14T23:38:24.524+0000] {dag.py:2585} INFO - Sync 1 DAGs
[2023-03-14T23:38:24.547+0000] {logging_mixin.py:120} INFO - [2023-03-14T23:38:24.547+0000] {dag.py:3340} INFO - Setting next_dagrun for consumer to None, run_after=None
[2023-03-14T23:38:24.568+0000] {processor.py:176} INFO - Processing /opt/airflow/dags/consumer.py took 0.120 seconds
[2023-03-14T23:38:55.894+0000] {processor.py:154} INFO - Started process (PID=131) to work on /opt/airflow/dags/consumer.py
[2023-03-14T23:38:55.895+0000] {processor.py:756} INFO - Processing file /opt/airflow/dags/consumer.py for tasks to queue
[2023-03-14T23:38:55.896+0000] {logging_mixin.py:120} INFO - [2023-03-14T23:38:55.896+0000] {dagbag.py:537} INFO - Filling up the DagBag from /opt/airflow/dags/consumer.py
[2023-03-14T23:38:55.927+0000] {processor.py:766} INFO - DAG(s) dict_keys(['consumer']) retrieved from /opt/airflow/dags/consumer.py
[2023-03-14T23:38:55.968+0000] {logging_mixin.py:120} INFO - [2023-03-14T23:38:55.967+0000] {dag.py:2585} INFO - Sync 1 DAGs
[2023-03-14T23:38:55.994+0000] {logging_mixin.py:120} INFO - [2023-03-14T23:38:55.994+0000] {dag.py:3340} INFO - Setting next_dagrun for consumer to None, run_after=None
[2023-03-14T23:38:56.019+0000] {processor.py:176} INFO - Processing /opt/airflow/dags/consumer.py took 0.128 seconds
