[2023-03-14T23:37:53.740+0000] {processor.py:154} INFO - Started process (PID=51) to work on /opt/airflow/dags/user_processing.py
[2023-03-14T23:37:53.741+0000] {processor.py:756} INFO - Processing file /opt/airflow/dags/user_processing.py for tasks to queue
[2023-03-14T23:37:53.742+0000] {logging_mixin.py:120} INFO - [2023-03-14T23:37:53.742+0000] {dagbag.py:537} INFO - Filling up the DagBag from /opt/airflow/dags/user_processing.py
[2023-03-14T23:37:54.129+0000] {processor.py:766} INFO - DAG(s) dict_keys(['user_processing']) retrieved from /opt/airflow/dags/user_processing.py
[2023-03-14T23:37:54.386+0000] {logging_mixin.py:120} INFO - [2023-03-14T23:37:54.386+0000] {dag.py:2585} INFO - Sync 1 DAGs
[2023-03-14T23:37:54.417+0000] {logging_mixin.py:120} INFO - [2023-03-14T23:37:54.417+0000] {dag.py:3340} INFO - Setting next_dagrun for user_processing to 2023-03-13T00:00:00+00:00, run_after=2023-03-14T00:00:00+00:00
[2023-03-14T23:37:54.440+0000] {processor.py:176} INFO - Processing /opt/airflow/dags/user_processing.py took 0.703 seconds
[2023-03-14T23:38:24.595+0000] {processor.py:154} INFO - Started process (PID=91) to work on /opt/airflow/dags/user_processing.py
[2023-03-14T23:38:24.596+0000] {processor.py:756} INFO - Processing file /opt/airflow/dags/user_processing.py for tasks to queue
[2023-03-14T23:38:24.597+0000] {logging_mixin.py:120} INFO - [2023-03-14T23:38:24.597+0000] {dagbag.py:537} INFO - Filling up the DagBag from /opt/airflow/dags/user_processing.py
[2023-03-14T23:38:24.873+0000] {processor.py:766} INFO - DAG(s) dict_keys(['user_processing']) retrieved from /opt/airflow/dags/user_processing.py
[2023-03-14T23:38:25.093+0000] {logging_mixin.py:120} INFO - [2023-03-14T23:38:25.093+0000] {dag.py:2585} INFO - Sync 1 DAGs
[2023-03-14T23:38:25.121+0000] {logging_mixin.py:120} INFO - [2023-03-14T23:38:25.121+0000] {dag.py:3340} INFO - Setting next_dagrun for user_processing to 2023-03-13T00:00:00+00:00, run_after=2023-03-14T00:00:00+00:00
[2023-03-14T23:38:25.142+0000] {processor.py:176} INFO - Processing /opt/airflow/dags/user_processing.py took 0.550 seconds
[2023-03-14T23:38:55.389+0000] {processor.py:154} INFO - Started process (PID=127) to work on /opt/airflow/dags/user_processing.py
[2023-03-14T23:38:55.390+0000] {processor.py:756} INFO - Processing file /opt/airflow/dags/user_processing.py for tasks to queue
[2023-03-14T23:38:55.392+0000] {logging_mixin.py:120} INFO - [2023-03-14T23:38:55.391+0000] {dagbag.py:537} INFO - Filling up the DagBag from /opt/airflow/dags/user_processing.py
[2023-03-14T23:38:55.671+0000] {processor.py:766} INFO - DAG(s) dict_keys(['user_processing']) retrieved from /opt/airflow/dags/user_processing.py
[2023-03-14T23:38:55.891+0000] {logging_mixin.py:120} INFO - [2023-03-14T23:38:55.890+0000] {dag.py:2585} INFO - Sync 1 DAGs
[2023-03-14T23:38:55.920+0000] {logging_mixin.py:120} INFO - [2023-03-14T23:38:55.920+0000] {dag.py:3340} INFO - Setting next_dagrun for user_processing to 2023-03-13T00:00:00+00:00, run_after=2023-03-14T00:00:00+00:00
[2023-03-14T23:38:55.940+0000] {processor.py:176} INFO - Processing /opt/airflow/dags/user_processing.py took 0.552 seconds
