[2023-03-11T01:16:08.545+0000] {taskinstance.py:1165} INFO - Dependencies all met for <TaskInstance: user_processing.extract_user manual__2023-03-11T01:16:05.102558+00:00 [queued]>
[2023-03-11T01:16:08.555+0000] {taskinstance.py:1165} INFO - Dependencies all met for <TaskInstance: user_processing.extract_user manual__2023-03-11T01:16:05.102558+00:00 [queued]>
[2023-03-11T01:16:08.556+0000] {taskinstance.py:1362} INFO - 
--------------------------------------------------------------------------------
[2023-03-11T01:16:08.557+0000] {taskinstance.py:1363} INFO - Starting attempt 1 of 1
[2023-03-11T01:16:08.557+0000] {taskinstance.py:1364} INFO - 
--------------------------------------------------------------------------------
[2023-03-11T01:16:08.569+0000] {taskinstance.py:1383} INFO - Executing <Task(SimpleHttpOperator): extract_user> on 2023-03-11 01:16:05.102558+00:00
[2023-03-11T01:16:08.577+0000] {standard_task_runner.py:55} INFO - Started process 13394 to run task
[2023-03-11T01:16:08.580+0000] {standard_task_runner.py:82} INFO - Running: ['***', 'tasks', 'run', 'user_processing', 'extract_user', 'manual__2023-03-11T01:16:05.102558+00:00', '--job-id', '28', '--raw', '--subdir', 'DAGS_FOLDER/user_processing.py', '--cfg-path', '/tmp/tmpm_1djz2a']
[2023-03-11T01:16:08.582+0000] {standard_task_runner.py:83} INFO - Job 28: Subtask extract_user
[2023-03-11T01:16:08.638+0000] {task_command.py:376} INFO - Running <TaskInstance: user_processing.extract_user manual__2023-03-11T01:16:05.102558+00:00 [running]> on host bdc591f9d370
[2023-03-11T01:16:08.693+0000] {taskinstance.py:1592} INFO - Exporting the following env vars:
AIRFLOW_CTX_DAG_OWNER=***
AIRFLOW_CTX_DAG_ID=user_processing
AIRFLOW_CTX_TASK_ID=extract_user
AIRFLOW_CTX_EXECUTION_DATE=2023-03-11T01:16:05.102558+00:00
AIRFLOW_CTX_TRY_NUMBER=1
AIRFLOW_CTX_DAG_RUN_ID=manual__2023-03-11T01:16:05.102558+00:00
[2023-03-11T01:16:08.694+0000] {http.py:121} INFO - Calling HTTP method
[2023-03-11T01:16:08.702+0000] {base.py:71} INFO - Using connection ID 'user_api' for task execution.
[2023-03-11T01:16:08.703+0000] {http.py:148} INFO - Sending 'GET' to url: https://randomuser.me/api/
[2023-03-11T01:16:09.481+0000] {http.py:125} INFO - {"results":[{"gender":"female","name":{"title":"Ms","first":"Kristin","last":"King"},"location":{"street":{"number":6863,"name":"Church Road"},"city":"St Albans","state":"Merseyside","country":"United Kingdom","postcode":"LA49 1FN","coordinates":{"latitude":"-6.5575","longitude":"129.2654"},"timezone":{"offset":"+5:30","description":"Bombay, Calcutta, Madras, New Delhi"}},"email":"kristin.king@example.com","login":{"uuid":"98bba2ca-c845-4335-8ef0-b5f636e2c516","username":"angrypanda400","password":"walton","salt":"HqvnowG3","md5":"31ccb32baf10f65c3770f3b8d34de374","sha1":"1aa53ffdbc84300de4955790ce8e3957606439de","sha256":"028b7b5e4f8ea0d199b746c95782a04a2e0be63e8bb53203e1c28b3ea583d6c0"},"dob":{"date":"1999-06-04T15:56:20.966Z","age":23},"registered":{"date":"2011-01-13T12:05:29.554Z","age":12},"phone":"017684 53112","cell":"07856 145767","id":{"name":"NINO","value":"OM 83 49 99 L"},"picture":{"large":"https://randomuser.me/api/portraits/women/21.jpg","medium":"https://randomuser.me/api/portraits/med/women/21.jpg","thumbnail":"https://randomuser.me/api/portraits/thumb/women/21.jpg"},"nat":"GB"}],"info":{"seed":"ba6b5379a7d8bb55","results":1,"page":1,"version":"1.4"}}
[2023-03-11T01:16:09.503+0000] {taskinstance.py:1406} INFO - Marking task as SUCCESS. dag_id=user_processing, task_id=extract_user, execution_date=20230311T011605, start_date=20230311T011608, end_date=20230311T011609
[2023-03-11T01:16:09.558+0000] {local_task_job.py:164} INFO - Task exited with return code 0
[2023-03-11T01:16:09.582+0000] {local_task_job.py:273} INFO - 1 downstream tasks scheduled from follow-on schedule check
