[2023-03-11T14:00:06.932+0000] {taskinstance.py:1165} INFO - Dependencies all met for <TaskInstance: xcom_dag.t2 manual__2023-03-11T13:58:24.233518+00:00 [queued]>
[2023-03-11T14:00:06.942+0000] {taskinstance.py:1165} INFO - Dependencies all met for <TaskInstance: xcom_dag.t2 manual__2023-03-11T13:58:24.233518+00:00 [queued]>
[2023-03-11T14:00:06.943+0000] {taskinstance.py:1362} INFO - 
--------------------------------------------------------------------------------
[2023-03-11T14:00:06.943+0000] {taskinstance.py:1363} INFO - Starting attempt 3 of 3
[2023-03-11T14:00:06.944+0000] {taskinstance.py:1364} INFO - 
--------------------------------------------------------------------------------
[2023-03-11T14:00:06.958+0000] {taskinstance.py:1383} INFO - Executing <Task(PythonOperator): t2> on 2023-03-11 13:58:24.233518+00:00
[2023-03-11T14:00:06.963+0000] {standard_task_runner.py:55} INFO - Started process 7638 to run task
[2023-03-11T14:00:06.967+0000] {standard_task_runner.py:82} INFO - Running: ['***', 'tasks', 'run', 'xcom_dag', 't2', 'manual__2023-03-11T13:58:24.233518+00:00', '--job-id', '98', '--raw', '--subdir', 'DAGS_FOLDER/xcom_dag.py', '--cfg-path', '/tmp/tmpi_m6k_o_']
[2023-03-11T14:00:06.968+0000] {standard_task_runner.py:83} INFO - Job 98: Subtask t2
[2023-03-11T14:00:07.024+0000] {task_command.py:376} INFO - Running <TaskInstance: xcom_dag.t2 manual__2023-03-11T13:58:24.233518+00:00 [running]> on host 4778231f673d
[2023-03-11T14:00:07.080+0000] {taskinstance.py:1592} INFO - Exporting the following env vars:
AIRFLOW_CTX_DAG_OWNER=***
AIRFLOW_CTX_DAG_ID=xcom_dag
AIRFLOW_CTX_TASK_ID=t2
AIRFLOW_CTX_EXECUTION_DATE=2023-03-11T13:58:24.233518+00:00
AIRFLOW_CTX_TRY_NUMBER=3
AIRFLOW_CTX_DAG_RUN_ID=manual__2023-03-11T13:58:24.233518+00:00
[2023-03-11T14:00:07.091+0000] {python.py:177} INFO - Done. Returned value was: None
[2023-03-11T14:00:07.100+0000] {taskinstance.py:1406} INFO - Marking task as SUCCESS. dag_id=xcom_dag, task_id=t2, execution_date=20230311T135824, start_date=20230311T140006, end_date=20230311T140007
[2023-03-11T14:00:07.140+0000] {local_task_job.py:164} INFO - Task exited with return code 0
[2023-03-11T14:00:07.160+0000] {local_task_job.py:273} INFO - 1 downstream tasks scheduled from follow-on schedule check
