[2023-03-11T13:32:44.783+0000] {taskinstance.py:1165} INFO - Dependencies all met for <TaskInstance: xcom_dag.t2 manual__2023-03-11T13:32:42.056702+00:00 [queued]>
[2023-03-11T13:32:44.793+0000] {taskinstance.py:1165} INFO - Dependencies all met for <TaskInstance: xcom_dag.t2 manual__2023-03-11T13:32:42.056702+00:00 [queued]>
[2023-03-11T13:32:44.793+0000] {taskinstance.py:1362} INFO - 
--------------------------------------------------------------------------------
[2023-03-11T13:32:44.794+0000] {taskinstance.py:1363} INFO - Starting attempt 1 of 1
[2023-03-11T13:32:44.795+0000] {taskinstance.py:1364} INFO - 
--------------------------------------------------------------------------------
[2023-03-11T13:32:44.807+0000] {taskinstance.py:1383} INFO - Executing <Task(PythonOperator): t2> on 2023-03-11 13:32:42.056702+00:00
[2023-03-11T13:32:44.812+0000] {standard_task_runner.py:55} INFO - Started process 6544 to run task
[2023-03-11T13:32:44.815+0000] {standard_task_runner.py:82} INFO - Running: ['***', 'tasks', 'run', 'xcom_dag', 't2', 'manual__2023-03-11T13:32:42.056702+00:00', '--job-id', '85', '--raw', '--subdir', 'DAGS_FOLDER/xcom_dag.py', '--cfg-path', '/tmp/tmpqd2_3mei']
[2023-03-11T13:32:44.816+0000] {standard_task_runner.py:83} INFO - Job 85: Subtask t2
[2023-03-11T13:32:44.865+0000] {task_command.py:376} INFO - Running <TaskInstance: xcom_dag.t2 manual__2023-03-11T13:32:42.056702+00:00 [running]> on host 4778231f673d
[2023-03-11T13:32:44.919+0000] {taskinstance.py:1592} INFO - Exporting the following env vars:
AIRFLOW_CTX_DAG_OWNER=***
AIRFLOW_CTX_DAG_ID=xcom_dag
AIRFLOW_CTX_TASK_ID=t2
AIRFLOW_CTX_EXECUTION_DATE=2023-03-11T13:32:42.056702+00:00
AIRFLOW_CTX_TRY_NUMBER=1
AIRFLOW_CTX_DAG_RUN_ID=manual__2023-03-11T13:32:42.056702+00:00
[2023-03-11T13:32:44.919+0000] {python.py:177} INFO - Done. Returned value was: None
[2023-03-11T13:32:44.928+0000] {taskinstance.py:1406} INFO - Marking task as SUCCESS. dag_id=xcom_dag, task_id=t2, execution_date=20230311T133242, start_date=20230311T133244, end_date=20230311T133244
[2023-03-11T13:32:44.946+0000] {local_task_job.py:164} INFO - Task exited with return code 0
[2023-03-11T13:32:44.965+0000] {local_task_job.py:273} INFO - 1 downstream tasks scheduled from follow-on schedule check
