[2023-03-11T05:02:58.456+0000] {taskinstance.py:1165} INFO - Dependencies all met for <TaskInstance: parallel_dag.extract_a manual__2023-03-11T05:02:57.806656+00:00 [queued]>
[2023-03-11T05:02:58.465+0000] {taskinstance.py:1165} INFO - Dependencies all met for <TaskInstance: parallel_dag.extract_a manual__2023-03-11T05:02:57.806656+00:00 [queued]>
[2023-03-11T05:02:58.465+0000] {taskinstance.py:1362} INFO - 
--------------------------------------------------------------------------------
[2023-03-11T05:02:58.466+0000] {taskinstance.py:1363} INFO - Starting attempt 1 of 1
[2023-03-11T05:02:58.466+0000] {taskinstance.py:1364} INFO - 
--------------------------------------------------------------------------------
[2023-03-11T05:02:58.484+0000] {taskinstance.py:1383} INFO - Executing <Task(BashOperator): extract_a> on 2023-03-11 05:02:57.806656+00:00
[2023-03-11T05:02:58.489+0000] {standard_task_runner.py:55} INFO - Started process 257 to run task
[2023-03-11T05:02:58.493+0000] {standard_task_runner.py:82} INFO - Running: ['***', 'tasks', 'run', 'parallel_dag', 'extract_a', 'manual__2023-03-11T05:02:57.806656+00:00', '--job-id', '63', '--raw', '--subdir', 'DAGS_FOLDER/parallel_dag.py', '--cfg-path', '/tmp/tmpkxy6p7s9']
[2023-03-11T05:02:58.493+0000] {standard_task_runner.py:83} INFO - Job 63: Subtask extract_a
[2023-03-11T05:02:58.550+0000] {task_command.py:376} INFO - Running <TaskInstance: parallel_dag.extract_a manual__2023-03-11T05:02:57.806656+00:00 [running]> on host 4778231f673d
[2023-03-11T05:02:58.614+0000] {taskinstance.py:1592} INFO - Exporting the following env vars:
AIRFLOW_CTX_DAG_OWNER=***
AIRFLOW_CTX_DAG_ID=parallel_dag
AIRFLOW_CTX_TASK_ID=extract_a
AIRFLOW_CTX_EXECUTION_DATE=2023-03-11T05:02:57.806656+00:00
AIRFLOW_CTX_TRY_NUMBER=1
AIRFLOW_CTX_DAG_RUN_ID=manual__2023-03-11T05:02:57.806656+00:00
[2023-03-11T05:02:58.615+0000] {subprocess.py:63} INFO - Tmp dir root location: 
 /tmp
[2023-03-11T05:02:58.616+0000] {subprocess.py:75} INFO - Running command: ['/bin/bash', '-c', 'sleep 10']
[2023-03-11T05:02:58.626+0000] {subprocess.py:86} INFO - Output:
[2023-03-11T05:03:08.628+0000] {subprocess.py:97} INFO - Command exited with return code 0
[2023-03-11T05:03:08.649+0000] {taskinstance.py:1406} INFO - Marking task as SUCCESS. dag_id=parallel_dag, task_id=extract_a, execution_date=20230311T050257, start_date=20230311T050258, end_date=20230311T050308
[2023-03-11T05:03:08.685+0000] {local_task_job.py:164} INFO - Task exited with return code 0
[2023-03-11T05:03:08.722+0000] {local_task_job.py:273} INFO - 1 downstream tasks scheduled from follow-on schedule check
